<?xml version="1.0" encoding="utf-8"?>
<coverage line-rate="0.504" branch-rate="0.4189" version="1.9" timestamp="1767796266" lines-covered="123" lines-valid="244" branches-covered="31" branches-valid="74">
  <sources>
    <source>D:\Proyectos\Encina\src\Encina.MQTT\</source>
  </sources>
  <packages>
    <package name="Encina.MQTT" line-rate="0.504" branch-rate="0.4189" complexity="94">
      <classes>
        <class name="Encina.MQTT.EncinaMQTTOptions" filename="EncinaMQTTOptions.cs" line-rate="1" branch-rate="1" complexity="11">
          <methods>
            <method name="get_Host" signature="()" line-rate="1" branch-rate="1" complexity="1">
              <lines>
                <line number="13" hits="68" branch="False" />
              </lines>
            </method>
            <method name="get_Port" signature="()" line-rate="1" branch-rate="1" complexity="1">
              <lines>
                <line number="18" hits="68" branch="False" />
              </lines>
            </method>
            <method name="get_ClientId" signature="()" line-rate="1" branch-rate="1" complexity="1">
              <lines>
                <line number="23" hits="68" branch="False" />
              </lines>
            </method>
            <method name="get_TopicPrefix" signature="()" line-rate="1" branch-rate="1" complexity="1">
              <lines>
                <line number="28" hits="119" branch="False" />
              </lines>
            </method>
            <method name="get_Username" signature="()" line-rate="1" branch-rate="1" complexity="1">
              <lines>
                <line number="33" hits="10" branch="False" />
              </lines>
            </method>
            <method name="get_Password" signature="()" line-rate="1" branch-rate="1" complexity="1">
              <lines>
                <line number="38" hits="10" branch="False" />
              </lines>
            </method>
            <method name="get_QualityOfService" signature="()" line-rate="1" branch-rate="1" complexity="1">
              <lines>
                <line number="43" hits="125" branch="False" />
              </lines>
            </method>
            <method name="get_UseTls" signature="()" line-rate="1" branch-rate="1" complexity="1">
              <lines>
                <line number="48" hits="10" branch="False" />
              </lines>
            </method>
            <method name="get_CleanSession" signature="()" line-rate="1" branch-rate="1" complexity="1">
              <lines>
                <line number="53" hits="68" branch="False" />
              </lines>
            </method>
            <method name="get_KeepAliveSeconds" signature="()" line-rate="1" branch-rate="1" complexity="1">
              <lines>
                <line number="58" hits="68" branch="False" />
              </lines>
            </method>
            <method name="get_ProviderHealthCheck" signature="()" line-rate="1" branch-rate="1" complexity="1">
              <lines>
                <line number="63" hits="86" branch="False" />
              </lines>
            </method>
          </methods>
          <lines>
            <line number="13" hits="68" branch="False" />
            <line number="18" hits="68" branch="False" />
            <line number="23" hits="68" branch="False" />
            <line number="28" hits="119" branch="False" />
            <line number="33" hits="10" branch="False" />
            <line number="38" hits="10" branch="False" />
            <line number="43" hits="125" branch="False" />
            <line number="48" hits="10" branch="False" />
            <line number="53" hits="68" branch="False" />
            <line number="58" hits="68" branch="False" />
            <line number="63" hits="86" branch="False" />
          </lines>
        </class>
        <class name="Encina.MQTT.Log" filename="obj\Release\net10.0\Microsoft.Extensions.Logging.Generators\Microsoft.Extensions.Logging.Generators.LoggerMessageGenerator\LoggerMessage.g.cs" line-rate="0.7" branch-rate="0.5" complexity="13">
          <methods>
            <method name="PublishingMessage" signature="(Microsoft.Extensions.Logging.ILogger,System.String,System.String,Encina.MQTT.MqttQualityOfService)" line-rate="1" branch-rate="1" complexity="2">
              <lines>
                <line number="15" hits="25" branch="True" condition-coverage="100% (2/2)">
                  <conditions>
                    <condition number="7" type="jump" coverage="100%" />
                  </conditions>
                </line>
                <line number="17" hits="10" branch="False" />
                <line number="19" hits="25" branch="False" />
              </lines>
            </method>
            <method name="SuccessfullyPublishedMessage" signature="(Microsoft.Extensions.Logging.ILogger,System.String)" line-rate="1" branch-rate="1" complexity="2">
              <lines>
                <line number="27" hits="21" branch="True" condition-coverage="100% (2/2)">
                  <conditions>
                    <condition number="7" type="jump" coverage="100%" />
                  </conditions>
                </line>
                <line number="29" hits="6" branch="False" />
                <line number="31" hits="21" branch="False" />
              </lines>
            </method>
            <method name="FailedToPublishMessage" signature="(Microsoft.Extensions.Logging.ILogger,System.Exception,System.String,System.String)" line-rate="1" branch-rate="1" complexity="2">
              <lines>
                <line number="39" hits="4" branch="True" condition-coverage="100% (2/2)">
                  <conditions>
                    <condition number="7" type="jump" coverage="100%" />
                  </conditions>
                </line>
                <line number="41" hits="4" branch="False" />
                <line number="43" hits="4" branch="False" />
              </lines>
            </method>
            <method name="SubscribingToTopic" signature="(Microsoft.Extensions.Logging.ILogger,System.String,System.String)" line-rate="0" branch-rate="0" complexity="2">
              <lines>
                <line number="51" hits="0" branch="True" condition-coverage="0% (0/2)">
                  <conditions>
                    <condition number="7" type="jump" coverage="0%" />
                  </conditions>
                </line>
                <line number="53" hits="0" branch="False" />
                <line number="55" hits="0" branch="False" />
              </lines>
            </method>
            <method name="SubscribingToPattern" signature="(Microsoft.Extensions.Logging.ILogger,System.String,System.String)" line-rate="0" branch-rate="0" complexity="2">
              <lines>
                <line number="63" hits="0" branch="True" condition-coverage="0% (0/2)">
                  <conditions>
                    <condition number="7" type="jump" coverage="0%" />
                  </conditions>
                </line>
                <line number="65" hits="0" branch="False" />
                <line number="67" hits="0" branch="False" />
              </lines>
            </method>
            <method name="ErrorProcessingMessage" signature="(Microsoft.Extensions.Logging.ILogger,System.Exception,System.String)" line-rate="0" branch-rate="0" complexity="2">
              <lines>
                <line number="75" hits="0" branch="True" condition-coverage="0% (0/2)">
                  <conditions>
                    <condition number="7" type="jump" coverage="0%" />
                  </conditions>
                </line>
                <line number="77" hits="0" branch="False" />
                <line number="79" hits="0" branch="False" />
              </lines>
            </method>
            <method name=".cctor" signature="()" line-rate="1" branch-rate="1" complexity="1">
              <lines>
                <line number="9" hits="1" branch="False" />
                <line number="10" hits="1" branch="False" />
                <line number="21" hits="1" branch="False" />
                <line number="22" hits="1" branch="False" />
                <line number="33" hits="1" branch="False" />
                <line number="34" hits="1" branch="False" />
                <line number="45" hits="1" branch="False" />
                <line number="46" hits="1" branch="False" />
                <line number="57" hits="1" branch="False" />
                <line number="58" hits="1" branch="False" />
                <line number="69" hits="1" branch="False" />
                <line number="70" hits="1" branch="False" />
              </lines>
            </method>
          </methods>
          <lines>
            <line number="15" hits="25" branch="True" condition-coverage="100% (2/2)">
              <conditions>
                <condition number="7" type="jump" coverage="100%" />
              </conditions>
            </line>
            <line number="17" hits="10" branch="False" />
            <line number="19" hits="25" branch="False" />
            <line number="27" hits="21" branch="True" condition-coverage="100% (2/2)">
              <conditions>
                <condition number="7" type="jump" coverage="100%" />
              </conditions>
            </line>
            <line number="29" hits="6" branch="False" />
            <line number="31" hits="21" branch="False" />
            <line number="39" hits="4" branch="True" condition-coverage="100% (2/2)">
              <conditions>
                <condition number="7" type="jump" coverage="100%" />
              </conditions>
            </line>
            <line number="41" hits="4" branch="False" />
            <line number="43" hits="4" branch="False" />
            <line number="51" hits="0" branch="True" condition-coverage="0% (0/2)">
              <conditions>
                <condition number="7" type="jump" coverage="0%" />
              </conditions>
            </line>
            <line number="53" hits="0" branch="False" />
            <line number="55" hits="0" branch="False" />
            <line number="63" hits="0" branch="True" condition-coverage="0% (0/2)">
              <conditions>
                <condition number="7" type="jump" coverage="0%" />
              </conditions>
            </line>
            <line number="65" hits="0" branch="False" />
            <line number="67" hits="0" branch="False" />
            <line number="75" hits="0" branch="True" condition-coverage="0% (0/2)">
              <conditions>
                <condition number="7" type="jump" coverage="0%" />
              </conditions>
            </line>
            <line number="77" hits="0" branch="False" />
            <line number="79" hits="0" branch="False" />
            <line number="9" hits="1" branch="False" />
            <line number="10" hits="1" branch="False" />
            <line number="21" hits="1" branch="False" />
            <line number="22" hits="1" branch="False" />
            <line number="33" hits="1" branch="False" />
            <line number="34" hits="1" branch="False" />
            <line number="45" hits="1" branch="False" />
            <line number="46" hits="1" branch="False" />
            <line number="57" hits="1" branch="False" />
            <line number="58" hits="1" branch="False" />
            <line number="69" hits="1" branch="False" />
            <line number="70" hits="1" branch="False" />
          </lines>
        </class>
        <class name="Encina.MQTT.MQTTMessagePublisher" filename="MQTTMessagePublisher.cs" line-rate="1" branch-rate="1" complexity="2">
          <methods>
            <method name="get_IsConnected" signature="()" line-rate="1" branch-rate="1" complexity="1">
              <lines>
                <line number="41" hits="3" branch="False" />
              </lines>
            </method>
            <method name=".ctor" signature="(MQTTnet.IMqttClient,Microsoft.Extensions.Logging.ILogger`1&lt;Encina.MQTT.MQTTMessagePublisher&gt;,Microsoft.Extensions.Options.IOptions`1&lt;Encina.MQTT.EncinaMQTTOptions&gt;)" line-rate="1" branch-rate="1" complexity="1">
              <lines>
                <line number="26" hits="29" branch="False" />
                <line number="27" hits="29" branch="False" />
                <line number="28" hits="29" branch="False" />
                <line number="29" hits="29" branch="False" />
                <line number="31" hits="29" branch="False" />
                <line number="32" hits="28" branch="False" />
                <line number="33" hits="27" branch="False" />
                <line number="35" hits="26" branch="False" />
                <line number="36" hits="26" branch="False" />
                <line number="37" hits="26" branch="False" />
                <line number="38" hits="26" branch="False" />
              </lines>
            </method>
          </methods>
          <lines>
            <line number="41" hits="3" branch="False" />
            <line number="26" hits="29" branch="False" />
            <line number="27" hits="29" branch="False" />
            <line number="28" hits="29" branch="False" />
            <line number="29" hits="29" branch="False" />
            <line number="31" hits="29" branch="False" />
            <line number="32" hits="28" branch="False" />
            <line number="33" hits="27" branch="False" />
            <line number="35" hits="26" branch="False" />
            <line number="36" hits="26" branch="False" />
            <line number="37" hits="26" branch="False" />
            <line number="38" hits="26" branch="False" />
          </lines>
        </class>
        <class name="Encina.MQTT.MQTTMessagePublisher/&lt;&gt;c__DisplayClass7_0`1" filename="MQTTMessagePublisher.cs" line-rate="0" branch-rate="1" complexity="1">
          <methods>
            <method name="&lt;SubscribeAsync&gt;b__0" signature="(MQTTnet.MqttTopicFilterBuilder)" line-rate="0" branch-rate="1" complexity="1">
              <lines>
                <line number="120" hits="0" branch="False" />
              </lines>
            </method>
          </methods>
          <lines>
            <line number="120" hits="0" branch="False" />
          </lines>
        </class>
        <class name="Encina.MQTT.MQTTMessagePublisher/&lt;&gt;c__DisplayClass8_0`1" filename="MQTTMessagePublisher.cs" line-rate="0" branch-rate="1" complexity="1">
          <methods>
            <method name="&lt;SubscribePatternAsync&gt;b__0" signature="(MQTTnet.MqttTopicFilterBuilder)" line-rate="0" branch-rate="1" complexity="1">
              <lines>
                <line number="154" hits="0" branch="False" />
              </lines>
            </method>
          </methods>
          <lines>
            <line number="154" hits="0" branch="False" />
          </lines>
        </class>
        <class name="Encina.MQTT.MQTTMessagePublisher/&lt;DisposeAsync&gt;d__9" filename="MQTTMessagePublisher.cs" line-rate="1" branch-rate="1" complexity="2">
          <methods>
            <method name="MoveNext" signature="()" line-rate="1" branch-rate="1" complexity="2">
              <lines>
                <line number="167" hits="2" branch="True" condition-coverage="100% (2/2)">
                  <conditions>
                    <condition number="28" type="jump" coverage="100%" />
                  </conditions>
                </line>
                <line number="169" hits="1" branch="False" />
                <line number="172" hits="2" branch="False" />
                <line number="173" hits="2" branch="False" />
              </lines>
            </method>
          </methods>
          <lines>
            <line number="167" hits="2" branch="True" condition-coverage="100% (2/2)">
              <conditions>
                <condition number="28" type="jump" coverage="100%" />
              </conditions>
            </line>
            <line number="169" hits="1" branch="False" />
            <line number="172" hits="2" branch="False" />
            <line number="173" hits="2" branch="False" />
          </lines>
        </class>
        <class name="Encina.MQTT.MQTTMessagePublisher/&lt;PublishAsync&gt;d__6`1" filename="MQTTMessagePublisher.cs" line-rate="0.9655" branch-rate="0.875" complexity="8">
          <methods>
            <method name="MoveNext" signature="()" line-rate="0.9655" branch-rate="0.875" complexity="8">
              <lines>
                <line number="52" hits="26" branch="False" />
                <line number="54" hits="25" branch="True" condition-coverage="100% (2/2)">
                  <conditions>
                    <condition number="46" type="jump" coverage="100%" />
                  </conditions>
                </line>
                <line number="55" hits="25" branch="True" condition-coverage="100% (2/2)">
                  <conditions>
                    <condition number="105" type="jump" coverage="100%" />
                  </conditions>
                </line>
                <line number="59" hits="25" branch="False" />
                <line number="61" hits="25" branch="False" />
                <line number="63" hits="25" branch="True" condition-coverage="75% (3/4)">
                  <conditions>
                    <condition number="183" type="switch" coverage="75%" />
                  </conditions>
                </line>
                <line number="64" hits="25" branch="False" />
                <line number="65" hits="2" branch="False" />
                <line number="66" hits="21" branch="False" />
                <line number="67" hits="2" branch="False" />
                <line number="68" hits="0" branch="False" />
                <line number="69" hits="25" branch="False" />
                <line number="71" hits="25" branch="False" />
                <line number="72" hits="25" branch="False" />
                <line number="73" hits="25" branch="False" />
                <line number="74" hits="25" branch="False" />
                <line number="75" hits="25" branch="False" />
                <line number="76" hits="25" branch="False" />
                <line number="78" hits="25" branch="False" />
                <line number="80" hits="21" branch="False" />
                <line number="82" hits="21" branch="False" />
                <line number="84" hits="4" branch="False" />
                <line number="86" hits="4" branch="False" />
                <line number="88" hits="4" branch="False" />
                <line number="89" hits="4" branch="False" />
                <line number="90" hits="4" branch="False" />
                <line number="91" hits="4" branch="False" />
                <line number="92" hits="4" branch="False" />
                <line number="94" hits="25" branch="False" />
              </lines>
            </method>
          </methods>
          <lines>
            <line number="52" hits="26" branch="False" />
            <line number="54" hits="25" branch="True" condition-coverage="100% (2/2)">
              <conditions>
                <condition number="46" type="jump" coverage="100%" />
              </conditions>
            </line>
            <line number="55" hits="25" branch="True" condition-coverage="100% (2/2)">
              <conditions>
                <condition number="105" type="jump" coverage="100%" />
              </conditions>
            </line>
            <line number="59" hits="25" branch="False" />
            <line number="61" hits="25" branch="False" />
            <line number="63" hits="25" branch="True" condition-coverage="75% (3/4)">
              <conditions>
                <condition number="183" type="switch" coverage="75%" />
              </conditions>
            </line>
            <line number="64" hits="25" branch="False" />
            <line number="65" hits="2" branch="False" />
            <line number="66" hits="21" branch="False" />
            <line number="67" hits="2" branch="False" />
            <line number="68" hits="0" branch="False" />
            <line number="69" hits="25" branch="False" />
            <line number="71" hits="25" branch="False" />
            <line number="72" hits="25" branch="False" />
            <line number="73" hits="25" branch="False" />
            <line number="74" hits="25" branch="False" />
            <line number="75" hits="25" branch="False" />
            <line number="76" hits="25" branch="False" />
            <line number="78" hits="25" branch="False" />
            <line number="80" hits="21" branch="False" />
            <line number="82" hits="21" branch="False" />
            <line number="84" hits="4" branch="False" />
            <line number="86" hits="4" branch="False" />
            <line number="88" hits="4" branch="False" />
            <line number="89" hits="4" branch="False" />
            <line number="90" hits="4" branch="False" />
            <line number="91" hits="4" branch="False" />
            <line number="92" hits="4" branch="False" />
            <line number="94" hits="25" branch="False" />
          </lines>
        </class>
        <class name="Encina.MQTT.MQTTMessagePublisher/&lt;SubscribeAsync&gt;d__7`1" filename="MQTTMessagePublisher.cs" line-rate="0.1176" branch-rate="0" complexity="6">
          <methods>
            <method name="MoveNext" signature="()" line-rate="0.1176" branch-rate="0" complexity="6">
              <lines>
                <line number="104" hits="2" branch="False" />
                <line number="105" hits="1" branch="False" />
                <line number="107" hits="0" branch="True" condition-coverage="0% (0/2)">
                  <conditions>
                    <condition number="100" type="jump" coverage="0%" />
                  </conditions>
                </line>
                <line number="109" hits="0" branch="True" condition-coverage="0% (0/4)">
                  <conditions>
                    <condition number="124" type="switch" coverage="0%" />
                  </conditions>
                </line>
                <line number="110" hits="0" branch="False" />
                <line number="111" hits="0" branch="False" />
                <line number="112" hits="0" branch="False" />
                <line number="113" hits="0" branch="False" />
                <line number="114" hits="0" branch="False" />
                <line number="115" hits="0" branch="False" />
                <line number="117" hits="0" branch="False" />
                <line number="119" hits="0" branch="False" />
                <line number="121" hits="0" branch="False" />
                <line number="123" hits="0" branch="False" />
                <line number="125" hits="0" branch="False" />
                <line number="127" hits="0" branch="False" />
                <line number="128" hits="0" branch="False" />
              </lines>
            </method>
          </methods>
          <lines>
            <line number="104" hits="2" branch="False" />
            <line number="105" hits="1" branch="False" />
            <line number="107" hits="0" branch="True" condition-coverage="0% (0/2)">
              <conditions>
                <condition number="100" type="jump" coverage="0%" />
              </conditions>
            </line>
            <line number="109" hits="0" branch="True" condition-coverage="0% (0/4)">
              <conditions>
                <condition number="124" type="switch" coverage="0%" />
              </conditions>
            </line>
            <line number="110" hits="0" branch="False" />
            <line number="111" hits="0" branch="False" />
            <line number="112" hits="0" branch="False" />
            <line number="113" hits="0" branch="False" />
            <line number="114" hits="0" branch="False" />
            <line number="115" hits="0" branch="False" />
            <line number="117" hits="0" branch="False" />
            <line number="119" hits="0" branch="False" />
            <line number="121" hits="0" branch="False" />
            <line number="123" hits="0" branch="False" />
            <line number="125" hits="0" branch="False" />
            <line number="127" hits="0" branch="False" />
            <line number="128" hits="0" branch="False" />
          </lines>
        </class>
        <class name="Encina.MQTT.MQTTMessagePublisher/&lt;SubscribePatternAsync&gt;d__8`1" filename="MQTTMessagePublisher.cs" line-rate="0.1176" branch-rate="0" complexity="6">
          <methods>
            <method name="MoveNext" signature="()" line-rate="0.1176" branch-rate="0" complexity="6">
              <lines>
                <line number="138" hits="2" branch="False" />
                <line number="139" hits="1" branch="False" />
                <line number="141" hits="0" branch="True" condition-coverage="0% (0/2)">
                  <conditions>
                    <condition number="100" type="jump" coverage="0%" />
                  </conditions>
                </line>
                <line number="143" hits="0" branch="True" condition-coverage="0% (0/4)">
                  <conditions>
                    <condition number="124" type="switch" coverage="0%" />
                  </conditions>
                </line>
                <line number="144" hits="0" branch="False" />
                <line number="145" hits="0" branch="False" />
                <line number="146" hits="0" branch="False" />
                <line number="147" hits="0" branch="False" />
                <line number="148" hits="0" branch="False" />
                <line number="149" hits="0" branch="False" />
                <line number="151" hits="0" branch="False" />
                <line number="153" hits="0" branch="False" />
                <line number="155" hits="0" branch="False" />
                <line number="157" hits="0" branch="False" />
                <line number="159" hits="0" branch="False" />
                <line number="161" hits="0" branch="False" />
                <line number="162" hits="0" branch="False" />
              </lines>
            </method>
          </methods>
          <lines>
            <line number="138" hits="2" branch="False" />
            <line number="139" hits="1" branch="False" />
            <line number="141" hits="0" branch="True" condition-coverage="0% (0/2)">
              <conditions>
                <condition number="100" type="jump" coverage="0%" />
              </conditions>
            </line>
            <line number="143" hits="0" branch="True" condition-coverage="0% (0/4)">
              <conditions>
                <condition number="124" type="switch" coverage="0%" />
              </conditions>
            </line>
            <line number="144" hits="0" branch="False" />
            <line number="145" hits="0" branch="False" />
            <line number="146" hits="0" branch="False" />
            <line number="147" hits="0" branch="False" />
            <line number="148" hits="0" branch="False" />
            <line number="149" hits="0" branch="False" />
            <line number="151" hits="0" branch="False" />
            <line number="153" hits="0" branch="False" />
            <line number="155" hits="0" branch="False" />
            <line number="157" hits="0" branch="False" />
            <line number="159" hits="0" branch="False" />
            <line number="161" hits="0" branch="False" />
            <line number="162" hits="0" branch="False" />
          </lines>
        </class>
        <class name="Encina.MQTT.MqttSubscription`1" filename="MQTTMessagePublisher.cs" line-rate="0" branch-rate="1" complexity="1">
          <methods>
            <method name=".ctor" signature="(MQTTnet.MqttClient,System.String,System.Func`2&lt;TMessage,System.Threading.Tasks.ValueTask&gt;,Microsoft.Extensions.Logging.ILogger)" line-rate="0" branch-rate="1" complexity="1">
              <lines>
                <line number="184" hits="0" branch="False" />
                <line number="185" hits="0" branch="False" />
                <line number="186" hits="0" branch="False" />
                <line number="187" hits="0" branch="False" />
                <line number="188" hits="0" branch="False" />
                <line number="190" hits="0" branch="False" />
                <line number="191" hits="0" branch="False" />
                <line number="192" hits="0" branch="False" />
                <line number="193" hits="0" branch="False" />
                <line number="195" hits="0" branch="False" />
                <line number="196" hits="0" branch="False" />
              </lines>
            </method>
          </methods>
          <lines>
            <line number="184" hits="0" branch="False" />
            <line number="185" hits="0" branch="False" />
            <line number="186" hits="0" branch="False" />
            <line number="187" hits="0" branch="False" />
            <line number="188" hits="0" branch="False" />
            <line number="190" hits="0" branch="False" />
            <line number="191" hits="0" branch="False" />
            <line number="192" hits="0" branch="False" />
            <line number="193" hits="0" branch="False" />
            <line number="195" hits="0" branch="False" />
            <line number="196" hits="0" branch="False" />
          </lines>
        </class>
        <class name="Encina.MQTT.MqttSubscription`1/&lt;DisposeAsync&gt;d__6" filename="MQTTMessagePublisher.cs" line-rate="0" branch-rate="1" complexity="1">
          <methods>
            <method name="MoveNext" signature="()" line-rate="0" branch-rate="1" complexity="1">
              <lines>
                <line number="219" hits="0" branch="False" />
                <line number="221" hits="0" branch="False" />
                <line number="222" hits="0" branch="False" />
                <line number="223" hits="0" branch="False" />
                <line number="225" hits="0" branch="False" />
                <line number="226" hits="0" branch="False" />
              </lines>
            </method>
          </methods>
          <lines>
            <line number="219" hits="0" branch="False" />
            <line number="221" hits="0" branch="False" />
            <line number="222" hits="0" branch="False" />
            <line number="223" hits="0" branch="False" />
            <line number="225" hits="0" branch="False" />
            <line number="226" hits="0" branch="False" />
          </lines>
        </class>
        <class name="Encina.MQTT.MqttSubscription`1/&lt;OnMessageReceived&gt;d__5" filename="MQTTMessagePublisher.cs" line-rate="0" branch-rate="0" complexity="4">
          <methods>
            <method name="MoveNext" signature="()" line-rate="0" branch-rate="0" complexity="4">
              <lines>
                <line number="200" hits="0" branch="True" condition-coverage="0% (0/2)">
                  <conditions>
                    <condition number="44" type="jump" coverage="0%" />
                  </conditions>
                </line>
                <line number="204" hits="0" branch="False" />
                <line number="205" hits="0" branch="True" condition-coverage="0% (0/2)">
                  <conditions>
                    <condition number="95" type="jump" coverage="0%" />
                  </conditions>
                </line>
                <line number="207" hits="0" branch="False" />
                <line number="209" hits="0" branch="False" />
                <line number="210" hits="0" branch="False" />
                <line number="212" hits="0" branch="False" />
                <line number="213" hits="0" branch="False" />
                <line number="215" hits="0" branch="False" />
              </lines>
            </method>
          </methods>
          <lines>
            <line number="200" hits="0" branch="True" condition-coverage="0% (0/2)">
              <conditions>
                <condition number="44" type="jump" coverage="0%" />
              </conditions>
            </line>
            <line number="204" hits="0" branch="False" />
            <line number="205" hits="0" branch="True" condition-coverage="0% (0/2)">
              <conditions>
                <condition number="95" type="jump" coverage="0%" />
              </conditions>
            </line>
            <line number="207" hits="0" branch="False" />
            <line number="209" hits="0" branch="False" />
            <line number="210" hits="0" branch="False" />
            <line number="212" hits="0" branch="False" />
            <line number="213" hits="0" branch="False" />
            <line number="215" hits="0" branch="False" />
          </lines>
        </class>
        <class name="Encina.MQTT.MqttPatternSubscription`1" filename="MQTTMessagePublisher.cs" line-rate="0" branch-rate="0" complexity="13">
          <methods>
            <method name="MatchesTopic" signature="(System.String,System.String)" line-rate="0" branch-rate="0" complexity="12">
              <lines>
                <line number="274" hits="0" branch="True" condition-coverage="0% (0/2)">
                  <conditions>
                    <condition number="8" type="jump" coverage="0%" />
                  </conditions>
                </line>
                <line number="276" hits="0" branch="False" />
                <line number="277" hits="0" branch="False" />
                <line number="280" hits="0" branch="True" condition-coverage="0% (0/2)">
                  <conditions>
                    <condition number="45" type="jump" coverage="0%" />
                  </conditions>
                </line>
                <line number="282" hits="0" branch="False" />
                <line number="283" hits="0" branch="False" />
                <line number="285" hits="0" branch="True" condition-coverage="0% (0/2)">
                  <conditions>
                    <condition number="73" type="jump" coverage="0%" />
                  </conditions>
                </line>
                <line number="287" hits="0" branch="False" />
                <line number="290" hits="0" branch="True" condition-coverage="0% (0/2)">
                  <conditions>
                    <condition number="126" type="jump" coverage="0%" />
                  </conditions>
                </line>
                <line number="292" hits="0" branch="True" condition-coverage="0% (0/4)">
                  <conditions>
                    <condition number="96" type="jump" coverage="0%" />
                    <condition number="111" type="jump" coverage="0%" />
                  </conditions>
                </line>
                <line number="294" hits="0" branch="False" />
                <line number="298" hits="0" branch="False" />
                <line number="301" hits="0" branch="False" />
              </lines>
            </method>
            <method name=".ctor" signature="(MQTTnet.MqttClient,System.String,System.Func`3&lt;System.String,TMessage,System.Threading.Tasks.ValueTask&gt;,Microsoft.Extensions.Logging.ILogger)" line-rate="0" branch-rate="1" complexity="1">
              <lines>
                <line number="237" hits="0" branch="False" />
                <line number="238" hits="0" branch="False" />
                <line number="239" hits="0" branch="False" />
                <line number="240" hits="0" branch="False" />
                <line number="241" hits="0" branch="False" />
                <line number="243" hits="0" branch="False" />
                <line number="244" hits="0" branch="False" />
                <line number="245" hits="0" branch="False" />
                <line number="246" hits="0" branch="False" />
                <line number="248" hits="0" branch="False" />
                <line number="249" hits="0" branch="False" />
              </lines>
            </method>
          </methods>
          <lines>
            <line number="274" hits="0" branch="True" condition-coverage="0% (0/2)">
              <conditions>
                <condition number="8" type="jump" coverage="0%" />
              </conditions>
            </line>
            <line number="276" hits="0" branch="False" />
            <line number="277" hits="0" branch="False" />
            <line number="280" hits="0" branch="True" condition-coverage="0% (0/2)">
              <conditions>
                <condition number="45" type="jump" coverage="0%" />
              </conditions>
            </line>
            <line number="282" hits="0" branch="False" />
            <line number="283" hits="0" branch="False" />
            <line number="285" hits="0" branch="True" condition-coverage="0% (0/2)">
              <conditions>
                <condition number="73" type="jump" coverage="0%" />
              </conditions>
            </line>
            <line number="287" hits="0" branch="False" />
            <line number="290" hits="0" branch="True" condition-coverage="0% (0/2)">
              <conditions>
                <condition number="126" type="jump" coverage="0%" />
              </conditions>
            </line>
            <line number="292" hits="0" branch="True" condition-coverage="0% (0/4)">
              <conditions>
                <condition number="96" type="jump" coverage="0%" />
                <condition number="111" type="jump" coverage="0%" />
              </conditions>
            </line>
            <line number="294" hits="0" branch="False" />
            <line number="298" hits="0" branch="False" />
            <line number="301" hits="0" branch="False" />
            <line number="237" hits="0" branch="False" />
            <line number="238" hits="0" branch="False" />
            <line number="239" hits="0" branch="False" />
            <line number="240" hits="0" branch="False" />
            <line number="241" hits="0" branch="False" />
            <line number="243" hits="0" branch="False" />
            <line number="244" hits="0" branch="False" />
            <line number="245" hits="0" branch="False" />
            <line number="246" hits="0" branch="False" />
            <line number="248" hits="0" branch="False" />
            <line number="249" hits="0" branch="False" />
          </lines>
        </class>
        <class name="Encina.MQTT.MqttPatternSubscription`1/&lt;DisposeAsync&gt;d__7" filename="MQTTMessagePublisher.cs" line-rate="0" branch-rate="1" complexity="1">
          <methods>
            <method name="MoveNext" signature="()" line-rate="0" branch-rate="1" complexity="1">
              <lines>
                <line number="306" hits="0" branch="False" />
                <line number="308" hits="0" branch="False" />
                <line number="309" hits="0" branch="False" />
                <line number="310" hits="0" branch="False" />
                <line number="312" hits="0" branch="False" />
                <line number="313" hits="0" branch="False" />
              </lines>
            </method>
          </methods>
          <lines>
            <line number="306" hits="0" branch="False" />
            <line number="308" hits="0" branch="False" />
            <line number="309" hits="0" branch="False" />
            <line number="310" hits="0" branch="False" />
            <line number="312" hits="0" branch="False" />
            <line number="313" hits="0" branch="False" />
          </lines>
        </class>
        <class name="Encina.MQTT.MqttPatternSubscription`1/&lt;OnMessageReceived&gt;d__5" filename="MQTTMessagePublisher.cs" line-rate="0" branch-rate="0" complexity="4">
          <methods>
            <method name="MoveNext" signature="()" line-rate="0" branch-rate="0" complexity="4">
              <lines>
                <line number="254" hits="0" branch="True" condition-coverage="0% (0/2)">
                  <conditions>
                    <condition number="44" type="jump" coverage="0%" />
                  </conditions>
                </line>
                <line number="258" hits="0" branch="False" />
                <line number="259" hits="0" branch="True" condition-coverage="0% (0/2)">
                  <conditions>
                    <condition number="98" type="jump" coverage="0%" />
                  </conditions>
                </line>
                <line number="261" hits="0" branch="False" />
                <line number="263" hits="0" branch="False" />
                <line number="264" hits="0" branch="False" />
                <line number="266" hits="0" branch="False" />
                <line number="267" hits="0" branch="False" />
                <line number="269" hits="0" branch="False" />
              </lines>
            </method>
          </methods>
          <lines>
            <line number="254" hits="0" branch="True" condition-coverage="0% (0/2)">
              <conditions>
                <condition number="44" type="jump" coverage="0%" />
              </conditions>
            </line>
            <line number="258" hits="0" branch="False" />
            <line number="259" hits="0" branch="True" condition-coverage="0% (0/2)">
              <conditions>
                <condition number="98" type="jump" coverage="0%" />
              </conditions>
            </line>
            <line number="261" hits="0" branch="False" />
            <line number="263" hits="0" branch="False" />
            <line number="264" hits="0" branch="False" />
            <line number="266" hits="0" branch="False" />
            <line number="267" hits="0" branch="False" />
            <line number="269" hits="0" branch="False" />
          </lines>
        </class>
        <class name="Encina.MQTT.ServiceCollectionExtensions" filename="ServiceCollectionExtensions.cs" line-rate="0.7142000000000001" branch-rate="0.5" complexity="8">
          <methods>
            <method name="AddEncinaMQTT" signature="(Microsoft.Extensions.DependencyInjection.IServiceCollection,System.Action`1&lt;Encina.MQTT.EncinaMQTTOptions&gt;)" line-rate="0.7142000000000001" branch-rate="0.5" complexity="8">
              <lines>
                <line number="24" hits="13" branch="False" />
                <line number="26" hits="12" branch="False" />
                <line number="27" hits="12" branch="True" condition-coverage="100% (2/2)">
                  <conditions>
                    <condition number="29" type="jump" coverage="100%" />
                  </conditions>
                </line>
                <line number="29" hits="12" branch="False" />
                <line number="30" hits="12" branch="False" />
                <line number="31" hits="2" branch="False" />
                <line number="32" hits="2" branch="False" />
                <line number="33" hits="2" branch="False" />
                <line number="34" hits="2" branch="False" />
                <line number="35" hits="2" branch="False" />
                <line number="36" hits="2" branch="False" />
                <line number="37" hits="2" branch="False" />
                <line number="38" hits="2" branch="False" />
                <line number="39" hits="2" branch="False" />
                <line number="40" hits="2" branch="False" />
                <line number="41" hits="14" branch="False" />
                <line number="43" hits="12" branch="False" />
                <line number="44" hits="12" branch="False" />
                <line number="45" hits="0" branch="False" />
                <line number="46" hits="0" branch="False" />
                <line number="47" hits="12" branch="False" />
                <line number="48" hits="0" branch="False" />
                <line number="49" hits="0" branch="False" />
                <line number="50" hits="0" branch="False" />
                <line number="51" hits="0" branch="False" />
                <line number="52" hits="0" branch="False" />
                <line number="53" hits="12" branch="False" />
                <line number="54" hits="0" branch="True" condition-coverage="0% (0/2)">
                  <conditions>
                    <condition number="119" type="jump" coverage="0%" />
                  </conditions>
                </line>
                <line number="55" hits="12" branch="False" />
                <line number="56" hits="0" branch="False" />
                <line number="57" hits="12" branch="False" />
                <line number="58" hits="12" branch="False" />
                <line number="59" hits="0" branch="True" condition-coverage="0% (0/2)">
                  <conditions>
                    <condition number="161" type="jump" coverage="0%" />
                  </conditions>
                </line>
                <line number="60" hits="12" branch="False" />
                <line number="61" hits="0" branch="False" />
                <line number="62" hits="12" branch="False" />
                <line number="63" hits="12" branch="False" />
                <line number="64" hits="0" branch="False" />
                <line number="65" hits="12" branch="False" />
                <line number="66" hits="12" branch="False" />
                <line number="67" hits="0" branch="False" />
                <line number="68" hits="12" branch="False" />
                <line number="69" hits="0" branch="False" />
                <line number="70" hits="12" branch="False" />
                <line number="72" hits="12" branch="False" />
                <line number="75" hits="12" branch="True" condition-coverage="100% (2/2)">
                  <conditions>
                    <condition number="102" type="jump" coverage="100%" />
                  </conditions>
                </line>
                <line number="77" hits="11" branch="False" />
                <line number="78" hits="11" branch="False" />
                <line number="81" hits="12" branch="False" />
              </lines>
            </method>
          </methods>
          <lines>
            <line number="24" hits="13" branch="False" />
            <line number="26" hits="12" branch="False" />
            <line number="27" hits="12" branch="True" condition-coverage="100% (2/2)">
              <conditions>
                <condition number="29" type="jump" coverage="100%" />
              </conditions>
            </line>
            <line number="29" hits="12" branch="False" />
            <line number="30" hits="12" branch="False" />
            <line number="31" hits="2" branch="False" />
            <line number="32" hits="2" branch="False" />
            <line number="33" hits="2" branch="False" />
            <line number="34" hits="2" branch="False" />
            <line number="35" hits="2" branch="False" />
            <line number="36" hits="2" branch="False" />
            <line number="37" hits="2" branch="False" />
            <line number="38" hits="2" branch="False" />
            <line number="39" hits="2" branch="False" />
            <line number="40" hits="2" branch="False" />
            <line number="41" hits="14" branch="False" />
            <line number="43" hits="12" branch="False" />
            <line number="44" hits="12" branch="False" />
            <line number="45" hits="0" branch="False" />
            <line number="46" hits="0" branch="False" />
            <line number="47" hits="12" branch="False" />
            <line number="48" hits="0" branch="False" />
            <line number="49" hits="0" branch="False" />
            <line number="50" hits="0" branch="False" />
            <line number="51" hits="0" branch="False" />
            <line number="52" hits="0" branch="False" />
            <line number="53" hits="12" branch="False" />
            <line number="54" hits="0" branch="True" condition-coverage="0% (0/2)">
              <conditions>
                <condition number="119" type="jump" coverage="0%" />
              </conditions>
            </line>
            <line number="55" hits="12" branch="False" />
            <line number="56" hits="0" branch="False" />
            <line number="57" hits="12" branch="False" />
            <line number="58" hits="12" branch="False" />
            <line number="59" hits="0" branch="True" condition-coverage="0% (0/2)">
              <conditions>
                <condition number="161" type="jump" coverage="0%" />
              </conditions>
            </line>
            <line number="60" hits="12" branch="False" />
            <line number="61" hits="0" branch="False" />
            <line number="62" hits="12" branch="False" />
            <line number="63" hits="12" branch="False" />
            <line number="64" hits="0" branch="False" />
            <line number="65" hits="12" branch="False" />
            <line number="66" hits="12" branch="False" />
            <line number="67" hits="0" branch="False" />
            <line number="68" hits="12" branch="False" />
            <line number="69" hits="0" branch="False" />
            <line number="70" hits="12" branch="False" />
            <line number="72" hits="12" branch="False" />
            <line number="75" hits="12" branch="True" condition-coverage="100% (2/2)">
              <conditions>
                <condition number="102" type="jump" coverage="100%" />
              </conditions>
            </line>
            <line number="77" hits="11" branch="False" />
            <line number="78" hits="11" branch="False" />
            <line number="81" hits="12" branch="False" />
          </lines>
        </class>
        <class name="Encina.MQTT.Health.MQTTHealthCheck" filename="Health\MQTTHealthCheck.cs" line-rate="1" branch-rate="1" complexity="12">
          <methods>
            <method name="CheckHealthCoreAsync" signature="(System.Threading.CancellationToken)" line-rate="1" branch-rate="1" complexity="2">
              <lines>
                <line number="37" hits="29" branch="False" />
                <line number="39" hits="2" branch="True" condition-coverage="100% (2/2)">
                  <conditions>
                    <condition number="16" type="jump" coverage="100%" />
                  </conditions>
                </line>
                <line number="41" hits="1" branch="False" />
                <line number="44" hits="1" branch="False" />
              </lines>
            </method>
            <method name=".ctor" signature="(System.IServiceProvider,Encina.Messaging.Health.ProviderHealthCheckOptions)" line-rate="1" branch-rate="1" complexity="10">
              <lines>
                <line number="28" hits="388" branch="True" condition-coverage="100% (8/8)">
                  <conditions>
                    <condition number="2" type="jump" coverage="100%" />
                    <condition number="14" type="jump" coverage="100%" />
                    <condition number="23" type="jump" coverage="100%" />
                    <condition number="35" type="jump" coverage="100%" />
                  </conditions>
                </line>
                <line number="30" hits="388" branch="False" />
                <line number="31" hits="388" branch="True" condition-coverage="100% (2/2)">
                  <conditions>
                    <condition number="96" type="jump" coverage="100%" />
                  </conditions>
                </line>
                <line number="32" hits="388" branch="False" />
              </lines>
            </method>
          </methods>
          <lines>
            <line number="37" hits="29" branch="False" />
            <line number="39" hits="2" branch="True" condition-coverage="100% (2/2)">
              <conditions>
                <condition number="16" type="jump" coverage="100%" />
              </conditions>
            </line>
            <line number="41" hits="1" branch="False" />
            <line number="44" hits="1" branch="False" />
            <line number="28" hits="388" branch="True" condition-coverage="100% (8/8)">
              <conditions>
                <condition number="2" type="jump" coverage="100%" />
                <condition number="14" type="jump" coverage="100%" />
                <condition number="23" type="jump" coverage="100%" />
                <condition number="35" type="jump" coverage="100%" />
              </conditions>
            </line>
            <line number="30" hits="388" branch="False" />
            <line number="31" hits="388" branch="True" condition-coverage="100% (2/2)">
              <conditions>
                <condition number="96" type="jump" coverage="100%" />
              </conditions>
            </line>
            <line number="32" hits="388" branch="False" />
          </lines>
        </class>
      </classes>
    </package>
  </packages>
</coverage>