<?xml version="1.0" encoding="utf-8"?>
<coverage line-rate="0.6884999999999999" branch-rate="0.5422" version="1.9" timestamp="1767822177" lines-covered="2308" lines-valid="3352" branches-covered="501" branches-valid="924">
  <sources>
    <source>D:\Proyectos\Encina\src\Encina.Messaging\</source>
  </sources>
  <packages>
    <package name="Encina.Messaging" line-rate="0.6884999999999999" branch-rate="0.5422" complexity="1448">
      <classes>
        <class name="System.Text.RegularExpressions.Generated.&lt;RegexGenerator_g&gt;F3CF08E0F92C38CB4EDD4815C7C8F1A0E046FBDB6591FDF08217AE1DFD8D2669B__ValidIdentifierRegex_0" filename="obj\Release\net10.0\System.Text.RegularExpressions.Generator\System.Text.RegularExpressions.Generator.RegexGenerator\RegexGenerator.g.cs" line-rate="1" branch-rate="1" complexity="2">
          <methods>
            <method name=".ctor" signature="()" line-rate="1" branch-rate="1" complexity="1">
              <lines>
                <line number="57" hits="1" branch="False" />
                <line number="59" hits="1" branch="False" />
                <line number="60" hits="1" branch="False" />
                <line number="61" hits="1" branch="False" />
                <line number="62" hits="1" branch="False" />
                <line number="63" hits="1" branch="False" />
                <line number="64" hits="1" branch="False" />
                <line number="65" hits="1" branch="False" />
              </lines>
            </method>
            <method name=".cctor" signature="()" line-rate="1" branch-rate="1" complexity="1">
              <lines>
                <line number="54" hits="1" branch="False" />
              </lines>
            </method>
          </methods>
          <lines>
            <line number="57" hits="1" branch="False" />
            <line number="59" hits="1" branch="False" />
            <line number="60" hits="1" branch="False" />
            <line number="61" hits="1" branch="False" />
            <line number="62" hits="1" branch="False" />
            <line number="63" hits="1" branch="False" />
            <line number="64" hits="1" branch="False" />
            <line number="65" hits="1" branch="False" />
            <line number="54" hits="1" branch="False" />
          </lines>
        </class>
        <class name="System.Text.RegularExpressions.Generated.&lt;RegexGenerator_g&gt;F3CF08E0F92C38CB4EDD4815C7C8F1A0E046FBDB6591FDF08217AE1DFD8D2669B__ValidIdentifierRegex_0/RunnerFactory" filename="obj\Release\net10.0\System.Text.RegularExpressions.Generator\System.Text.RegularExpressions.Generator.RegexGenerator\RegexGenerator.g.cs" line-rate="1" branch-rate="1" complexity="1">
          <methods>
            <method name="CreateInstance" signature="()" line-rate="1" branch-rate="1" complexity="1">
              <lines>
                <line number="71" hits="1" branch="False" />
              </lines>
            </method>
          </methods>
          <lines>
            <line number="71" hits="1" branch="False" />
          </lines>
        </class>
        <class name="System.Text.RegularExpressions.Generated.&lt;RegexGenerator_g&gt;F3CF08E0F92C38CB4EDD4815C7C8F1A0E046FBDB6591FDF08217AE1DFD8D2669B__ValidIdentifierRegex_0/RunnerFactory/Runner" filename="obj\Release\net10.0\System.Text.RegularExpressions.Generator\System.Text.RegularExpressions.Generator.RegexGenerator\RegexGenerator.g.cs" line-rate="0.9275" branch-rate="0.9259000000000001" complexity="54">
          <methods>
            <method name="Scan" signature="(System.ReadOnlySpan`1&lt;System.Char&gt;)" line-rate="1" branch-rate="1" complexity="4">
              <lines>
                <line number="81" hits="32" branch="True" condition-coverage="100% (4/4)">
                  <conditions>
                    <condition number="7" type="jump" coverage="100%" />
                    <condition number="16" type="jump" coverage="100%" />
                  </conditions>
                </line>
                <line number="83" hits="13" branch="False" />
                <line number="85" hits="32" branch="False" />
              </lines>
            </method>
            <method name="TryFindNextPossibleStartingPosition" signature="(System.ReadOnlySpan`1&lt;System.Char&gt;)" line-rate="0.6666" branch-rate="0.5" complexity="4">
              <lines>
                <line number="92" hits="32" branch="False" />
                <line number="95" hits="32" branch="True" condition-coverage="50% (1/2)">
                  <conditions>
                    <condition number="15" type="jump" coverage="50%" />
                  </conditions>
                </line>
                <line number="98" hits="32" branch="True" condition-coverage="50% (1/2)">
                  <conditions>
                    <condition number="18" type="jump" coverage="50%" />
                  </conditions>
                </line>
                <line number="100" hits="32" branch="False" />
                <line number="105" hits="0" branch="False" />
                <line number="106" hits="0" branch="False" />
              </lines>
            </method>
            <method name="TryMatchAtCurrentPosition" signature="(System.ReadOnlySpan`1&lt;System.Char&gt;)" line-rate="0.9473" branch-rate="0.9545" complexity="44">
              <lines>
                <line number="114" hits="32" branch="False" />
                <line number="115" hits="32" branch="False" />
                <line number="116" hits="32" branch="False" />
                <line number="117" hits="32" branch="False" />
                <line number="118" hits="32" branch="False" />
                <line number="120" hits="32" branch="False" />
                <line number="123" hits="32" branch="True" condition-coverage="50% (1/2)">
                  <conditions>
                    <condition number="27" type="jump" coverage="50%" />
                  </conditions>
                </line>
                <line number="125" hits="0" branch="False" />
                <line number="126" hits="0" branch="False" />
                <line number="131" hits="32" branch="False" />
                <line number="134" hits="32" branch="False" />
                <line number="136" hits="32" branch="False" />
                <line number="140" hits="32" branch="False" />
                <line number="144" hits="32" branch="True" condition-coverage="100% (4/4)">
                  <conditions>
                    <condition number="74" type="jump" coverage="100%" />
                    <condition number="87" type="jump" coverage="100%" />
                  </conditions>
                </line>
                <line number="146" hits="4" branch="False" />
                <line number="147" hits="4" branch="False" />
                <line number="152" hits="32" branch="True" condition-coverage="100% (4/4)">
                  <conditions>
                    <condition number="110" type="jump" coverage="100%" />
                    <condition number="154" type="jump" coverage="100%" />
                  </conditions>
                </line>
                <line number="159" hits="28" branch="False" />
                <line number="160" hits="28" branch="True" condition-coverage="100% (2/2)">
                  <conditions>
                    <condition number="182" type="jump" coverage="100%" />
                  </conditions>
                </line>
                <line number="162" hits="12" branch="False" />
                <line number="165" hits="28" branch="False" />
                <line number="166" hits="28" branch="False" />
                <line number="171" hits="28" branch="True" condition-coverage="100% (4/4)">
                  <conditions>
                    <condition number="219" type="jump" coverage="100%" />
                    <condition number="232" type="jump" coverage="100%" />
                  </conditions>
                </line>
                <line number="173" hits="4" branch="False" />
                <line number="174" hits="4" branch="False" />
                <line number="179" hits="28" branch="True" condition-coverage="100% (4/4)">
                  <conditions>
                    <condition number="256" type="jump" coverage="100%" />
                    <condition number="269" type="jump" coverage="100%" />
                  </conditions>
                </line>
                <line number="184" hits="6" branch="False" />
                <line number="185" hits="6" branch="False" />
                <line number="186" hits="6" branch="False" />
                <line number="191" hits="6" branch="True" condition-coverage="100% (2/2)">
                  <conditions>
                    <condition number="296" type="jump" coverage="100%" />
                  </conditions>
                </line>
                <line number="193" hits="0" branch="False" />
                <line number="199" hits="40" branch="True" condition-coverage="100% (2/2)">
                  <conditions>
                    <condition number="309" type="jump" coverage="100%" />
                  </conditions>
                </line>
                <line number="202" hits="13" branch="False" />
                <line number="203" hits="13" branch="False" />
                <line number="205" hits="27" branch="False" />
                <line number="206" hits="27" branch="False" />
                <line number="207" hits="27" branch="False" />
                <line number="213" hits="33" branch="False" />
                <line number="217" hits="33" branch="True" condition-coverage="100% (4/4)">
                  <conditions>
                    <condition number="374" type="jump" coverage="100%" />
                    <condition number="387" type="jump" coverage="100%" />
                  </conditions>
                </line>
                <line number="219" hits="4" branch="False" />
                <line number="220" hits="4" branch="False" />
                <line number="225" hits="33" branch="True" condition-coverage="100% (4/4)">
                  <conditions>
                    <condition number="410" type="jump" coverage="100%" />
                    <condition number="451" type="jump" coverage="100%" />
                  </conditions>
                </line>
                <line number="232" hits="28" branch="False" />
                <line number="233" hits="28" branch="True" condition-coverage="100% (2/2)">
                  <conditions>
                    <condition number="479" type="jump" coverage="100%" />
                  </conditions>
                </line>
                <line number="235" hits="15" branch="False" />
                <line number="238" hits="28" branch="False" />
                <line number="239" hits="28" branch="False" />
                <line number="244" hits="28" branch="True" condition-coverage="100% (4/4)">
                  <conditions>
                    <condition number="516" type="jump" coverage="100%" />
                    <condition number="529" type="jump" coverage="100%" />
                  </conditions>
                </line>
                <line number="246" hits="4" branch="False" />
                <line number="247" hits="4" branch="False" />
                <line number="251" hits="28" branch="False" />
                <line number="252" hits="28" branch="False" />
                <line number="253" hits="28" branch="False" />
                <line number="257" hits="28" branch="True" condition-coverage="83.33% (5/6)">
                  <conditions>
                    <condition number="578" type="jump" coverage="100%" />
                    <condition number="604" type="jump" coverage="100%" />
                    <condition number="591" type="jump" coverage="50%" />
                  </conditions>
                </line>
                <line number="263" hits="19" branch="False" />
                <line number="264" hits="19" branch="False" />
                <line number="265" hits="19" branch="False" />
              </lines>
            </method>
            <method name="&lt;TryMatchAtCurrentPosition&gt;g__UncaptureUntil|2_0" signature="(System.Int32)" line-rate="1" branch-rate="1" complexity="2">
              <lines>
                <line number="271" hits="50" branch="True" condition-coverage="100% (2/2)">
                  <conditions>
                    <condition number="15" type="jump" coverage="100%" />
                  </conditions>
                </line>
                <line number="273" hits="10" branch="False" />
                <line number="275" hits="40" branch="False" />
              </lines>
            </method>
          </methods>
          <lines>
            <line number="81" hits="32" branch="True" condition-coverage="100% (4/4)">
              <conditions>
                <condition number="7" type="jump" coverage="100%" />
                <condition number="16" type="jump" coverage="100%" />
              </conditions>
            </line>
            <line number="83" hits="13" branch="False" />
            <line number="85" hits="32" branch="False" />
            <line number="92" hits="32" branch="False" />
            <line number="95" hits="32" branch="True" condition-coverage="50% (1/2)">
              <conditions>
                <condition number="15" type="jump" coverage="50%" />
              </conditions>
            </line>
            <line number="98" hits="32" branch="True" condition-coverage="50% (1/2)">
              <conditions>
                <condition number="18" type="jump" coverage="50%" />
              </conditions>
            </line>
            <line number="100" hits="32" branch="False" />
            <line number="105" hits="0" branch="False" />
            <line number="106" hits="0" branch="False" />
            <line number="114" hits="32" branch="False" />
            <line number="115" hits="32" branch="False" />
            <line number="116" hits="32" branch="False" />
            <line number="117" hits="32" branch="False" />
            <line number="118" hits="32" branch="False" />
            <line number="120" hits="32" branch="False" />
            <line number="123" hits="32" branch="True" condition-coverage="50% (1/2)">
              <conditions>
                <condition number="27" type="jump" coverage="50%" />
              </conditions>
            </line>
            <line number="125" hits="0" branch="False" />
            <line number="126" hits="0" branch="False" />
            <line number="131" hits="32" branch="False" />
            <line number="134" hits="32" branch="False" />
            <line number="136" hits="32" branch="False" />
            <line number="140" hits="32" branch="False" />
            <line number="144" hits="32" branch="True" condition-coverage="100% (4/4)">
              <conditions>
                <condition number="74" type="jump" coverage="100%" />
                <condition number="87" type="jump" coverage="100%" />
              </conditions>
            </line>
            <line number="146" hits="4" branch="False" />
            <line number="147" hits="4" branch="False" />
            <line number="152" hits="32" branch="True" condition-coverage="100% (4/4)">
              <conditions>
                <condition number="110" type="jump" coverage="100%" />
                <condition number="154" type="jump" coverage="100%" />
              </conditions>
            </line>
            <line number="159" hits="28" branch="False" />
            <line number="160" hits="28" branch="True" condition-coverage="100% (2/2)">
              <conditions>
                <condition number="182" type="jump" coverage="100%" />
              </conditions>
            </line>
            <line number="162" hits="12" branch="False" />
            <line number="165" hits="28" branch="False" />
            <line number="166" hits="28" branch="False" />
            <line number="171" hits="28" branch="True" condition-coverage="100% (4/4)">
              <conditions>
                <condition number="219" type="jump" coverage="100%" />
                <condition number="232" type="jump" coverage="100%" />
              </conditions>
            </line>
            <line number="173" hits="4" branch="False" />
            <line number="174" hits="4" branch="False" />
            <line number="179" hits="28" branch="True" condition-coverage="100% (4/4)">
              <conditions>
                <condition number="256" type="jump" coverage="100%" />
                <condition number="269" type="jump" coverage="100%" />
              </conditions>
            </line>
            <line number="184" hits="6" branch="False" />
            <line number="185" hits="6" branch="False" />
            <line number="186" hits="6" branch="False" />
            <line number="191" hits="6" branch="True" condition-coverage="100% (2/2)">
              <conditions>
                <condition number="296" type="jump" coverage="100%" />
              </conditions>
            </line>
            <line number="193" hits="0" branch="False" />
            <line number="199" hits="40" branch="True" condition-coverage="100% (2/2)">
              <conditions>
                <condition number="309" type="jump" coverage="100%" />
              </conditions>
            </line>
            <line number="202" hits="13" branch="False" />
            <line number="203" hits="13" branch="False" />
            <line number="205" hits="27" branch="False" />
            <line number="206" hits="27" branch="False" />
            <line number="207" hits="27" branch="False" />
            <line number="213" hits="33" branch="False" />
            <line number="217" hits="33" branch="True" condition-coverage="100% (4/4)">
              <conditions>
                <condition number="374" type="jump" coverage="100%" />
                <condition number="387" type="jump" coverage="100%" />
              </conditions>
            </line>
            <line number="219" hits="4" branch="False" />
            <line number="220" hits="4" branch="False" />
            <line number="225" hits="33" branch="True" condition-coverage="100% (4/4)">
              <conditions>
                <condition number="410" type="jump" coverage="100%" />
                <condition number="451" type="jump" coverage="100%" />
              </conditions>
            </line>
            <line number="232" hits="28" branch="False" />
            <line number="233" hits="28" branch="True" condition-coverage="100% (2/2)">
              <conditions>
                <condition number="479" type="jump" coverage="100%" />
              </conditions>
            </line>
            <line number="235" hits="15" branch="False" />
            <line number="238" hits="28" branch="False" />
            <line number="239" hits="28" branch="False" />
            <line number="244" hits="28" branch="True" condition-coverage="100% (4/4)">
              <conditions>
                <condition number="516" type="jump" coverage="100%" />
                <condition number="529" type="jump" coverage="100%" />
              </conditions>
            </line>
            <line number="246" hits="4" branch="False" />
            <line number="247" hits="4" branch="False" />
            <line number="251" hits="28" branch="False" />
            <line number="252" hits="28" branch="False" />
            <line number="253" hits="28" branch="False" />
            <line number="257" hits="28" branch="True" condition-coverage="83.33% (5/6)">
              <conditions>
                <condition number="578" type="jump" coverage="100%" />
                <condition number="604" type="jump" coverage="100%" />
                <condition number="591" type="jump" coverage="50%" />
              </conditions>
            </line>
            <line number="263" hits="19" branch="False" />
            <line number="264" hits="19" branch="False" />
            <line number="265" hits="19" branch="False" />
            <line number="271" hits="50" branch="True" condition-coverage="100% (2/2)">
              <conditions>
                <condition number="15" type="jump" coverage="100%" />
              </conditions>
            </line>
            <line number="273" hits="10" branch="False" />
            <line number="275" hits="40" branch="False" />
          </lines>
        </class>
        <class name="System.Text.RegularExpressions.Generated.&lt;RegexGenerator_g&gt;F3CF08E0F92C38CB4EDD4815C7C8F1A0E046FBDB6591FDF08217AE1DFD8D2669B__Utilities" filename="obj\Release\net10.0\System.Text.RegularExpressions.Generator\System.Text.RegularExpressions.Generator.RegexGenerator\RegexGenerator.g.cs" line-rate="0.6666" branch-rate="0.5" complexity="5">
          <methods>
            <method name="StackPush" signature="(System.Int32[]&amp;,System.Int32&amp;,System.Int32,System.Int32)" line-rate="0.7777" branch-rate="0.5" complexity="2">
              <lines>
                <line number="297" hits="32" branch="False" />
                <line number="298" hits="32" branch="False" />
                <line number="299" hits="32" branch="True" condition-coverage="50% (1/2)">
                  <conditions>
                    <condition number="12" type="jump" coverage="50%" />
                  </conditions>
                </line>
                <line number="301" hits="32" branch="False" />
                <line number="302" hits="32" branch="False" />
                <line number="303" hits="32" branch="False" />
                <line number="304" hits="32" branch="False" />
                <line number="308" hits="0" branch="False" />
                <line number="317" hits="0" branch="False" />
              </lines>
            </method>
            <method name="&lt;StackPush&gt;g__WithResize|2_0" signature="(System.Int32[]&amp;,System.Int32&amp;,System.Int32,System.Int32)" line-rate="0" branch-rate="1" complexity="1">
              <lines>
                <line number="314" hits="0" branch="False" />
                <line number="315" hits="0" branch="False" />
                <line number="316" hits="0" branch="False" />
              </lines>
            </method>
            <method name=".cctor" signature="()" line-rate="1" branch-rate="0.5" complexity="2">
              <lines>
                <line number="287" hits="1" branch="True" condition-coverage="50% (1/2)">
                  <conditions>
                    <condition number="17" type="jump" coverage="50%" />
                  </conditions>
                </line>
                <line number="290" hits="1" branch="False" />
                <line number="320" hits="1" branch="False" />
              </lines>
            </method>
          </methods>
          <lines>
            <line number="297" hits="32" branch="False" />
            <line number="298" hits="32" branch="False" />
            <line number="299" hits="32" branch="True" condition-coverage="50% (1/2)">
              <conditions>
                <condition number="12" type="jump" coverage="50%" />
              </conditions>
            </line>
            <line number="301" hits="32" branch="False" />
            <line number="302" hits="32" branch="False" />
            <line number="303" hits="32" branch="False" />
            <line number="304" hits="32" branch="False" />
            <line number="308" hits="0" branch="False" />
            <line number="317" hits="0" branch="False" />
            <line number="314" hits="0" branch="False" />
            <line number="315" hits="0" branch="False" />
            <line number="316" hits="0" branch="False" />
            <line number="287" hits="1" branch="True" condition-coverage="50% (1/2)">
              <conditions>
                <condition number="17" type="jump" coverage="50%" />
              </conditions>
            </line>
            <line number="290" hits="1" branch="False" />
            <line number="320" hits="1" branch="False" />
          </lines>
        </class>
        <class name="Encina.Messaging.SqlIdentifierValidator" filename="obj\Release\net10.0\System.Text.RegularExpressions.Generator\System.Text.RegularExpressions.Generator.RegexGenerator\RegexGenerator.g.cs" line-rate="1" branch-rate="1" complexity="1">
          <methods>
            <method name="ValidIdentifierRegex" signature="()" line-rate="1" branch-rate="1" complexity="1">
              <lines>
                <line number="33" hits="32" branch="False" />
              </lines>
            </method>
          </methods>
          <lines>
            <line number="33" hits="32" branch="False" />
          </lines>
        </class>
        <class name="Encina.Messaging.MessagingConfiguration" filename="MessagingConfiguration.cs" line-rate="0" branch-rate="0" complexity="38">
          <methods>
            <method name="get_UseTransactions" signature="()" line-rate="0" branch-rate="1" complexity="1">
              <lines>
                <line number="69" hits="0" branch="False" />
              </lines>
            </method>
            <method name="get_UseOutbox" signature="()" line-rate="0" branch-rate="1" complexity="1">
              <lines>
                <line number="79" hits="0" branch="False" />
              </lines>
            </method>
            <method name="get_UseInbox" signature="()" line-rate="0" branch-rate="1" complexity="1">
              <lines>
                <line number="89" hits="0" branch="False" />
              </lines>
            </method>
            <method name="get_UseSagas" signature="()" line-rate="0" branch-rate="1" complexity="1">
              <lines>
                <line number="98" hits="0" branch="False" />
              </lines>
            </method>
            <method name="get_UseRoutingSlips" signature="()" line-rate="0" branch-rate="1" complexity="1">
              <lines>
                <line number="114" hits="0" branch="False" />
              </lines>
            </method>
            <method name="get_UseScheduling" signature="()" line-rate="0" branch-rate="1" complexity="1">
              <lines>
                <line number="123" hits="0" branch="False" />
              </lines>
            </method>
            <method name="get_UseRecoverability" signature="()" line-rate="0" branch-rate="1" complexity="1">
              <lines>
                <line number="142" hits="0" branch="False" />
              </lines>
            </method>
            <method name="get_UseDeadLetterQueue" signature="()" line-rate="0" branch-rate="1" complexity="1">
              <lines>
                <line number="162" hits="0" branch="False" />
              </lines>
            </method>
            <method name="get_UseContentRouter" signature="()" line-rate="0" branch-rate="1" complexity="1">
              <lines>
                <line number="183" hits="0" branch="False" />
              </lines>
            </method>
            <method name="get_UseScatterGather" signature="()" line-rate="0" branch-rate="1" complexity="1">
              <lines>
                <line number="204" hits="0" branch="False" />
              </lines>
            </method>
            <method name="get_OutboxOptions" signature="()" line-rate="0" branch-rate="1" complexity="1">
              <lines>
                <line number="209" hits="0" branch="False" />
              </lines>
            </method>
            <method name="get_InboxOptions" signature="()" line-rate="0" branch-rate="1" complexity="1">
              <lines>
                <line number="214" hits="0" branch="False" />
              </lines>
            </method>
            <method name="get_SagaOptions" signature="()" line-rate="0" branch-rate="1" complexity="1">
              <lines>
                <line number="219" hits="0" branch="False" />
              </lines>
            </method>
            <method name="get_RoutingSlipOptions" signature="()" line-rate="0" branch-rate="1" complexity="1">
              <lines>
                <line number="224" hits="0" branch="False" />
              </lines>
            </method>
            <method name="get_SchedulingOptions" signature="()" line-rate="0" branch-rate="1" complexity="1">
              <lines>
                <line number="229" hits="0" branch="False" />
              </lines>
            </method>
            <method name="get_RecoverabilityOptions" signature="()" line-rate="0" branch-rate="1" complexity="1">
              <lines>
                <line number="234" hits="0" branch="False" />
              </lines>
            </method>
            <method name="get_DeadLetterOptions" signature="()" line-rate="0" branch-rate="1" complexity="1">
              <lines>
                <line number="239" hits="0" branch="False" />
              </lines>
            </method>
            <method name="get_ContentRouterOptions" signature="()" line-rate="0" branch-rate="1" complexity="1">
              <lines>
                <line number="244" hits="0" branch="False" />
              </lines>
            </method>
            <method name="get_ScatterGatherOptions" signature="()" line-rate="0" branch-rate="1" complexity="1">
              <lines>
                <line number="249" hits="0" branch="False" />
              </lines>
            </method>
            <method name="get_ProviderHealthCheck" signature="()" line-rate="0" branch-rate="1" complexity="1">
              <lines>
                <line number="264" hits="0" branch="False" />
              </lines>
            </method>
            <method name="get_IsAnyPatternEnabled" signature="()" line-rate="0" branch-rate="0" complexity="18">
              <lines>
                <line number="270" hits="0" branch="True" condition-coverage="0% (0/18)">
                  <conditions>
                    <condition number="6" type="jump" coverage="0%" />
                    <condition number="14" type="jump" coverage="0%" />
                    <condition number="22" type="jump" coverage="0%" />
                    <condition number="30" type="jump" coverage="0%" />
                    <condition number="38" type="jump" coverage="0%" />
                    <condition number="46" type="jump" coverage="0%" />
                    <condition number="54" type="jump" coverage="0%" />
                    <condition number="62" type="jump" coverage="0%" />
                    <condition number="70" type="jump" coverage="0%" />
                  </conditions>
                </line>
              </lines>
            </method>
          </methods>
          <lines>
            <line number="69" hits="0" branch="False" />
            <line number="79" hits="0" branch="False" />
            <line number="89" hits="0" branch="False" />
            <line number="98" hits="0" branch="False" />
            <line number="114" hits="0" branch="False" />
            <line number="123" hits="0" branch="False" />
            <line number="142" hits="0" branch="False" />
            <line number="162" hits="0" branch="False" />
            <line number="183" hits="0" branch="False" />
            <line number="204" hits="0" branch="False" />
            <line number="209" hits="0" branch="False" />
            <line number="214" hits="0" branch="False" />
            <line number="219" hits="0" branch="False" />
            <line number="224" hits="0" branch="False" />
            <line number="229" hits="0" branch="False" />
            <line number="234" hits="0" branch="False" />
            <line number="239" hits="0" branch="False" />
            <line number="244" hits="0" branch="False" />
            <line number="249" hits="0" branch="False" />
            <line number="264" hits="0" branch="False" />
            <line number="270" hits="0" branch="True" condition-coverage="0% (0/18)">
              <conditions>
                <condition number="6" type="jump" coverage="0%" />
                <condition number="14" type="jump" coverage="0%" />
                <condition number="22" type="jump" coverage="0%" />
                <condition number="30" type="jump" coverage="0%" />
                <condition number="38" type="jump" coverage="0%" />
                <condition number="46" type="jump" coverage="0%" />
                <condition number="54" type="jump" coverage="0%" />
                <condition number="62" type="jump" coverage="0%" />
                <condition number="70" type="jump" coverage="0%" />
              </conditions>
            </line>
          </lines>
        </class>
        <class name="Encina.Messaging.MessagingServiceCollectionExtensions" filename="MessagingServiceCollectionExtensions.cs" line-rate="0" branch-rate="0" complexity="40">
          <methods>
            <method name="AddMessagingServices" signature="(Microsoft.Extensions.DependencyInjection.IServiceCollection,Encina.Messaging.MessagingConfiguration)" line-rate="0" branch-rate="0" complexity="22">
              <lines>
                <line number="52" hits="0" branch="False" />
                <line number="53" hits="0" branch="False" />
                <line number="55" hits="0" branch="True" condition-coverage="0% (0/2)">
                  <conditions>
                    <condition number="28" type="jump" coverage="0%" />
                  </conditions>
                </line>
                <line number="57" hits="0" branch="False" />
                <line number="60" hits="0" branch="True" condition-coverage="0% (0/2)">
                  <conditions>
                    <condition number="63" type="jump" coverage="0%" />
                  </conditions>
                </line>
                <line number="62" hits="0" branch="False" />
                <line number="63" hits="0" branch="False" />
                <line number="64" hits="0" branch="False" />
                <line number="65" hits="0" branch="False" />
                <line number="66" hits="0" branch="False" />
                <line number="67" hits="0" branch="False" />
                <line number="70" hits="0" branch="True" condition-coverage="0% (0/2)">
                  <conditions>
                    <condition number="139" type="jump" coverage="0%" />
                  </conditions>
                </line>
                <line number="72" hits="0" branch="False" />
                <line number="73" hits="0" branch="False" />
                <line number="74" hits="0" branch="False" />
                <line number="75" hits="0" branch="False" />
                <line number="76" hits="0" branch="False" />
                <line number="79" hits="0" branch="True" condition-coverage="0% (0/2)">
                  <conditions>
                    <condition number="208" type="jump" coverage="0%" />
                  </conditions>
                </line>
                <line number="81" hits="0" branch="False" />
                <line number="82" hits="0" branch="False" />
                <line number="83" hits="0" branch="False" />
                <line number="84" hits="0" branch="False" />
                <line number="85" hits="0" branch="False" />
                <line number="88" hits="0" branch="False" />
                <line number="91" hits="0" branch="True" condition-coverage="0% (0/2)">
                  <conditions>
                    <condition number="264" type="jump" coverage="0%" />
                  </conditions>
                </line>
                <line number="93" hits="0" branch="False" />
                <line number="94" hits="0" branch="False" />
                <line number="97" hits="0" branch="True" condition-coverage="0% (0/2)">
                  <conditions>
                    <condition number="292" type="jump" coverage="0%" />
                  </conditions>
                </line>
                <line number="99" hits="0" branch="False" />
                <line number="100" hits="0" branch="False" />
                <line number="101" hits="0" branch="False" />
                <line number="102" hits="0" branch="False" />
                <line number="105" hits="0" branch="True" condition-coverage="0% (0/2)">
                  <conditions>
                    <condition number="334" type="jump" coverage="0%" />
                  </conditions>
                </line>
                <line number="107" hits="0" branch="False" />
                <line number="108" hits="0" branch="True" condition-coverage="0% (0/2)">
                  <conditions>
                    <condition number="362" type="jump" coverage="0%" />
                  </conditions>
                </line>
                <line number="109" hits="0" branch="False" />
                <line number="110" hits="0" branch="False" />
                <line number="112" hits="0" branch="True" condition-coverage="0% (0/2)">
                  <conditions>
                    <condition number="413" type="jump" coverage="0%" />
                  </conditions>
                </line>
                <line number="114" hits="0" branch="False" />
                <line number="115" hits="0" branch="False" />
                <line number="119" hits="0" branch="True" condition-coverage="0% (0/2)">
                  <conditions>
                    <condition number="434" type="jump" coverage="0%" />
                  </conditions>
                </line>
                <line number="121" hits="0" branch="False" />
                <line number="122" hits="0" branch="False" />
                <line number="125" hits="0" branch="True" condition-coverage="0% (0/2)">
                  <conditions>
                    <condition number="462" type="jump" coverage="0%" />
                  </conditions>
                </line>
                <line number="127" hits="0" branch="False" />
                <line number="128" hits="0" branch="False" />
                <line number="131" hits="0" branch="False" />
              </lines>
            </method>
            <method name="AddMessagingServicesCore" signature="(Microsoft.Extensions.DependencyInjection.IServiceCollection,Encina.Messaging.MessagingConfiguration)" line-rate="0" branch-rate="0" complexity="18">
              <lines>
                <line number="154" hits="0" branch="False" />
                <line number="155" hits="0" branch="False" />
                <line number="157" hits="0" branch="True" condition-coverage="0% (0/2)">
                  <conditions>
                    <condition number="28" type="jump" coverage="0%" />
                  </conditions>
                </line>
                <line number="159" hits="0" branch="False" />
                <line number="162" hits="0" branch="True" condition-coverage="0% (0/2)">
                  <conditions>
                    <condition number="63" type="jump" coverage="0%" />
                  </conditions>
                </line>
                <line number="164" hits="0" branch="False" />
                <line number="165" hits="0" branch="False" />
                <line number="166" hits="0" branch="False" />
                <line number="167" hits="0" branch="False" />
                <line number="168" hits="0" branch="False" />
                <line number="169" hits="0" branch="False" />
                <line number="172" hits="0" branch="True" condition-coverage="0% (0/2)">
                  <conditions>
                    <condition number="139" type="jump" coverage="0%" />
                  </conditions>
                </line>
                <line number="174" hits="0" branch="False" />
                <line number="175" hits="0" branch="False" />
                <line number="176" hits="0" branch="False" />
                <line number="177" hits="0" branch="False" />
                <line number="178" hits="0" branch="False" />
                <line number="181" hits="0" branch="True" condition-coverage="0% (0/2)">
                  <conditions>
                    <condition number="208" type="jump" coverage="0%" />
                  </conditions>
                </line>
                <line number="183" hits="0" branch="False" />
                <line number="184" hits="0" branch="False" />
                <line number="187" hits="0" branch="True" condition-coverage="0% (0/2)">
                  <conditions>
                    <condition number="236" type="jump" coverage="0%" />
                  </conditions>
                </line>
                <line number="189" hits="0" branch="False" />
                <line number="190" hits="0" branch="True" condition-coverage="0% (0/2)">
                  <conditions>
                    <condition number="264" type="jump" coverage="0%" />
                  </conditions>
                </line>
                <line number="191" hits="0" branch="False" />
                <line number="192" hits="0" branch="False" />
                <line number="196" hits="0" branch="True" condition-coverage="0% (0/2)">
                  <conditions>
                    <condition number="315" type="jump" coverage="0%" />
                  </conditions>
                </line>
                <line number="198" hits="0" branch="False" />
                <line number="199" hits="0" branch="False" />
                <line number="203" hits="0" branch="True" condition-coverage="0% (0/2)">
                  <conditions>
                    <condition number="336" type="jump" coverage="0%" />
                  </conditions>
                </line>
                <line number="205" hits="0" branch="False" />
                <line number="206" hits="0" branch="False" />
                <line number="209" hits="0" branch="True" condition-coverage="0% (0/2)">
                  <conditions>
                    <condition number="364" type="jump" coverage="0%" />
                  </conditions>
                </line>
                <line number="211" hits="0" branch="False" />
                <line number="212" hits="0" branch="False" />
                <line number="215" hits="0" branch="False" />
              </lines>
            </method>
          </methods>
          <lines>
            <line number="52" hits="0" branch="False" />
            <line number="53" hits="0" branch="False" />
            <line number="55" hits="0" branch="True" condition-coverage="0% (0/2)">
              <conditions>
                <condition number="28" type="jump" coverage="0%" />
              </conditions>
            </line>
            <line number="57" hits="0" branch="False" />
            <line number="60" hits="0" branch="True" condition-coverage="0% (0/2)">
              <conditions>
                <condition number="63" type="jump" coverage="0%" />
              </conditions>
            </line>
            <line number="62" hits="0" branch="False" />
            <line number="63" hits="0" branch="False" />
            <line number="64" hits="0" branch="False" />
            <line number="65" hits="0" branch="False" />
            <line number="66" hits="0" branch="False" />
            <line number="67" hits="0" branch="False" />
            <line number="70" hits="0" branch="True" condition-coverage="0% (0/2)">
              <conditions>
                <condition number="139" type="jump" coverage="0%" />
              </conditions>
            </line>
            <line number="72" hits="0" branch="False" />
            <line number="73" hits="0" branch="False" />
            <line number="74" hits="0" branch="False" />
            <line number="75" hits="0" branch="False" />
            <line number="76" hits="0" branch="False" />
            <line number="79" hits="0" branch="True" condition-coverage="0% (0/2)">
              <conditions>
                <condition number="208" type="jump" coverage="0%" />
              </conditions>
            </line>
            <line number="81" hits="0" branch="False" />
            <line number="82" hits="0" branch="False" />
            <line number="83" hits="0" branch="False" />
            <line number="84" hits="0" branch="False" />
            <line number="85" hits="0" branch="False" />
            <line number="88" hits="0" branch="False" />
            <line number="91" hits="0" branch="True" condition-coverage="0% (0/2)">
              <conditions>
                <condition number="264" type="jump" coverage="0%" />
              </conditions>
            </line>
            <line number="93" hits="0" branch="False" />
            <line number="94" hits="0" branch="False" />
            <line number="97" hits="0" branch="True" condition-coverage="0% (0/2)">
              <conditions>
                <condition number="292" type="jump" coverage="0%" />
              </conditions>
            </line>
            <line number="99" hits="0" branch="False" />
            <line number="100" hits="0" branch="False" />
            <line number="101" hits="0" branch="False" />
            <line number="102" hits="0" branch="False" />
            <line number="105" hits="0" branch="True" condition-coverage="0% (0/2)">
              <conditions>
                <condition number="334" type="jump" coverage="0%" />
              </conditions>
            </line>
            <line number="107" hits="0" branch="False" />
            <line number="108" hits="0" branch="True" condition-coverage="0% (0/2)">
              <conditions>
                <condition number="362" type="jump" coverage="0%" />
              </conditions>
            </line>
            <line number="109" hits="0" branch="False" />
            <line number="110" hits="0" branch="False" />
            <line number="112" hits="0" branch="True" condition-coverage="0% (0/2)">
              <conditions>
                <condition number="413" type="jump" coverage="0%" />
              </conditions>
            </line>
            <line number="114" hits="0" branch="False" />
            <line number="115" hits="0" branch="False" />
            <line number="119" hits="0" branch="True" condition-coverage="0% (0/2)">
              <conditions>
                <condition number="434" type="jump" coverage="0%" />
              </conditions>
            </line>
            <line number="121" hits="0" branch="False" />
            <line number="122" hits="0" branch="False" />
            <line number="125" hits="0" branch="True" condition-coverage="0% (0/2)">
              <conditions>
                <condition number="462" type="jump" coverage="0%" />
              </conditions>
            </line>
            <line number="127" hits="0" branch="False" />
            <line number="128" hits="0" branch="False" />
            <line number="131" hits="0" branch="False" />
            <line number="154" hits="0" branch="False" />
            <line number="155" hits="0" branch="False" />
            <line number="157" hits="0" branch="True" condition-coverage="0% (0/2)">
              <conditions>
                <condition number="28" type="jump" coverage="0%" />
              </conditions>
            </line>
            <line number="159" hits="0" branch="False" />
            <line number="162" hits="0" branch="True" condition-coverage="0% (0/2)">
              <conditions>
                <condition number="63" type="jump" coverage="0%" />
              </conditions>
            </line>
            <line number="164" hits="0" branch="False" />
            <line number="165" hits="0" branch="False" />
            <line number="166" hits="0" branch="False" />
            <line number="167" hits="0" branch="False" />
            <line number="168" hits="0" branch="False" />
            <line number="169" hits="0" branch="False" />
            <line number="172" hits="0" branch="True" condition-coverage="0% (0/2)">
              <conditions>
                <condition number="139" type="jump" coverage="0%" />
              </conditions>
            </line>
            <line number="174" hits="0" branch="False" />
            <line number="175" hits="0" branch="False" />
            <line number="176" hits="0" branch="False" />
            <line number="177" hits="0" branch="False" />
            <line number="178" hits="0" branch="False" />
            <line number="181" hits="0" branch="True" condition-coverage="0% (0/2)">
              <conditions>
                <condition number="208" type="jump" coverage="0%" />
              </conditions>
            </line>
            <line number="183" hits="0" branch="False" />
            <line number="184" hits="0" branch="False" />
            <line number="187" hits="0" branch="True" condition-coverage="0% (0/2)">
              <conditions>
                <condition number="236" type="jump" coverage="0%" />
              </conditions>
            </line>
            <line number="189" hits="0" branch="False" />
            <line number="190" hits="0" branch="True" condition-coverage="0% (0/2)">
              <conditions>
                <condition number="264" type="jump" coverage="0%" />
              </conditions>
            </line>
            <line number="191" hits="0" branch="False" />
            <line number="192" hits="0" branch="False" />
            <line number="196" hits="0" branch="True" condition-coverage="0% (0/2)">
              <conditions>
                <condition number="315" type="jump" coverage="0%" />
              </conditions>
            </line>
            <line number="198" hits="0" branch="False" />
            <line number="199" hits="0" branch="False" />
            <line number="203" hits="0" branch="True" condition-coverage="0% (0/2)">
              <conditions>
                <condition number="336" type="jump" coverage="0%" />
              </conditions>
            </line>
            <line number="205" hits="0" branch="False" />
            <line number="206" hits="0" branch="False" />
            <line number="209" hits="0" branch="True" condition-coverage="0% (0/2)">
              <conditions>
                <condition number="364" type="jump" coverage="0%" />
              </conditions>
            </line>
            <line number="211" hits="0" branch="False" />
            <line number="212" hits="0" branch="False" />
            <line number="215" hits="0" branch="False" />
          </lines>
        </class>
        <class name="Encina.Messaging.SqlIdentifierValidator" filename="SqlIdentifierValidator.cs" line-rate="1" branch-rate="1" complexity="8">
          <methods>
            <method name="ValidateTableName" signature="(System.String,System.String)" line-rate="1" branch-rate="1" complexity="4">
              <lines>
                <line number="38" hits="24" branch="False" />
                <line number="40" hits="20" branch="True" condition-coverage="100% (2/2)">
                  <conditions>
                    <condition number="18" type="jump" coverage="100%" />
                  </conditions>
                </line>
                <line number="42" hits="1" branch="False" />
                <line number="43" hits="1" branch="False" />
                <line number="44" hits="1" branch="False" />
                <line number="47" hits="19" branch="True" condition-coverage="100% (2/2)">
                  <conditions>
                    <condition number="43" type="jump" coverage="100%" />
                  </conditions>
                </line>
                <line number="49" hits="8" branch="False" />
                <line number="50" hits="8" branch="False" />
                <line number="51" hits="8" branch="False" />
                <line number="52" hits="8" branch="False" />
                <line number="55" hits="11" branch="False" />
              </lines>
            </method>
            <method name="IsValidTableName" signature="(System.String)" line-rate="1" branch-rate="1" complexity="4">
              <lines>
                <line number="65" hits="17" branch="True" condition-coverage="100% (2/2)">
                  <conditions>
                    <condition number="6" type="jump" coverage="100%" />
                  </conditions>
                </line>
                <line number="66" hits="3" branch="False" />
                <line number="68" hits="14" branch="True" condition-coverage="100% (2/2)">
                  <conditions>
                    <condition number="21" type="jump" coverage="100%" />
                  </conditions>
                </line>
                <line number="69" hits="1" branch="False" />
                <line number="71" hits="13" branch="False" />
              </lines>
            </method>
          </methods>
          <lines>
            <line number="38" hits="24" branch="False" />
            <line number="40" hits="20" branch="True" condition-coverage="100% (2/2)">
              <conditions>
                <condition number="18" type="jump" coverage="100%" />
              </conditions>
            </line>
            <line number="42" hits="1" branch="False" />
            <line number="43" hits="1" branch="False" />
            <line number="44" hits="1" branch="False" />
            <line number="47" hits="19" branch="True" condition-coverage="100% (2/2)">
              <conditions>
                <condition number="43" type="jump" coverage="100%" />
              </conditions>
            </line>
            <line number="49" hits="8" branch="False" />
            <line number="50" hits="8" branch="False" />
            <line number="51" hits="8" branch="False" />
            <line number="52" hits="8" branch="False" />
            <line number="55" hits="11" branch="False" />
            <line number="65" hits="17" branch="True" condition-coverage="100% (2/2)">
              <conditions>
                <condition number="6" type="jump" coverage="100%" />
              </conditions>
            </line>
            <line number="66" hits="3" branch="False" />
            <line number="68" hits="14" branch="True" condition-coverage="100% (2/2)">
              <conditions>
                <condition number="21" type="jump" coverage="100%" />
              </conditions>
            </line>
            <line number="69" hits="1" branch="False" />
            <line number="71" hits="13" branch="False" />
          </lines>
        </class>
        <class name="Encina.Messaging.TransactionPipelineBehavior`2" filename="TransactionPipelineBehavior.cs" line-rate="1" branch-rate="1" complexity="1">
          <methods>
            <method name=".ctor" signature="(System.Data.IDbConnection)" line-rate="1" branch-rate="1" complexity="1">
              <lines>
                <line number="42" hits="13" branch="False" />
                <line number="44" hits="13" branch="False" />
                <line number="45" hits="12" branch="False" />
                <line number="46" hits="12" branch="False" />
              </lines>
            </method>
          </methods>
          <lines>
            <line number="42" hits="13" branch="False" />
            <line number="44" hits="13" branch="False" />
            <line number="45" hits="12" branch="False" />
            <line number="46" hits="12" branch="False" />
          </lines>
        </class>
        <class name="Encina.Messaging.TransactionPipelineBehavior`2/&lt;&gt;c__DisplayClass2_0" filename="TransactionPipelineBehavior.cs" line-rate="1" branch-rate="1" complexity="2">
          <methods>
            <method name="&lt;Handle&gt;b__0" signature="(TResponse)" line-rate="1" branch-rate="1" complexity="1">
              <lines>
                <line number="74" hits="4" branch="False" />
              </lines>
            </method>
            <method name="&lt;Handle&gt;b__1" signature="(Encina.EncinaError)" line-rate="1" branch-rate="1" complexity="1">
              <lines>
                <line number="75" hits="6" branch="False" />
              </lines>
            </method>
          </methods>
          <lines>
            <line number="74" hits="4" branch="False" />
            <line number="75" hits="6" branch="False" />
          </lines>
        </class>
        <class name="Encina.Messaging.TransactionPipelineBehavior`2/&lt;Handle&gt;d__2" filename="TransactionPipelineBehavior.cs" line-rate="1" branch-rate="1" complexity="2">
          <methods>
            <method name="MoveNext" signature="()" line-rate="1" branch-rate="1" complexity="2">
              <lines>
                <line number="55" hits="10" branch="False" />
                <line number="56" hits="9" branch="False" />
                <line number="57" hits="8" branch="False" />
                <line number="60" hits="7" branch="True" condition-coverage="100% (2/2)">
                  <conditions>
                    <condition number="93" type="jump" coverage="100%" />
                  </conditions>
                </line>
                <line number="62" hits="1" branch="False" />
                <line number="66" hits="7" branch="False" />
                <line number="70" hits="7" branch="False" />
                <line number="73" hits="5" branch="False" />
                <line number="77" hits="5" branch="False" />
                <line number="79" hits="2" branch="False" />
                <line number="81" hits="2" branch="False" />
                <line number="82" hits="2" branch="False" />
                <line number="84" hits="5" branch="False" />
              </lines>
            </method>
          </methods>
          <lines>
            <line number="55" hits="10" branch="False" />
            <line number="56" hits="9" branch="False" />
            <line number="57" hits="8" branch="False" />
            <line number="60" hits="7" branch="True" condition-coverage="100% (2/2)">
              <conditions>
                <condition number="93" type="jump" coverage="100%" />
              </conditions>
            </line>
            <line number="62" hits="1" branch="False" />
            <line number="66" hits="7" branch="False" />
            <line number="70" hits="7" branch="False" />
            <line number="73" hits="5" branch="False" />
            <line number="77" hits="5" branch="False" />
            <line number="79" hits="2" branch="False" />
            <line number="81" hits="2" branch="False" />
            <line number="82" hits="2" branch="False" />
            <line number="84" hits="5" branch="False" />
          </lines>
        </class>
        <class name="Encina.Messaging.Scheduling.SchedulerOrchestrator" filename="Scheduling\SchedulerOrchestrator.cs" line-rate="1" branch-rate="1" complexity="4">
          <methods>
            <method name="ScheduleAsync" signature="(TRequest,System.TimeSpan,System.Threading.CancellationToken)" line-rate="1" branch-rate="1" complexity="2">
              <lines>
                <line number="126" hits="3" branch="True" condition-coverage="100% (2/2)">
                  <conditions>
                    <condition number="11" type="jump" coverage="100%" />
                  </conditions>
                </line>
                <line number="128" hits="2" branch="False" />
                <line number="131" hits="1" branch="False" />
              </lines>
            </method>
            <method name=".ctor" signature="(Encina.Messaging.Scheduling.IScheduledMessageStore,Encina.Messaging.Scheduling.SchedulingOptions,Microsoft.Extensions.Logging.ILogger`1&lt;Encina.Messaging.Scheduling.SchedulerOrchestrator&gt;,Encina.Messaging.Scheduling.IScheduledMessageFactory,Encina.Messaging.Scheduling.ICronParser)" line-rate="1" branch-rate="1" complexity="1">
              <lines>
                <line number="50" hits="32" branch="False" />
                <line number="51" hits="32" branch="False" />
                <line number="52" hits="32" branch="False" />
                <line number="53" hits="32" branch="False" />
                <line number="54" hits="32" branch="False" />
                <line number="55" hits="32" branch="False" />
                <line number="57" hits="32" branch="False" />
                <line number="58" hits="31" branch="False" />
                <line number="59" hits="30" branch="False" />
                <line number="60" hits="29" branch="False" />
                <line number="62" hits="28" branch="False" />
                <line number="63" hits="28" branch="False" />
                <line number="64" hits="28" branch="False" />
                <line number="65" hits="28" branch="False" />
                <line number="66" hits="28" branch="False" />
                <line number="67" hits="28" branch="False" />
              </lines>
            </method>
            <method name=".cctor" signature="()" line-rate="1" branch-rate="1" complexity="1">
              <lines>
                <line number="36" hits="1" branch="False" />
                <line number="37" hits="1" branch="False" />
                <line number="38" hits="1" branch="False" />
                <line number="39" hits="1" branch="False" />
                <line number="40" hits="1" branch="False" />
              </lines>
            </method>
          </methods>
          <lines>
            <line number="126" hits="3" branch="True" condition-coverage="100% (2/2)">
              <conditions>
                <condition number="11" type="jump" coverage="100%" />
              </conditions>
            </line>
            <line number="128" hits="2" branch="False" />
            <line number="131" hits="1" branch="False" />
            <line number="50" hits="32" branch="False" />
            <line number="51" hits="32" branch="False" />
            <line number="52" hits="32" branch="False" />
            <line number="53" hits="32" branch="False" />
            <line number="54" hits="32" branch="False" />
            <line number="55" hits="32" branch="False" />
            <line number="57" hits="32" branch="False" />
            <line number="58" hits="31" branch="False" />
            <line number="59" hits="30" branch="False" />
            <line number="60" hits="29" branch="False" />
            <line number="62" hits="28" branch="False" />
            <line number="63" hits="28" branch="False" />
            <line number="64" hits="28" branch="False" />
            <line number="65" hits="28" branch="False" />
            <line number="66" hits="28" branch="False" />
            <line number="67" hits="28" branch="False" />
            <line number="36" hits="1" branch="False" />
            <line number="37" hits="1" branch="False" />
            <line number="38" hits="1" branch="False" />
            <line number="39" hits="1" branch="False" />
            <line number="40" hits="1" branch="False" />
          </lines>
        </class>
        <class name="Encina.Messaging.Scheduling.SchedulerOrchestrator/&lt;&gt;c" filename="Scheduling\SchedulerOrchestrator.cs" line-rate="1" branch-rate="1" complexity="2">
          <methods>
            <method name="&lt;HandleRecurringMessageAsync&gt;b__13_0" signature="(System.DateTime)" line-rate="1" branch-rate="1" complexity="1">
              <lines>
                <line number="305" hits="1" branch="False" />
              </lines>
            </method>
            <method name="&lt;HandleRecurringMessageAsync&gt;b__13_1" signature="(Encina.EncinaError)" line-rate="1" branch-rate="1" complexity="1">
              <lines>
                <line number="306" hits="1" branch="False" />
              </lines>
            </method>
          </methods>
          <lines>
            <line number="305" hits="1" branch="False" />
            <line number="306" hits="1" branch="False" />
          </lines>
        </class>
        <class name="Encina.Messaging.Scheduling.SchedulerOrchestrator/&lt;&gt;c__9`1" filename="Scheduling\SchedulerOrchestrator.cs" line-rate="0.75" branch-rate="1" complexity="4">
          <methods>
            <method name="&lt;ScheduleRecurringAsync&gt;b__9_0" signature="(System.DateTime)" line-rate="0" branch-rate="1" complexity="1">
              <lines>
                <line number="169" hits="0" branch="False" />
              </lines>
            </method>
            <method name="&lt;ScheduleRecurringAsync&gt;b__9_1" signature="(Encina.EncinaError)" line-rate="1" branch-rate="1" complexity="1">
              <lines>
                <line number="170" hits="2" branch="False" />
              </lines>
            </method>
            <method name="&lt;ScheduleRecurringAsync&gt;b__9_2" signature="(System.DateTime)" line-rate="1" branch-rate="1" complexity="1">
              <lines>
                <line number="174" hits="1" branch="False" />
              </lines>
            </method>
            <method name="&lt;ScheduleRecurringAsync&gt;b__9_3" signature="(Encina.EncinaError)" line-rate="1" branch-rate="1" complexity="1">
              <lines>
                <line number="175" hits="1" branch="False" />
              </lines>
            </method>
          </methods>
          <lines>
            <line number="169" hits="0" branch="False" />
            <line number="170" hits="2" branch="False" />
            <line number="174" hits="1" branch="False" />
            <line number="175" hits="1" branch="False" />
          </lines>
        </class>
        <class name="Encina.Messaging.Scheduling.SchedulerOrchestrator/&lt;CancelAsync&gt;d__10" filename="Scheduling\SchedulerOrchestrator.cs" line-rate="1" branch-rate="1" complexity="1">
          <methods>
            <method name="MoveNext" signature="()" line-rate="1" branch-rate="1" complexity="1">
              <lines>
                <line number="207" hits="1" branch="False" />
                <line number="208" hits="1" branch="False" />
                <line number="209" hits="1" branch="False" />
              </lines>
            </method>
          </methods>
          <lines>
            <line number="207" hits="1" branch="False" />
            <line number="208" hits="1" branch="False" />
            <line number="209" hits="1" branch="False" />
          </lines>
        </class>
        <class name="Encina.Messaging.Scheduling.SchedulerOrchestrator/&lt;GetPendingCountAsync&gt;d__12" filename="Scheduling\SchedulerOrchestrator.cs" line-rate="1" branch-rate="1" complexity="1">
          <methods>
            <method name="MoveNext" signature="()" line-rate="1" branch-rate="1" complexity="1">
              <lines>
                <line number="284" hits="1" branch="False" />
                <line number="285" hits="1" branch="False" />
                <line number="286" hits="1" branch="False" />
                <line number="287" hits="1" branch="False" />
                <line number="289" hits="1" branch="False" />
                <line number="290" hits="1" branch="False" />
              </lines>
            </method>
          </methods>
          <lines>
            <line number="284" hits="1" branch="False" />
            <line number="285" hits="1" branch="False" />
            <line number="286" hits="1" branch="False" />
            <line number="287" hits="1" branch="False" />
            <line number="289" hits="1" branch="False" />
            <line number="290" hits="1" branch="False" />
          </lines>
        </class>
        <class name="Encina.Messaging.Scheduling.SchedulerOrchestrator/&lt;HandleRecurringMessageAsync&gt;d__13" filename="Scheduling\SchedulerOrchestrator.cs" line-rate="1" branch-rate="1" complexity="6">
          <methods>
            <method name="MoveNext" signature="()" line-rate="1" branch-rate="1" complexity="6">
              <lines>
                <line number="294" hits="4" branch="True" condition-coverage="100% (4/4)">
                  <conditions>
                    <condition number="38" type="jump" coverage="100%" />
                    <condition number="56" type="jump" coverage="100%" />
                  </conditions>
                </line>
                <line number="296" hits="2" branch="False" />
                <line number="297" hits="2" branch="False" />
                <line number="300" hits="2" branch="False" />
                <line number="302" hits="2" branch="True" condition-coverage="100% (2/2)">
                  <conditions>
                    <condition number="224" type="jump" coverage="100%" />
                  </conditions>
                </line>
                <line number="304" hits="1" branch="False" />
                <line number="308" hits="1" branch="False" />
                <line number="309" hits="1" branch="False" />
                <line number="313" hits="1" branch="False" />
                <line number="314" hits="1" branch="False" />
                <line number="316" hits="4" branch="False" />
              </lines>
            </method>
          </methods>
          <lines>
            <line number="294" hits="4" branch="True" condition-coverage="100% (4/4)">
              <conditions>
                <condition number="38" type="jump" coverage="100%" />
                <condition number="56" type="jump" coverage="100%" />
              </conditions>
            </line>
            <line number="296" hits="2" branch="False" />
            <line number="297" hits="2" branch="False" />
            <line number="300" hits="2" branch="False" />
            <line number="302" hits="2" branch="True" condition-coverage="100% (2/2)">
              <conditions>
                <condition number="224" type="jump" coverage="100%" />
              </conditions>
            </line>
            <line number="304" hits="1" branch="False" />
            <line number="308" hits="1" branch="False" />
            <line number="309" hits="1" branch="False" />
            <line number="313" hits="1" branch="False" />
            <line number="314" hits="1" branch="False" />
            <line number="316" hits="4" branch="False" />
          </lines>
        </class>
        <class name="Encina.Messaging.Scheduling.SchedulerOrchestrator/&lt;MarkAsFailedAsync&gt;d__14" filename="Scheduling\SchedulerOrchestrator.cs" line-rate="1" branch-rate="1" complexity="1">
          <methods>
            <method name="MoveNext" signature="()" line-rate="1" branch-rate="1" complexity="1">
              <lines>
                <line number="320" hits="3" branch="False" />
                <line number="321" hits="3" branch="False" />
                <line number="322" hits="3" branch="False" />
              </lines>
            </method>
          </methods>
          <lines>
            <line number="320" hits="3" branch="False" />
            <line number="321" hits="3" branch="False" />
            <line number="322" hits="3" branch="False" />
          </lines>
        </class>
        <class name="Encina.Messaging.Scheduling.SchedulerOrchestrator/&lt;ProcessDueMessagesAsync&gt;d__11" filename="Scheduling\SchedulerOrchestrator.cs" line-rate="1" branch-rate="1" complexity="14">
          <methods>
            <method name="MoveNext" signature="()" line-rate="1" branch-rate="1" complexity="14">
              <lines>
                <line number="221" hits="11" branch="True" condition-coverage="100% (2/2)">
                  <conditions>
                    <condition number="21" type="jump" coverage="100%" />
                  </conditions>
                </line>
                <line number="223" hits="10" branch="False" />
                <line number="224" hits="10" branch="False" />
                <line number="225" hits="10" branch="False" />
                <line number="226" hits="10" branch="False" />
                <line number="228" hits="10" branch="False" />
                <line number="230" hits="39" branch="True" condition-coverage="100% (4/4)">
                  <conditions>
                    <condition number="204" type="jump" coverage="100%" />
                    <condition number="1337" type="jump" coverage="100%" />
                  </conditions>
                </line>
                <line number="232" hits="10" branch="True" condition-coverage="100% (2/2)">
                  <conditions>
                    <condition number="246" type="jump" coverage="100%" />
                  </conditions>
                </line>
                <line number="237" hits="9" branch="False" />
                <line number="238" hits="9" branch="True" condition-coverage="100% (2/2)">
                  <conditions>
                    <condition number="313" type="jump" coverage="100%" />
                  </conditions>
                </line>
                <line number="240" hits="1" branch="False" />
                <line number="241" hits="1" branch="False" />
                <line number="242" hits="1" branch="False" />
                <line number="245" hits="8" branch="False" />
                <line number="246" hits="8" branch="True" condition-coverage="100% (2/2)">
                  <conditions>
                    <condition number="525" type="jump" coverage="100%" />
                  </conditions>
                </line>
                <line number="248" hits="1" branch="False" />
                <line number="249" hits="1" branch="False" />
                <line number="250" hits="1" branch="False" />
                <line number="253" hits="7" branch="False" />
                <line number="255" hits="6" branch="True" condition-coverage="100% (2/2)">
                  <conditions>
                    <condition number="824" type="jump" coverage="100%" />
                  </conditions>
                </line>
                <line number="257" hits="4" branch="False" />
                <line number="261" hits="2" branch="False" />
                <line number="264" hits="6" branch="False" />
                <line number="265" hits="6" branch="False" />
                <line number="266" hits="6" branch="False" />
                <line number="267" hits="1" branch="False" />
                <line number="269" hits="1" branch="False" />
                <line number="270" hits="1" branch="False" />
                <line number="272" hits="7" branch="False" />
                <line number="274" hits="10" branch="False" />
                <line number="275" hits="10" branch="False" />
              </lines>
            </method>
          </methods>
          <lines>
            <line number="221" hits="11" branch="True" condition-coverage="100% (2/2)">
              <conditions>
                <condition number="21" type="jump" coverage="100%" />
              </conditions>
            </line>
            <line number="223" hits="10" branch="False" />
            <line number="224" hits="10" branch="False" />
            <line number="225" hits="10" branch="False" />
            <line number="226" hits="10" branch="False" />
            <line number="228" hits="10" branch="False" />
            <line number="230" hits="39" branch="True" condition-coverage="100% (4/4)">
              <conditions>
                <condition number="204" type="jump" coverage="100%" />
                <condition number="1337" type="jump" coverage="100%" />
              </conditions>
            </line>
            <line number="232" hits="10" branch="True" condition-coverage="100% (2/2)">
              <conditions>
                <condition number="246" type="jump" coverage="100%" />
              </conditions>
            </line>
            <line number="237" hits="9" branch="False" />
            <line number="238" hits="9" branch="True" condition-coverage="100% (2/2)">
              <conditions>
                <condition number="313" type="jump" coverage="100%" />
              </conditions>
            </line>
            <line number="240" hits="1" branch="False" />
            <line number="241" hits="1" branch="False" />
            <line number="242" hits="1" branch="False" />
            <line number="245" hits="8" branch="False" />
            <line number="246" hits="8" branch="True" condition-coverage="100% (2/2)">
              <conditions>
                <condition number="525" type="jump" coverage="100%" />
              </conditions>
            </line>
            <line number="248" hits="1" branch="False" />
            <line number="249" hits="1" branch="False" />
            <line number="250" hits="1" branch="False" />
            <line number="253" hits="7" branch="False" />
            <line number="255" hits="6" branch="True" condition-coverage="100% (2/2)">
              <conditions>
                <condition number="824" type="jump" coverage="100%" />
              </conditions>
            </line>
            <line number="257" hits="4" branch="False" />
            <line number="261" hits="2" branch="False" />
            <line number="264" hits="6" branch="False" />
            <line number="265" hits="6" branch="False" />
            <line number="266" hits="6" branch="False" />
            <line number="267" hits="1" branch="False" />
            <line number="269" hits="1" branch="False" />
            <line number="270" hits="1" branch="False" />
            <line number="272" hits="7" branch="False" />
            <line number="274" hits="10" branch="False" />
            <line number="275" hits="10" branch="False" />
          </lines>
        </class>
        <class name="Encina.Messaging.Scheduling.SchedulerOrchestrator/&lt;ScheduleAsync&gt;d__7`1" filename="Scheduling\SchedulerOrchestrator.cs" line-rate="1" branch-rate="0.6666" complexity="6">
          <methods>
            <method name="MoveNext" signature="()" line-rate="1" branch-rate="0.6666" complexity="6">
              <lines>
                <line number="83" hits="4" branch="False" />
                <line number="85" hits="3" branch="True" condition-coverage="100% (2/2)">
                  <conditions>
                    <condition number="57" type="jump" coverage="100%" />
                  </conditions>
                </line>
                <line number="87" hits="1" branch="False" />
                <line number="90" hits="2" branch="True" condition-coverage="50% (2/4)">
                  <conditions>
                    <condition number="92" type="jump" coverage="50%" />
                    <condition number="111" type="jump" coverage="50%" />
                  </conditions>
                </line>
                <line number="91" hits="2" branch="False" />
                <line number="92" hits="2" branch="False" />
                <line number="94" hits="2" branch="False" />
                <line number="96" hits="2" branch="False" />
                <line number="97" hits="2" branch="False" />
                <line number="98" hits="2" branch="False" />
                <line number="99" hits="2" branch="False" />
                <line number="100" hits="2" branch="False" />
                <line number="101" hits="2" branch="False" />
                <line number="102" hits="2" branch="False" />
                <line number="103" hits="2" branch="False" />
                <line number="105" hits="2" branch="False" />
                <line number="107" hits="2" branch="False" />
                <line number="109" hits="2" branch="False" />
                <line number="110" hits="2" branch="False" />
              </lines>
            </method>
          </methods>
          <lines>
            <line number="83" hits="4" branch="False" />
            <line number="85" hits="3" branch="True" condition-coverage="100% (2/2)">
              <conditions>
                <condition number="57" type="jump" coverage="100%" />
              </conditions>
            </line>
            <line number="87" hits="1" branch="False" />
            <line number="90" hits="2" branch="True" condition-coverage="50% (2/4)">
              <conditions>
[...]
              <conditions>
                <condition number="28" type="jump" coverage="100%" />
              </conditions>
            </line>
            <line number="210" hits="2" branch="False" />
            <line number="211" hits="2" branch="False" />
            <line number="222" hits="15" branch="False" />
            <line number="224" hits="14" branch="True" condition-coverage="100% (2/2)">
              <conditions>
                <condition number="18" type="jump" coverage="100%" />
              </conditions>
            </line>
            <line number="225" hits="14" branch="False" />
            <line number="226" hits="14" branch="False" />
            <line number="227" hits="14" branch="False" />
            <line number="228" hits="14" branch="False" />
            <line number="229" hits="14" branch="False" />
            <line number="230" hits="14" branch="False" />
            <line number="232" hits="14" branch="False" />
            <line number="233" hits="14" branch="False" />
            <line number="244" hits="2" branch="False" />
            <line number="246" hits="1" branch="False" />
            <line number="257" hits="2" branch="False" />
            <line number="259" hits="1" branch="False" />
            <line number="260" hits="1" branch="False" />
            <line number="261" hits="0" branch="False" />
            <line number="262" hits="0" branch="False" />
            <line number="263" hits="1" branch="False" />
            <line number="273" hits="12" branch="False" />
            <line number="275" hits="11" branch="False" />
            <line number="276" hits="11" branch="False" />
            <line number="177" hits="23" branch="False" />
            <line number="178" hits="23" branch="False" />
            <line number="179" hits="23" branch="False" />
            <line number="180" hits="23" branch="False" />
            <line number="182" hits="23" branch="False" />
            <line number="183" hits="23" branch="False" />
            <line number="184" hits="23" branch="False" />
            <line number="185" hits="23" branch="False" />
          </lines>
        </class>
        <class name="Encina.Messaging.ContentRouter.BuiltContentRouterDefinition`2" filename="ContentRouter\ContentRouterBuilder.cs" line-rate="1" branch-rate="1" complexity="5">
          <methods>
            <method name="get_Routes" signature="()" line-rate="1" branch-rate="1" complexity="1">
              <lines>
                <line number="291" hits="43" branch="False" />
              </lines>
            </method>
            <method name="get_DefaultRoute" signature="()" line-rate="1" branch-rate="1" complexity="1">
              <lines>
                <line number="296" hits="15" branch="False" />
              </lines>
            </method>
            <method name="get_RouteCount" signature="()" line-rate="1" branch-rate="1" complexity="1">
              <lines>
                <line number="301" hits="21" branch="False" />
              </lines>
            </method>
            <method name="get_HasDefaultRoute" signature="()" line-rate="1" branch-rate="1" complexity="1">
              <lines>
                <line number="306" hits="7" branch="False" />
              </lines>
            </method>
            <method name=".ctor" signature="(System.Collections.Generic.IReadOnlyList`1&lt;Encina.Messaging.ContentRouter.RouteDefinition`2&lt;TMessage,TResult&gt;&gt;,Encina.Messaging.ContentRouter.RouteDefinition`2&lt;TMessage,TResult&gt;)" line-rate="1" branch-rate="1" complexity="1">
              <lines>
                <line number="308" hits="32" branch="False" />
                <line number="309" hits="32" branch="False" />
                <line number="310" hits="32" branch="False" />
                <line number="312" hits="32" branch="False" />
                <line number="313" hits="32" branch="False" />
                <line number="314" hits="32" branch="False" />
              </lines>
            </method>
          </methods>
          <lines>
            <line number="291" hits="43" branch="False" />
            <line number="296" hits="15" branch="False" />
            <line number="301" hits="21" branch="False" />
            <line number="306" hits="7" branch="False" />
            <line number="308" hits="32" branch="False" />
            <line number="309" hits="32" branch="False" />
            <line number="310" hits="32" branch="False" />
            <line number="312" hits="32" branch="False" />
            <line number="313" hits="32" branch="False" />
            <line number="314" hits="32" branch="False" />
          </lines>
        </class>
        <class name="Encina.Messaging.ContentRouter.ContentRouterOptions" filename="ContentRouter\ContentRouterOptions.cs" line-rate="1" branch-rate="1" complexity="6">
          <methods>
            <method name="get_EnableRouteCaching" signature="()" line-rate="1" branch-rate="1" complexity="1">
              <lines>
                <line number="29" hits="31" branch="False" />
              </lines>
            </method>
            <method name="get_MaxCacheSize" signature="()" line-rate="1" branch-rate="1" complexity="1">
              <lines>
                <line number="38" hits="31" branch="False" />
              </lines>
            </method>
            <method name="get_ThrowOnNoMatch" signature="()" line-rate="1" branch-rate="1" complexity="1">
              <lines>
                <line number="50" hits="36" branch="False" />
              </lines>
            </method>
            <method name="get_AllowMultipleMatches" signature="()" line-rate="1" branch-rate="1" complexity="1">
              <lines>
                <line number="62" hits="32" branch="False" />
              </lines>
            </method>
            <method name="get_EvaluateInParallel" signature="()" line-rate="1" branch-rate="1" complexity="1">
              <lines>
                <line number="71" hits="11" branch="False" />
              </lines>
            </method>
            <method name="get_MaxDegreeOfParallelism" signature="()" line-rate="1" branch-rate="1" complexity="1">
              <lines>
                <line number="77" hits="33" branch="False" />
              </lines>
            </method>
          </methods>
          <lines>
            <line number="29" hits="31" branch="False" />
            <line number="38" hits="31" branch="False" />
            <line number="50" hits="36" branch="False" />
            <line number="62" hits="32" branch="False" />
            <line number="71" hits="11" branch="False" />
            <line number="77" hits="33" branch="False" />
          </lines>
        </class>
        <class name="Encina.Messaging.ContentRouter.ContentRouterResult" filename="ContentRouter\ContentRouterResult.cs" line-rate="1" branch-rate="1" complexity="1">
          <methods>
            <method name="Empty" signature="()" line-rate="1" branch-rate="1" complexity="1">
              <lines>
                <line number="14" hits="2" branch="False" />
              </lines>
            </method>
          </methods>
          <lines>
            <line number="14" hits="2" branch="False" />
          </lines>
        </class>
        <class name="Encina.Messaging.ContentRouter.ContentRouterResult`1" filename="ContentRouter\ContentRouterResult.cs" line-rate="1" branch-rate="1" complexity="6">
          <methods>
            <method name="get_RouteResults" signature="()" line-rate="1" branch-rate="1" complexity="1">
              <lines>
                <line number="26" hits="17" branch="False" />
              </lines>
            </method>
            <method name="get_MatchedRouteCount" signature="()" line-rate="1" branch-rate="1" complexity="1">
              <lines>
                <line number="31" hits="8" branch="False" />
              </lines>
            </method>
            <method name="get_TotalDuration" signature="()" line-rate="1" branch-rate="1" complexity="1">
              <lines>
                <line number="36" hits="2" branch="False" />
              </lines>
            </method>
            <method name="get_UsedDefaultRoute" signature="()" line-rate="1" branch-rate="1" complexity="1">
              <lines>
                <line number="41" hits="3" branch="False" />
              </lines>
            </method>
            <method name="get_HasMatches" signature="()" line-rate="1" branch-rate="1" complexity="1">
              <lines>
                <line number="46" hits="5" branch="False" />
              </lines>
            </method>
            <method name=".ctor" signature="(System.Collections.Generic.IReadOnlyList`1&lt;Encina.Messaging.ContentRouter.RouteExecutionResult`1&lt;TResult&gt;&gt;,System.Int32,System.TimeSpan,System.Boolean)" line-rate="1" branch-rate="1" complexity="1">
              <lines>
                <line number="55" hits="13" branch="False" />
                <line number="56" hits="13" branch="False" />
                <line number="57" hits="13" branch="False" />
                <line number="58" hits="13" branch="False" />
                <line number="59" hits="13" branch="False" />
                <line number="61" hits="13" branch="False" />
                <line number="62" hits="13" branch="False" />
                <line number="63" hits="13" branch="False" />
                <line number="64" hits="13" branch="False" />
                <line number="65" hits="13" branch="False" />
              </lines>
            </method>
          </methods>
          <lines>
            <line number="26" hits="17" branch="False" />
            <line number="31" hits="8" branch="False" />
            <line number="36" hits="2" branch="False" />
            <line number="41" hits="3" branch="False" />
            <line number="46" hits="5" branch="False" />
            <line number="55" hits="13" branch="False" />
            <line number="56" hits="13" branch="False" />
            <line number="57" hits="13" branch="False" />
            <line number="58" hits="13" branch="False" />
            <line number="59" hits="13" branch="False" />
            <line number="61" hits="13" branch="False" />
            <line number="62" hits="13" branch="False" />
            <line number="63" hits="13" branch="False" />
            <line number="64" hits="13" branch="False" />
            <line number="65" hits="13" branch="False" />
          </lines>
        </class>
        <class name="Encina.Messaging.ContentRouter.RouteExecutionResult`1" filename="ContentRouter\ContentRouterResult.cs" line-rate="1" branch-rate="1" complexity="5">
          <methods>
            <method name="get_RouteName" signature="()" line-rate="1" branch-rate="1" complexity="1">
              <lines>
                <line number="77" hits="6" branch="False" />
              </lines>
            </method>
            <method name="get_Result" signature="()" line-rate="1" branch-rate="1" complexity="1">
              <lines>
                <line number="82" hits="8" branch="False" />
              </lines>
            </method>
            <method name="get_Duration" signature="()" line-rate="1" branch-rate="1" complexity="1">
              <lines>
                <line number="87" hits="1" branch="False" />
              </lines>
            </method>
            <method name="get_ExecutedAtUtc" signature="()" line-rate="1" branch-rate="1" complexity="1">
              <lines>
                <line number="92" hits="1" branch="False" />
              </lines>
            </method>
            <method name=".ctor" signature="(System.String,TResult,System.TimeSpan,System.DateTime)" line-rate="1" branch-rate="1" complexity="1">
              <lines>
                <line number="101" hits="18" branch="False" />
                <line number="102" hits="18" branch="False" />
                <line number="103" hits="18" branch="False" />
                <line number="104" hits="18" branch="False" />
                <line number="105" hits="18" branch="False" />
                <line number="107" hits="18" branch="False" />
                <line number="108" hits="18" branch="False" />
                <line number="109" hits="18" branch="False" />
                <line number="110" hits="18" branch="False" />
                <line number="111" hits="18" branch="False" />
              </lines>
            </method>
          </methods>
          <lines>
            <line number="77" hits="6" branch="False" />
            <line number="82" hits="8" branch="False" />
            <line number="87" hits="1" branch="False" />
            <line number="92" hits="1" branch="False" />
            <line number="101" hits="18" branch="False" />
            <line number="102" hits="18" branch="False" />
            <line number="103" hits="18" branch="False" />
            <line number="104" hits="18" branch="False" />
            <line number="105" hits="18" branch="False" />
            <line number="107" hits="18" branch="False" />
            <line number="108" hits="18" branch="False" />
            <line number="109" hits="18" branch="False" />
            <line number="110" hits="18" branch="False" />
            <line number="111" hits="18" branch="False" />
          </lines>
        </class>
        <class name="Encina.Messaging.ContentRouter.RouteDefinition`2" filename="ContentRouter\RouteDefinition.cs" line-rate="1" branch-rate="1" complexity="8">
          <methods>
            <method name="get_Name" signature="()" line-rate="1" branch-rate="1" complexity="1">
              <lines>
                <line number="16" hits="55" branch="False" />
              </lines>
            </method>
            <method name="get_Condition" signature="()" line-rate="1" branch-rate="1" complexity="1">
              <lines>
                <line number="21" hits="23" branch="False" />
              </lines>
            </method>
            <method name="get_Handler" signature="()" line-rate="1" branch-rate="1" complexity="1">
              <lines>
                <line number="26" hits="16" branch="False" />
              </lines>
            </method>
            <method name="get_Priority" signature="()" line-rate="1" branch-rate="1" complexity="1">
              <lines>
                <line number="31" hits="11" branch="False" />
              </lines>
            </method>
            <method name="get_IsDefault" signature="()" line-rate="1" branch-rate="1" complexity="1">
              <lines>
                <line number="36" hits="2" branch="False" />
              </lines>
            </method>
            <method name="get_Metadata" signature="()" line-rate="1" branch-rate="1" complexity="1">
              <lines>
                <line number="41" hits="6" branch="False" />
              </lines>
            </method>
            <method name="Matches" signature="(TMessage)" line-rate="1" branch-rate="1" complexity="1">
              <lines>
                <line number="77" hits="22" branch="False" />
              </lines>
            </method>
            <method name=".ctor" signature="(System.String,System.Func`2&lt;TMessage,System.Boolean&gt;,System.Func`3&lt;TMessage,System.Threading.CancellationToken,System.Threading.Tasks.ValueTask`1&lt;LanguageExt.Either`2&lt;Encina.EncinaError,TResult&gt;&gt;&gt;,System.Int32,System.Boolean,System.Collections.Generic.IReadOnlyDictionary`2&lt;System.String,System.Object&gt;)" line-rate="1" branch-rate="1" complexity="1">
              <lines>
                <line number="52" hits="52" branch="False" />
                <line number="53" hits="52" branch="False" />
                <line number="54" hits="52" branch="False" />
                <line number="55" hits="52" branch="False" />
                <line number="56" hits="52" branch="False" />
                <line number="57" hits="52" branch="False" />
                <line number="58" hits="52" branch="False" />
                <line number="60" hits="52" branch="False" />
                <line number="61" hits="49" branch="False" />
                <line number="62" hits="48" branch="False" />
                <line number="64" hits="47" branch="False" />
                <line number="65" hits="47" branch="False" />
                <line number="66" hits="47" branch="False" />
                <line number="67" hits="47" branch="False" />
                <line number="68" hits="47" branch="False" />
                <line number="69" hits="47" branch="False" />
                <line number="70" hits="47" branch="False" />
              </lines>
            </method>
          </methods>
          <lines>
            <line number="16" hits="55" branch="False" />
            <line number="21" hits="23" branch="False" />
            <line number="26" hits="16" branch="False" />
            <line number="31" hits="11" branch="False" />
            <line number="36" hits="2" branch="False" />
            <line number="41" hits="6" branch="False" />
            <line number="77" hits="22" branch="False" />
            <line number="52" hits="52" branch="False" />
            <line number="53" hits="52" branch="False" />
            <line number="54" hits="52" branch="False" />
            <line number="55" hits="52" branch="False" />
            <line number="56" hits="52" branch="False" />
            <line number="57" hits="52" branch="False" />
            <line number="58" hits="52" branch="False" />
            <line number="60" hits="52" branch="False" />
            <line number="61" hits="49" branch="False" />
            <line number="62" hits="48" branch="False" />
            <line number="64" hits="47" branch="False" />
            <line number="65" hits="47" branch="False" />
            <line number="66" hits="47" branch="False" />
            <line number="67" hits="47" branch="False" />
            <line number="68" hits="47" branch="False" />
            <line number="69" hits="47" branch="False" />
            <line number="70" hits="47" branch="False" />
          </lines>
        </class>
        <class name="Encina.Messaging.Choreography.ChoreographyOptions" filename="Choreography\ChoreographyOptions.cs" line-rate="1" branch-rate="1" complexity="5">
          <methods>
            <method name="get_AutoCompensateOnFailure" signature="()" line-rate="1" branch-rate="1" complexity="1">
              <lines>
                <line number="15" hits="12" branch="False" />
              </lines>
            </method>
            <method name="get_SagaTimeout" signature="()" line-rate="1" branch-rate="1" complexity="1">
              <lines>
                <line number="23" hits="12" branch="False" />
              </lines>
            </method>
            <method name="get_PersistState" signature="()" line-rate="1" branch-rate="1" complexity="1">
              <lines>
                <line number="32" hits="12" branch="False" />
              </lines>
            </method>
            <method name="get_MaxCompensationRetries" signature="()" line-rate="1" branch-rate="1" complexity="1">
              <lines>
                <line number="37" hits="12" branch="False" />
              </lines>
            </method>
            <method name="get_CompensationRetryDelay" signature="()" line-rate="1" branch-rate="1" complexity="1">
              <lines>
                <line number="42" hits="12" branch="False" />
              </lines>
            </method>
          </methods>
          <lines>
            <line number="15" hits="12" branch="False" />
            <line number="23" hits="12" branch="False" />
            <line number="32" hits="12" branch="False" />
            <line number="37" hits="12" branch="False" />
            <line number="42" hits="12" branch="False" />
          </lines>
        </class>
      </classes>
    </package>
  </packages>
</coverage>