<?xml version="1.0" encoding="utf-8"?>
<coverage line-rate="0.8609" branch-rate="0.7909" version="1.9" timestamp="1767807486" lines-covered="322" lines-valid="374" branches-covered="87" branches-valid="110">
  <sources>
    <source>D:\Proyectos\Encina\src\Encina.Caching.Memory\</source>
  </sources>
  <packages>
    <package name="Encina.Caching.Memory" line-rate="0.8609" branch-rate="0.7909" complexity="135">
      <classes>
        <class name="Encina.Caching.Memory.MemoryCacheProvider" filename="MemoryCacheProvider.cs" line-rate="0.9759" branch-rate="0.8571" complexity="19">
          <methods>
            <method name="GetAsync" signature="(System.String,System.Threading.CancellationToken)" line-rate="1" branch-rate="1" complexity="2">
              <lines>
                <line number="54" hits="9" branch="False" />
                <line number="55" hits="8" branch="False" />
                <line number="57" hits="7" branch="True" condition-coverage="100% (2/2)">
                  <conditions>
                    <condition number="32" type="jump" coverage="100%" />
                  </conditions>
                </line>
                <line number="59" hits="6" branch="False" />
                <line number="60" hits="6" branch="False" />
                <line number="63" hits="1" branch="False" />
                <line number="64" hits="1" branch="False" />
              </lines>
            </method>
            <method name="SetAsync" signature="(System.String,T,System.Nullable`1&lt;System.TimeSpan&gt;,System.Threading.CancellationToken)" line-rate="1" branch-rate="1" complexity="4">
              <lines>
                <line number="70" hits="19" branch="False" />
                <line number="71" hits="18" branch="False" />
                <line number="73" hits="17" branch="True" condition-coverage="100% (2/2)">
                  <conditions>
                    <condition number="33" type="jump" coverage="100%" />
                  </conditions>
                </line>
                <line number="74" hits="17" branch="False" />
                <line number="75" hits="17" branch="False" />
                <line number="76" hits="17" branch="False" />
                <line number="79" hits="17" branch="False" />
                <line number="82" hits="17" branch="False" />
                <line number="83" hits="17" branch="False" />
                <line number="84" hits="6" branch="False" />
                <line number="85" hits="17" branch="False" />
                <line number="86" hits="6" branch="False" />
                <line number="87" hits="17" branch="False" />
                <line number="88" hits="23" branch="False" />
                <line number="90" hits="17" branch="False" />
                <line number="91" hits="17" branch="True" condition-coverage="100% (2/2)">
                  <conditions>
                    <condition number="130" type="jump" coverage="100%" />
                  </conditions>
                </line>
                <line number="93" hits="17" branch="False" />
              </lines>
            </method>
            <method name="RemoveAsync" signature="(System.String,System.Threading.CancellationToken)" line-rate="1" branch-rate="1" complexity="1">
              <lines>
                <line number="99" hits="4" branch="False" />
                <line number="100" hits="3" branch="False" />
                <line number="102" hits="2" branch="False" />
                <line number="103" hits="2" branch="False" />
                <line number="104" hits="2" branch="False" />
                <line number="106" hits="2" branch="False" />
              </lines>
            </method>
            <method name="RemoveByPatternAsync" signature="(System.String,System.Threading.CancellationToken)" line-rate="1" branch-rate="1" complexity="2">
              <lines>
                <line number="112" hits="4" branch="False" />
                <line number="113" hits="3" branch="False" />
                <line number="115" hits="2" branch="False" />
                <line number="116" hits="9" branch="False" />
                <line number="118" hits="12" branch="True" condition-coverage="100% (2/2)">
                  <conditions>
                    <condition number="121" type="jump" coverage="100%" />
                  </conditions>
                </line>
                <line number="120" hits="4" branch="False" />
                <line number="121" hits="4" branch="False" />
                <line number="124" hits="2" branch="False" />
                <line number="126" hits="2" branch="False" />
              </lines>
            </method>
            <method name="ExistsAsync" signature="(System.String,System.Threading.CancellationToken)" line-rate="1" branch-rate="1" complexity="1">
              <lines>
                <line number="132" hits="14" branch="False" />
                <line number="133" hits="13" branch="False" />
                <line number="135" hits="12" branch="False" />
              </lines>
            </method>
            <method name="SetWithSlidingExpirationAsync" signature="(System.String,T,System.TimeSpan,System.Nullable`1&lt;System.TimeSpan&gt;,System.Threading.CancellationToken)" line-rate="0.8946999999999999" branch-rate="1" complexity="2">
              <lines>
                <line number="187" hits="4" branch="False" />
                <line number="188" hits="3" branch="False" />
                <line number="190" hits="2" branch="False" />
                <line number="191" hits="2" branch="False" />
                <line number="192" hits="2" branch="False" />
                <line number="193" hits="2" branch="False" />
                <line number="195" hits="2" branch="True" condition-coverage="100% (2/2)">
                  <conditions>
                    <condition number="43" type="jump" coverage="100%" />
                  </conditions>
                </line>
                <line number="197" hits="1" branch="False" />
                <line number="201" hits="2" branch="False" />
                <line number="203" hits="2" branch="False" />
                <line number="204" hits="2" branch="False" />
                <line number="205" hits="0" branch="False" />
                <line number="206" hits="2" branch="False" />
                <line number="207" hits="0" branch="False" />
                <line number="208" hits="2" branch="False" />
                <line number="209" hits="2" branch="False" />
                <line number="211" hits="2" branch="False" />
                <line number="212" hits="2" branch="False" />
                <line number="214" hits="2" branch="False" />
              </lines>
            </method>
            <method name="RefreshAsync" signature="(System.String,System.Threading.CancellationToken)" line-rate="1" branch-rate="1" complexity="1">
              <lines>
                <line number="220" hits="4" branch="False" />
                <line number="221" hits="3" branch="False" />
                <line number="224" hits="2" branch="False" />
                <line number="225" hits="2" branch="False" />
              </lines>
            </method>
            <method name="GlobToRegex" signature="(System.String)" line-rate="1" branch-rate="1" complexity="1">
              <lines>
                <line number="234" hits="2" branch="False" />
                <line number="235" hits="2" branch="False" />
                <line number="236" hits="2" branch="False" />
                <line number="237" hits="2" branch="False" />
                <line number="238" hits="2" branch="False" />
                <line number="240" hits="2" branch="False" />
              </lines>
            </method>
            <method name=".ctor" signature="(Microsoft.Extensions.Caching.Memory.IMemoryCache,Microsoft.Extensions.Options.IOptions`1&lt;Encina.Caching.Memory.MemoryCacheOptions&gt;,Microsoft.Extensions.Logging.ILogger`1&lt;Encina.Caching.Memory.MemoryCacheProvider&gt;)" line-rate="1" branch-rate="1" complexity="1">
              <lines>
                <line number="29" hits="44" branch="False" />
                <line number="37" hits="44" branch="False" />
                <line number="38" hits="44" branch="False" />
                <line number="39" hits="44" branch="False" />
                <line number="40" hits="44" branch="False" />
                <line number="42" hits="44" branch="False" />
                <line number="43" hits="43" branch="False" />
                <line number="44" hits="42" branch="False" />
                <line number="46" hits="41" branch="False" />
                <line number="47" hits="41" branch="False" />
                <line number="48" hits="41" branch="False" />
                <line number="49" hits="41" branch="False" />
              </lines>
            </method>
          </methods>
          <lines>
            <line number="54" hits="9" branch="False" />
            <line number="55" hits="8" branch="False" />
            <line number="57" hits="7" branch="True" condition-coverage="100% (2/2)">
              <conditions>
                <condition number="32" type="jump" coverage="100%" />
              </conditions>
            </line>
            <line number="59" hits="6" branch="False" />
            <line number="60" hits="6" branch="False" />
            <line number="63" hits="1" branch="False" />
            <line number="64" hits="1" branch="False" />
            <line number="70" hits="19" branch="False" />
            <line number="71" hits="18" branch="False" />
            <line number="73" hits="17" branch="True" condition-coverage="100% (2/2)">
              <conditions>
                <condition number="33" type="jump" coverage="100%" />
              </conditions>
            </line>
            <line number="74" hits="17" branch="False" />
            <line number="75" hits="17" branch="False" />
            <line number="76" hits="17" branch="False" />
            <line number="79" hits="17" branch="False" />
            <line number="82" hits="17" branch="False" />
            <line number="83" hits="17" branch="False" />
            <line number="84" hits="6" branch="False" />
            <line number="85" hits="17" branch="False" />
            <line number="86" hits="6" branch="False" />
            <line number="87" hits="17" branch="False" />
            <line number="88" hits="23" branch="False" />
            <line number="90" hits="17" branch="False" />
            <line number="91" hits="17" branch="True" condition-coverage="100% (2/2)">
              <conditions>
                <condition number="130" type="jump" coverage="100%" />
              </conditions>
            </line>
            <line number="93" hits="17" branch="False" />
            <line number="99" hits="4" branch="False" />
            <line number="100" hits="3" branch="False" />
            <line number="102" hits="2" branch="False" />
            <line number="103" hits="2" branch="False" />
            <line number="104" hits="2" branch="False" />
            <line number="106" hits="2" branch="False" />
            <line number="112" hits="4" branch="False" />
            <line number="113" hits="3" branch="False" />
            <line number="115" hits="2" branch="False" />
            <line number="116" hits="9" branch="False" />
            <line number="118" hits="12" branch="True" condition-coverage="100% (2/2)">
              <conditions>
                <condition number="121" type="jump" coverage="100%" />
              </conditions>
            </line>
            <line number="120" hits="4" branch="False" />
            <line number="121" hits="4" branch="False" />
            <line number="124" hits="2" branch="False" />
            <line number="126" hits="2" branch="False" />
            <line number="132" hits="14" branch="False" />
            <line number="133" hits="13" branch="False" />
            <line number="135" hits="12" branch="False" />
            <line number="187" hits="4" branch="False" />
            <line number="188" hits="3" branch="False" />
            <line number="190" hits="2" branch="False" />
            <line number="191" hits="2" branch="False" />
            <line number="192" hits="2" branch="False" />
            <line number="193" hits="2" branch="False" />
            <line number="195" hits="2" branch="True" condition-coverage="100% (2/2)">
              <conditions>
                <condition number="43" type="jump" coverage="100%" />
              </conditions>
            </line>
            <line number="197" hits="1" branch="False" />
            <line number="201" hits="2" branch="False" />
            <line number="203" hits="2" branch="False" />
            <line number="204" hits="2" branch="False" />
            <line number="205" hits="0" branch="False" />
            <line number="206" hits="2" branch="False" />
            <line number="207" hits="0" branch="False" />
            <line number="208" hits="2" branch="False" />
            <line number="209" hits="2" branch="False" />
            <line number="211" hits="2" branch="False" />
            <line number="212" hits="2" branch="False" />
            <line number="214" hits="2" branch="False" />
            <line number="220" hits="4" branch="False" />
            <line number="221" hits="3" branch="False" />
            <line number="224" hits="2" branch="False" />
            <line number="225" hits="2" branch="False" />
            <line number="234" hits="2" branch="False" />
            <line number="235" hits="2" branch="False" />
            <line number="236" hits="2" branch="False" />
            <line number="237" hits="2" branch="False" />
            <line number="238" hits="2" branch="False" />
            <line number="240" hits="2" branch="False" />
            <line number="29" hits="44" branch="False" />
            <line number="37" hits="44" branch="False" />
            <line number="38" hits="44" branch="False" />
            <line number="39" hits="44" branch="False" />
            <line number="40" hits="44" branch="False" />
            <line number="42" hits="44" branch="False" />
            <line number="43" hits="43" branch="False" />
            <line number="44" hits="42" branch="False" />
            <line number="46" hits="41" branch="False" />
            <line number="47" hits="41" branch="False" />
            <line number="48" hits="41" branch="False" />
            <line number="49" hits="41" branch="False" />
          </lines>
        </class>
        <class name="Encina.Caching.Memory.MemoryCacheProvider/&lt;&gt;c__DisplayClass10_0`1" filename="MemoryCacheProvider.cs" line-rate="0.3333" branch-rate="0" complexity="2">
          <methods>
            <method name="&lt;GetOrSetAsync&gt;b__1" signature="(System.Object,System.Object,Microsoft.Extensions.Caching.Memory.EvictionReason,System.Object)" line-rate="0.3333" branch-rate="0" complexity="2">
              <lines>
                <line number="165" hits="0" branch="True" condition-coverage="0% (0/2)">
                  <conditions>
                    <condition number="8" type="jump" coverage="0%" />
                  </conditions>
                </line>
                <line number="167" hits="0" branch="False" />
                <line number="169" hits="1" branch="False" />
              </lines>
            </method>
          </methods>
          <lines>
            <line number="165" hits="0" branch="True" condition-coverage="0% (0/2)">
              <conditions>
                <condition number="8" type="jump" coverage="0%" />
              </conditions>
            </line>
            <line number="167" hits="0" branch="False" />
            <line number="169" hits="1" branch="False" />
          </lines>
        </class>
        <class name="Encina.Caching.Memory.MemoryCacheProvider/&lt;&gt;c__DisplayClass10_0`1/&lt;&lt;GetOrSetAsync&gt;b__0&gt;d" filename="MemoryCacheProvider.cs" line-rate="1" branch-rate="0.75" complexity="4">
          <methods>
            <method name="MoveNext" signature="()" line-rate="1" branch-rate="0.75" complexity="4">
              <lines>
                <line number="158" hits="1" branch="True" condition-coverage="50% (1/2)">
                  <conditions>
                    <condition number="40" type="jump" coverage="50%" />
                  </conditions>
                </line>
                <line number="161" hits="1" branch="False" />
                <line number="163" hits="1" branch="True" condition-coverage="100% (2/2)">
                  <conditions>
                    <condition number="114" type="jump" coverage="100%" />
                  </conditions>
                </line>
                <line number="164" hits="1" branch="False" />
                <line number="166" hits="1" branch="False" />
                <line number="168" hits="1" branch="False" />
                <line number="171" hits="1" branch="False" />
                <line number="172" hits="2" branch="False" />
              </lines>
            </method>
          </methods>
          <lines>
            <line number="158" hits="1" branch="True" condition-coverage="50% (1/2)">
              <conditions>
                <condition number="40" type="jump" coverage="50%" />
              </conditions>
            </line>
            <line number="161" hits="1" branch="False" />
            <line number="163" hits="1" branch="True" condition-coverage="100% (2/2)">
              <conditions>
                <condition number="114" type="jump" coverage="100%" />
              </conditions>
            </line>
            <line number="164" hits="1" branch="False" />
            <line number="166" hits="1" branch="False" />
            <line number="168" hits="1" branch="False" />
            <line number="171" hits="1" branch="False" />
            <line number="172" hits="2" branch="False" />
          </lines>
        </class>
        <class name="Encina.Caching.Memory.MemoryCacheProvider/&lt;GetOrSetAsync&gt;d__10`1" filename="MemoryCacheProvider.cs" line-rate="1" branch-rate="0.75" complexity="4">
          <methods>
            <method name="MoveNext" signature="()" line-rate="1" branch-rate="0.75" complexity="4">
              <lines>
                <line number="145" hits="5" branch="False" />
                <line number="146" hits="4" branch="False" />
                <line number="147" hits="3" branch="False" />
                <line number="149" hits="2" branch="True" condition-coverage="100% (2/2)">
                  <conditions>
                    <condition number="198" type="jump" coverage="100%" />
                  </conditions>
                </line>
                <line number="151" hits="1" branch="False" />
                <line number="152" hits="1" branch="False" />
                <line number="156" hits="1" branch="False" />
                <line number="157" hits="1" branch="False" />
                <line number="159" hits="1" branch="False" />
                <line number="160" hits="1" branch="False" />
                <line number="162" hits="1" branch="False" />
                <line number="170" hits="1" branch="False" />
                <line number="174" hits="1" branch="True" condition-coverage="50% (1/2)">
                  <conditions>
                    <condition number="408" type="jump" coverage="50%" />
                  </conditions>
                </line>
                <line number="176" hits="1" branch="False" />
                <line number="177" hits="2" branch="False" />
              </lines>
            </method>
          </methods>
          <lines>
            <line number="145" hits="5" branch="False" />
            <line number="146" hits="4" branch="False" />
            <line number="147" hits="3" branch="False" />
            <line number="149" hits="2" branch="True" condition-coverage="100% (2/2)">
              <conditions>
                <condition number="198" type="jump" coverage="100%" />
              </conditions>
            </line>
            <line number="151" hits="1" branch="False" />
            <line number="152" hits="1" branch="False" />
            <line number="156" hits="1" branch="False" />
            <line number="157" hits="1" branch="False" />
            <line number="159" hits="1" branch="False" />
            <line number="160" hits="1" branch="False" />
            <line number="162" hits="1" branch="False" />
            <line number="170" hits="1" branch="False" />
            <line number="174" hits="1" branch="True" condition-coverage="50% (1/2)">
              <conditions>
                <condition number="408" type="jump" coverage="50%" />
              </conditions>
            </line>
            <line number="176" hits="1" branch="False" />
            <line number="177" hits="2" branch="False" />
          </lines>
        </class>
        <class name="Encina.Caching.Memory.MemoryCacheOptions" filename="MemoryCacheProvider.cs" line-rate="1" branch-rate="1" complexity="1">
          <methods>
            <method name="get_DefaultExpiration" signature="()" line-rate="1" branch-rate="1" complexity="1">
              <lines>
                <line number="288" hits="95" branch="False" />
              </lines>
            </method>
          </methods>
          <lines>
            <line number="288" hits="95" branch="False" />
          </lines>
        </class>
        <class name="Encina.Caching.Memory.MemoryCacheProvider" filename="obj\Release\net10.0\Microsoft.Extensions.Logging.Generators\Microsoft.Extensions.Logging.Generators.LoggerMessageGenerator\LoggerMessage.g.cs" line-rate="0.4" branch-rate="0.5" complexity="13">
          <methods>
            <method name="LogCacheHit" signature="(Microsoft.Extensions.Logging.ILogger,System.String)" line-rate="0.6666" branch-rate="0.5" complexity="2">
              <lines>
                <line number="69" hits="7" branch="True" condition-coverage="50% (1/2)">
                  <conditions>
                    <condition number="7" type="jump" coverage="50%" />
                  </conditions>
                </line>
                <line number="71" hits="0" branch="False" />
                <line number="73" hits="7" branch="False" />
              </lines>
            </method>
            <method name="LogCacheMiss" signature="(Microsoft.Extensions.Logging.ILogger,System.String)" line-rate="0.6666" branch-rate="0.5" complexity="2">
              <lines>
                <line number="81" hits="1" branch="True" condition-coverage="50% (1/2)">
                  <conditions>
                    <condition number="7" type="jump" coverage="50%" />
                  </conditions>
                </line>
                <line number="83" hits="0" branch="False" />
                <line number="85" hits="1" branch="False" />
              </lines>
            </method>
            <method name="LogCacheSet" signature="(Microsoft.Extensions.Logging.ILogger,System.String,System.TimeSpan)" line-rate="0.6666" branch-rate="0.5" complexity="2">
              <lines>
                <line number="93" hits="18" branch="True" condition-coverage="50% (1/2)">
                  <conditions>
                    <condition number="7" type="jump" coverage="50%" />
                  </conditions>
                </line>
                <line number="95" hits="0" branch="False" />
                <line number="97" hits="18" branch="False" />
              </lines>
            </method>
            <method name="LogCacheSetSliding" signature="(Microsoft.Extensions.Logging.ILogger,System.String,System.TimeSpan,System.Nullable`1&lt;System.TimeSpan&gt;)" line-rate="0.6666" branch-rate="0.5" complexity="2">
              <lines>
                <line number="105" hits="2" branch="True" condition-coverage="50% (1/2)">
                  <conditions>
                    <condition number="7" type="jump" coverage="50%" />
                  </conditions>
                </line>
                <line number="107" hits="0" branch="False" />
                <line number="109" hits="2" branch="False" />
              </lines>
            </method>
            <method name="LogCacheRemove" signature="(Microsoft.Extensions.Logging.ILogger,System.String)" line-rate="0.6666" branch-rate="0.5" complexity="2">
              <lines>
                <line number="117" hits="2" branch="True" condition-coverage="50% (1/2)">
                  <conditions>
                    <condition number="7" type="jump" coverage="50%" />
                  </conditions>
                </line>
                <line number="119" hits="0" branch="False" />
                <line number="121" hits="2" branch="False" />
              </lines>
            </method>
            <method name="LogCacheRemovePattern" signature="(Microsoft.Extensions.Logging.ILogger,System.String,System.Int32)" line-rate="0.6666" branch-rate="0.5" complexity="2">
              <lines>
                <line number="129" hits="2" branch="True" condition-coverage="50% (1/2)">
                  <conditions>
                    <condition number="7" type="jump" coverage="50%" />
                  </conditions>
                </line>
                <line number="131" hits="0" branch="False" />
                <line number="133" hits="2" branch="False" />
              </lines>
            </method>
            <method name=".cctor" signature="()" line-rate="0" branch-rate="1" complexity="1">
              <lines>
                <line number="63" hits="0" branch="False" />
                <line number="64" hits="0" branch="False" />
                <line number="75" hits="0" branch="False" />
                <line number="76" hits="0" branch="False" />
                <line number="87" hits="0" branch="False" />
                <line number="88" hits="0" branch="False" />
                <line number="99" hits="0" branch="False" />
                <line number="100" hits="0" branch="False" />
                <line number="111" hits="0" branch="False" />
                <line number="112" hits="0" branch="False" />
                <line number="123" hits="0" branch="False" />
                <line number="124" hits="0" branch="False" />
              </lines>
            </method>
          </methods>
          <lines>
            <line number="69" hits="7" branch="True" condition-coverage="50% (1/2)">
              <conditions>
                <condition number="7" type="jump" coverage="50%" />
              </conditions>
            </line>
            <line number="71" hits="0" branch="False" />
            <line number="73" hits="7" branch="False" />
            <line number="81" hits="1" branch="True" condition-coverage="50% (1/2)">
              <conditions>
                <condition number="7" type="jump" coverage="50%" />
              </conditions>
            </line>
            <line number="83" hits="0" branch="False" />
            <line number="85" hits="1" branch="False" />
            <line number="93" hits="18" branch="True" condition-coverage="50% (1/2)">
              <conditions>
                <condition number="7" type="jump" coverage="50%" />
              </conditions>
            </line>
            <line number="95" hits="0" branch="False" />
            <line number="97" hits="18" branch="False" />
            <line number="105" hits="2" branch="True" condition-coverage="50% (1/2)">
              <conditions>
                <condition number="7" type="jump" coverage="50%" />
              </conditions>
            </line>
            <line number="107" hits="0" branch="False" />
            <line number="109" hits="2" branch="False" />
            <line number="117" hits="2" branch="True" condition-coverage="50% (1/2)">
              <conditions>
                <condition number="7" type="jump" coverage="50%" />
              </conditions>
            </line>
            <line number="119" hits="0" branch="False" />
            <line number="121" hits="2" branch="False" />
            <line number="129" hits="2" branch="True" condition-coverage="50% (1/2)">
              <conditions>
                <condition number="7" type="jump" coverage="50%" />
              </conditions>
            </line>
            <line number="131" hits="0" branch="False" />
            <line number="133" hits="2" branch="False" />
            <line number="63" hits="0" branch="False" />
            <line number="64" hits="0" branch="False" />
            <line number="75" hits="0" branch="False" />
            <line number="76" hits="0" branch="False" />
            <line number="87" hits="0" branch="False" />
            <line number="88" hits="0" branch="False" />
            <line number="99" hits="0" branch="False" />
            <line number="100" hits="0" branch="False" />
            <line number="111" hits="0" branch="False" />
            <line number="112" hits="0" branch="False" />
            <line number="123" hits="0" branch="False" />
            <line number="124" hits="0" branch="False" />
          </lines>
        </class>
        <class name="Encina.Caching.Memory.MemoryDistributedLockProvider" filename="obj\Release\net10.0\Microsoft.Extensions.Logging.Generators\Microsoft.Extensions.Logging.Generators.LoggerMessageGenerator\LoggerMessage.g.cs" line-rate="0.4" branch-rate="0.5" complexity="9">
          <methods>
            <method name="LogLockAcquired" signature="(Microsoft.Extensions.Logging.ILogger,System.String,System.String)" line-rate="0.6666" branch-rate="0.5" complexity="2">
              <lines>
                <line number="15" hits="17" branch="True" condition-coverage="50% (1/2)">
                  <conditions>
                    <condition number="7" type="jump" coverage="50%" />
                  </conditions>
                </line>
                <line number="17" hits="0" branch="False" />
                <line number="19" hits="17" branch="False" />
              </lines>
            </method>
            <method name="LogLockReleased" signature="(Microsoft.Extensions.Logging.ILogger,System.String,System.String)" line-rate="0.6666" branch-rate="0.5" complexity="2">
              <lines>
                <line number="27" hits="14" branch="True" condition-coverage="50% (1/2)">
                  <conditions>
                    <condition number="7" type="jump" coverage="50%" />
                  </conditions>
                </line>
                <line number="29" hits="0" branch="False" />
                <line number="31" hits="14" branch="False" />
              </lines>
            </method>
            <method name="LogLockExtended" signature="(Microsoft.Extensions.Logging.ILogger,System.String,System.TimeSpan)" line-rate="0.6666" branch-rate="0.5" complexity="2">
              <lines>
                <line number="39" hits="2" branch="True" condition-coverage="50% (1/2)">
                  <conditions>
                    <condition number="7" type="jump" coverage="50%" />
                  </conditions>
                </line>
                <line number="41" hits="0" branch="False" />
                <line number="43" hits="2" branch="False" />
              </lines>
            </method>
            <method name="LogLockFailed" signature="(Microsoft.Extensions.Logging.ILogger,System.String)" line-rate="0.6666" branch-rate="0.5" complexity="2">
              <lines>
                <line number="51" hits="10" branch="True" condition-coverage="50% (1/2)">
                  <conditions>
                    <condition number="7" type="jump" coverage="50%" />
                  </conditions>
                </line>
                <line number="53" hits="0" branch="False" />
                <line number="55" hits="10" branch="False" />
              </lines>
            </method>
            <method name=".cctor" signature="()" line-rate="0" branch-rate="1" complexity="1">
              <lines>
                <line number="9" hits="0" branch="False" />
                <line number="10" hits="0" branch="False" />
                <line number="21" hits="0" branch="False" />
                <line number="22" hits="0" branch="False" />
                <line number="33" hits="0" branch="False" />
                <line number="34" hits="0" branch="False" />
                <line number="45" hits="0" branch="False" />
                <line number="46" hits="0" branch="False" />
              </lines>
            </method>
          </methods>
          <lines>
            <line number="15" hits="17" branch="True" condition-coverage="50% (1/2)">
              <conditions>
                <condition number="7" type="jump" coverage="50%" />
              </conditions>
            </line>
            <line number="17" hits="0" branch="False" />
            <line number="19" hits="17" branch="False" />
            <line number="27" hits="14" branch="True" condition-coverage="50% (1/2)">
              <conditions>
                <condition number="7" type="jump" coverage="50%" />
              </conditions>
            </line>
            <line number="29" hits="0" branch="False" />
            <line number="31" hits="14" branch="False" />
            <line number="39" hits="2" branch="True" condition-coverage="50% (1/2)">
              <conditions>
                <condition number="7" type="jump" coverage="50%" />
              </conditions>
            </line>
            <line number="41" hits="0" branch="False" />
            <line number="43" hits="2" branch="False" />
            <line number="51" hits="10" branch="True" condition-coverage="50% (1/2)">
              <conditions>
                <condition number="7" type="jump" coverage="50%" />
              </conditions>
            </line>
            <line number="53" hits="0" branch="False" />
            <line number="55" hits="10" branch="False" />
            <line number="9" hits="0" branch="False" />
            <line number="10" hits="0" branch="False" />
            <line number="21" hits="0" branch="False" />
            <line number="22" hits="0" branch="False" />
            <line number="33" hits="0" branch="False" />
            <line number="34" hits="0" branch="False" />
            <line number="45" hits="0" branch="False" />
            <line number="46" hits="0" branch="False" />
          </lines>
        </class>
        <class name="Encina.Caching.Memory.MemoryPubSubProvider" filename="obj\Release\net10.0\Microsoft.Extensions.Logging.Generators\Microsoft.Extensions.Logging.Generators.LoggerMessageGenerator\LoggerMessage.g.cs" line-rate="0.4" branch-rate="0.5" complexity="11">
          <methods>
            <method name="LogPublish" signature="(Microsoft.Extensions.Logging.ILogger,System.String,System.String)" line-rate="0.6666" branch-rate="0.5" complexity="2">
              <lines>
                <line number="147" hits="14" branch="True" condition-coverage="50% (1/2)">
                  <conditions>
                    <condition number="7" type="jump" coverage="50%" />
                  </conditions>
                </line>
                <line number="149" hits="0" branch="False" />
                <line number="151" hits="14" branch="False" />
              </lines>
            </method>
            <method name="LogSubscribe" signature="(Microsoft.Extensions.Logging.ILogger,System.String)" line-rate="0.6666" branch-rate="0.5" complexity="2">
              <lines>
                <line number="159" hits="11" branch="True" condition-coverage="50% (1/2)">
                  <conditions>
                    <condition number="7" type="jump" coverage="50%" />
                  </conditions>
                </line>
                <line number="161" hits="0" branch="False" />
                <line number="163" hits="11" branch="False" />
              </lines>
            </method>
            <method name="LogSubscribePattern" signature="(Microsoft.Extensions.Logging.ILogger,System.String)" line-rate="0.6666" branch-rate="0.5" complexity="2">
              <lines>
                <line number="171" hits="4" branch="True" condition-coverage="50% (1/2)">
                  <conditions>
                    <condition number="7" type="jump" coverage="50%" />
                  </conditions>
                </line>
                <line number="173" hits="0" branch="False" />
                <line number="175" hits="4" branch="False" />
              </lines>
            </method>
            <method name="LogUnsubscribe" signature="(Microsoft.Extensions.Logging.ILogger,System.String)" line-rate="0.6666" branch-rate="0.5" complexity="2">
              <lines>
                <line number="183" hits="1" branch="True" condition-coverage="50% (1/2)">
                  <conditions>
                    <condition number="7" type="jump" coverage="50%" />
                  </conditions>
                </line>
                <line number="185" hits="0" branch="False" />
                <line number="187" hits="1" branch="False" />
              </lines>
            </method>
            <method name="LogUnsubscribePattern" signature="(Microsoft.Extensions.Logging.ILogger,System.String)" line-rate="0.6666" branch-rate="0.5" complexity="2">
              <lines>
                <line number="195" hits="1" branch="True" condition-coverage="50% (1/2)">
                  <conditions>
                    <condition number="7" type="jump" coverage="50%" />
                  </conditions>
                </line>
                <line number="197" hits="0" branch="False" />
                <line number="199" hits="1" branch="False" />
              </lines>
            </method>
            <method name=".cctor" signature="()" line-rate="0" branch-rate="1" complexity="1">
              <lines>
                <line number="141" hits="0" branch="False" />
                <line number="142" hits="0" branch="False" />
                <line number="153" hits="0" branch="False" />
                <line number="154" hits="0" branch="False" />
                <line number="165" hits="0" branch="False" />
                <line number="166" hits="0" branch="False" />
                <line number="177" hits="0" branch="False" />
                <line number="178" hits="0" branch="False" />
                <line number="189" hits="0" branch="False" />
                <line number="190" hits="0" branch="False" />
              </lines>
            </method>
          </methods>
          <lines>
            <line number="147" hits="14" branch="True" condition-coverage="50% (1/2)">
              <conditions>
                <condition number="7" type="jump" coverage="50%" />
              </conditions>
            </line>
            <line number="149" hits="0" branch="False" />
            <line number="151" hits="14" branch="False" />
            <line number="159" hits="11" branch="True" condition-coverage="50% (1/2)">
              <conditions>
                <condition number="7" type="jump" coverage="50%" />
              </conditions>
            </line>
            <line number="161" hits="0" branch="False" />
            <line number="163" hits="11" branch="False" />
            <line number="171" hits="4" branch="True" condition-coverage="50% (1/2)">
              <conditions>
                <condition number="7" type="jump" coverage="50%" />
              </conditions>
            </line>
            <line number="173" hits="0" branch="False" />
            <line number="175" hits="4" branch="False" />
            <line number="183" hits="1" branch="True" condition-coverage="50% (1/2)">
              <conditions>
                <condition number="7" type="jump" coverage="50%" />
              </conditions>
            </line>
            <line number="185" hits="0" branch="False" />
            <line number="187" hits="1" branch="False" />
            <line number="195" hits="1" branch="True" condition-coverage="50% (1/2)">
              <conditions>
                <condition number="7" type="jump" coverage="50%" />
              </conditions>
            </line>
            <line number="197" hits="0" branch="False" />
            <line number="199" hits="1" branch="False" />
            <line number="141" hits="0" branch="False" />
            <line number="142" hits="0" branch="False" />
            <line number="153" hits="0" branch="False" />
            <line number="154" hits="0" branch="False" />
            <line number="165" hits="0" branch="False" />
            <line number="166" hits="0" branch="False" />
            <line number="177" hits="0" branch="False" />
            <line number="178" hits="0" branch="False" />
            <line number="189" hits="0" branch="False" />
            <line number="190" hits="0" branch="False" />
          </lines>
        </class>
        <class name="Encina.Caching.Memory.MemoryDistributedLockProvider" filename="MemoryDistributedLockProvider.cs" line-rate="1" branch-rate="1" complexity="14">
          <methods>
            <method name="IsLockedAsync" signature="(System.String,System.Threading.CancellationToken)" line-rate="1" branch-rate="1" complexity="2">
              <lines>
                <line number="156" hits="7" branch="False" />
                <line number="157" hits="6" branch="False" />
                <line number="159" hits="5" branch="True" condition-coverage="100% (2/2)">
                  <conditions>
                    <condition number="32" type="jump" coverage="100%" />
                  </conditions>
                </line>
                <line number="162" hits="3" branch="False" />
                <line number="165" hits="2" branch="False" />
              </lines>
            </method>
            <method name="ExtendAsync" signature="(System.String,System.TimeSpan,System.Threading.CancellationToken)" line-rate="1" branch-rate="1" complexity="6">
              <lines>
                <line number="171" hits="6" branch="False" />
                <line number="172" hits="5" branch="False" />
                <line number="174" hits="4" branch="True" condition-coverage="100% (2/2)">
                  <conditions>
                    <condition number="32" type="jump" coverage="100%" />
                  </conditions>
                </line>
                <line number="176" hits="3" branch="False" />
                <line number="177" hits="3" branch="True" condition-coverage="100% (2/2)">
                  <conditions>
                    <condition number="66" type="jump" coverage="100%" />
                  </conditions>
                </line>
                <line number="179" hits="2" branch="False" />
                <line number="180" hits="2" branch="False" />
                <line number="182" hits="2" branch="True" condition-coverage="100% (2/2)">
                  <conditions>
                    <condition number="107" type="jump" coverage="100%" />
                  </conditions>
                </line>
                <line number="184" hits="2" branch="False" />
                <line number="185" hits="2" branch="False" />
                <line number="190" hits="2" branch="False" />
              </lines>
            </method>
            <method name="ReleaseLock" signature="(System.String,System.String)" line-rate="1" branch-rate="1" complexity="4">
              <lines>
                <line number="195" hits="14" branch="True" condition-coverage="100% (4/4)">
                  <conditions>
                    <condition number="14" type="jump" coverage="100%" />
                    <condition number="28" type="jump" coverage="100%" />
                  </conditions>
                </line>
                <line number="197" hits="14" branch="False" />
                <line number="198" hits="14" branch="False" />
                <line number="200" hits="14" branch="False" />
              </lines>
            </method>
            <method name=".ctor" signature="(Microsoft.Extensions.Logging.ILogger`1&lt;Encina.Caching.Memory.MemoryDistributedLockProvider&gt;)" line-rate="1" branch-rate="1" complexity="1">
              <lines>
                <line number="32" hits="28" branch="False" />
                <line number="34" hits="27" branch="False" />
              </lines>
            </method>
            <method name=".ctor" signature="(Microsoft.Extensions.Logging.ILogger`1&lt;Encina.Caching.Memory.MemoryDistributedLockProvider&gt;,System.TimeProvider)" line-rate="1" branch-rate="1" complexity="1">
              <lines>
                <line number="23" hits="32" branch="False" />
                <line number="41" hits="32" branch="False" />
                <line number="43" hits="32" branch="False" />
                <line number="44" hits="31" branch="False" />
                <line number="45" hits="31" branch="False" />
                <line number="46" hits="31" branch="False" />
                <line number="47" hits="31" branch="False" />
              </lines>
            </method>
          </methods>
          <lines>
            <line number="156" hits="7" branch="False" />
            <line number="157" hits="6" branch="False" />
            <line number="159" hits="5" branch="True" condition-coverage="100% (2/2)">
              <conditions>
                <condition number="32" type="jump" coverage="100%" />
              </conditions>
            </line>
            <line number="162" hits="3" branch="False" />
            <line number="165" hits="2" branch="False" />
            <line number="171" hits="6" branch="False" />
            <line number="172" hits="5" branch="False" />
            <line number="174" hits="4" branch="True" condition-coverage="100% (2/2)">
              <conditions>
                <condition number="32" type="jump" coverage="100%" />
              </conditions>
            </line>
            <line number="176" hits="3" branch="False" />
            <line number="177" hits="3" branch="True" condition-coverage="100% (2/2)">
              <conditions>
                <condition number="66" type="jump" coverage="100%" />
              </conditions>
            </line>
            <line number="179" hits="2" branch="False" />
            <line number="180" hits="2" branch="False" />
            <line number="182" hits="2" branch="True" condition-coverage="100% (2/2)">
              <conditions>
                <condition number="107" type="jump" coverage="100%" />
              </conditions>
            </line>
            <line number="184" hits="2" branch="False" />
            <line number="185" hits="2" branch="False" />
            <line number="190" hits="2" branch="False" />
            <line number="195" hits="14" branch="True" condition-coverage="100% (4/4)">
              <conditions>
                <condition number="14" type="jump" coverage="100%" />
                <condition number="28" type="jump" coverage="100%" />
              </conditions>
            </line>
            <line number="197" hits="14" branch="False" />
            <line number="198" hits="14" branch="False" />
            <line number="200" hits="14" branch="False" />
            <line number="32" hits="28" branch="False" />
            <line number="34" hits="27" branch="False" />
            <line number="23" hits="32" branch="False" />
            <line number="41" hits="32" branch="False" />
            <line number="43" hits="32" branch="False" />
            <line number="44" hits="31" branch="False" />
            <line number="45" hits="31" branch="False" />
            <line number="46" hits="31" branch="False" />
            <line number="47" hits="31" branch="False" />
          </lines>
        </class>
        <class name="Encina.Caching.Memory.MemoryDistributedLockProvider/LockEntry" filename="MemoryDistributedLockProvider.cs" line-rate="1" branch-rate="1" complexity="1">
          <methods>
            <method name="get_LockId" signature="()" line-rate="1" branch-rate="1" complexity="1">
              <lines>
                <line number="226" hits="178" branch="False" />
              </lines>
            </method>
          </methods>
          <lines>
            <line number="226" hits="178" branch="False" />
          </lines>
        </class>
        <class name="Encina.Caching.Memory.MemoryDistributedLockProvider/LockHandle" filename="MemoryDistributedLockProvider.cs" line-rate="1" branch-rate="1" complexity="3">
          <methods>
            <method name="DisposeAsync" signature="()" line-rate="1" branch-rate="1" complexity="2">
              <lines>
                <line number="244" hits="15" branch="True" condition-coverage="100% (2/2)">
                  <conditions>
                    <condition number="6" type="jump" coverage="100%" />
                  </conditions>
                </line>
                <line number="246" hits="14" branch="False" />
                <line number="247" hits="14" branch="False" />
                <line number="249" hits="15" branch="False" />
              </lines>
            </method>
            <method name=".ctor" signature="(Encina.Caching.Memory.MemoryDistributedLockProvider,System.String,System.String)" line-rate="1" branch-rate="1" complexity="1">
              <lines>
                <line number="235" hits="17" branch="False" />
                <line number="237" hits="17" branch="False" />
                <line number="238" hits="17" branch="False" />
                <line number="239" hits="17" branch="False" />
                <line number="240" hits="17" branch="False" />
              </lines>
            </method>
          </methods>
          <lines>
            <line number="244" hits="15" branch="True" condition-coverage="100% (2/2)">
              <conditions>
                <condition number="6" type="jump" coverage="100%" />
              </conditions>
            </line>
            <line number="246" hits="14" branch="False" />
            <line number="247" hits="14" branch="False" />
            <line number="249" hits="15" branch="False" />
            <line number="235" hits="17" branch="False" />
            <line number="237" hits="17" branch="False" />
            <line number="238" hits="17" branch="False" />
            <line number="239" hits="17" branch="False" />
            <line number="240" hits="17" branch="False" />
          </lines>
        </class>
        <class name="Encina.Caching.Memory.MemoryDistributedLockProvider/&lt;AcquireAsync&gt;d__6" filename="MemoryDistributedLockProvider.cs" line-rate="0.8421" branch-rate="0.75" complexity="8">
          <methods>
            <method name="MoveNext" signature="()" line-rate="0.8421" branch-rate="0.75" complexity="8">
              <lines>
                <line number="111" hits="12" branch="False" />
                <line number="112" hits="11" branch="False" />
                <line number="114" hits="10" branch="False" />
                <line number="115" hits="10" branch="False" />
                <line number="117" hits="1" branch="False" />
                <line number="119" hits="11" branch="False" />
                <line number="121" hits="11" branch="False" />
                <line number="122" hits="11" branch="False" />
                <line number="123" hits="11" branch="False" />
                <line number="126" hits="11" branch="True" condition-coverage="100% (2/2)">
                  <conditions>
                    <condition number="168" type="jump" coverage="100%" />
                  </conditions>
                </line>
                <line number="129" hits="1" branch="True" condition-coverage="50% (1/2)">
                  <conditions>
                    <condition number="184" type="jump" coverage="50%" />
                  </conditions>
                </line>
                <line number="132" hits="0" branch="True" condition-coverage="50% (1/2)">
                  <conditions>
                    <condition number="210" type="jump" coverage="50%" />
                  </conditions>
                </line>
                <line number="134" hits="0" branch="False" />
                <line number="135" hits="0" branch="False" />
                <line number="142" hits="10" branch="True" condition-coverage="100% (2/2)">
                  <conditions>
                    <condition number="278" type="jump" coverage="100%" />
                  </conditions>
                </line>
                <line number="144" hits="10" branch="False" />
                <line number="145" hits="10" branch="False" />
                <line number="149" hits="1" branch="False" />
                <line number="151" hits="10" branch="False" />
              </lines>
            </method>
          </methods>
          <lines>
            <line number="111" hits="12" branch="False" />
            <line number="112" hits="11" branch="False" />
            <line number="114" hits="10" branch="False" />
            <line number="115" hits="10" branch="False" />
            <line number="117" hits="1" branch="False" />
            <line number="119" hits="11" branch="False" />
            <line number="121" hits="11" branch="False" />
            <line number="122" hits="11" branch="False" />
            <line number="123" hits="11" branch="False" />
            <line number="126" hits="11" branch="True" condition-coverage="100% (2/2)">
              <conditions>
                <condition number="168" type="jump" coverage="100%" />
              </conditions>
            </line>
            <line number="129" hits="1" branch="True" condition-coverage="50% (1/2)">
              <conditions>
                <condition number="184" type="jump" coverage="50%" />
              </conditions>
            </line>
            <line number="132" hits="0" branch="True" condition-coverage="50% (1/2)">
              <conditions>
                <condition number="210" type="jump" coverage="50%" />
              </conditions>
            </line>
            <line number="134" hits="0" branch="False" />
            <line number="135" hits="0" branch="False" />
            <line number="142" hits="10" branch="True" condition-coverage="100% (2/2)">
              <conditions>
                <condition number="278" type="jump" coverage="100%" />
              </conditions>
            </line>
            <line number="144" hits="10" branch="False" />
            <line number="145" hits="10" branch="False" />
            <line number="149" hits="1" branch="False" />
            <line number="151" hits="10" branch="False" />
          </lines>
        </class>
        <class name="Encina.Caching.Memory.MemoryDistributedLockProvider/&lt;TryAcquireAsync&gt;d__5" filename="MemoryDistributedLockProvider.cs" line-rate="1" branch-rate="1" complexity="10">
          <methods>
            <method name="MoveNext" signature="()" line-rate="1" branch-rate="1" complexity="10">
              <lines>
                <line number="57" hits="19" branch="False" />
                <line number="58" hits="18" branch="False" />
                <line number="60" hits="17" branch="False" />
                <line number="61" hits="17" branch="False" />
                <line number="63" hits="85" branch="True" condition-coverage="100% (2/2)">
                  <conditions>
                    <condition number="503" type="jump" coverage="100%" />
                  </conditions>
                </line>
                <line number="65" hits="75" branch="False" />
                <line number="68" hits="75" branch="False" />
                <line number="69" hits="75" branch="False" />
                <line number="71" hits="75" branch="False" />
                <line number="74" hits="75" branch="True" condition-coverage="100% (2/2)">
                  <conditions>
                    <condition number="199" type="jump" coverage="100%" />
                  </conditions>
                </line>
                <line number="77" hits="69" branch="True" condition-coverage="100% (2/2)">
                  <conditions>
                    <condition number="215" type="jump" coverage="100%" />
                  </conditions>
                </line>
                <line number="80" hits="1" branch="True" condition-coverage="100% (2/2)">
                  <conditions>
                    <condition number="241" type="jump" coverage="100%" />
                  </conditions>
                </line>
                <line number="82" hits="1" branch="False" />
                <line number="83" hits="1" branch="False" />
                <line number="90" hits="6" branch="True" condition-coverage="100% (2/2)">
                  <conditions>
                    <condition number="309" type="jump" coverage="100%" />
                  </conditions>
                </line>
                <line number="92" hits="6" branch="False" />
                <line number="93" hits="6" branch="False" />
                <line number="98" hits="68" branch="False" />
                <line number="101" hits="10" branch="False" />
                <line number="102" hits="10" branch="False" />
                <line number="103" hits="17" branch="False" />
              </lines>
            </method>
          </methods>
          <lines>
            <line number="57" hits="19" branch="False" />
            <line number="58" hits="18" branch="False" />
            <line number="60" hits="17" branch="False" />
            <line number="61" hits="17" branch="False" />
            <line number="63" hits="85" branch="True" condition-coverage="100% (2/2)">
              <conditions>
                <condition number="503" type="jump" coverage="100%" />
              </conditions>
            </line>
            <line number="65" hits="75" branch="False" />
            <line number="68" hits="75" branch="False" />
            <line number="69" hits="75" branch="False" />
            <line number="71" hits="75" branch="False" />
            <line number="74" hits="75" branch="True" condition-coverage="100% (2/2)">
              <conditions>
                <condition number="199" type="jump" coverage="100%" />
              </conditions>
            </line>
            <line number="77" hits="69" branch="True" condition-coverage="100% (2/2)">
              <conditions>
                <condition number="215" type="jump" coverage="100%" />
              </conditions>
            </line>
            <line number="80" hits="1" branch="True" condition-coverage="100% (2/2)">
              <conditions>
                <condition number="241" type="jump" coverage="100%" />
              </conditions>
            </line>
            <line number="82" hits="1" branch="False" />
            <line number="83" hits="1" branch="False" />
            <line number="90" hits="6" branch="True" condition-coverage="100% (2/2)">
              <conditions>
                <condition number="309" type="jump" coverage="100%" />
              </conditions>
            </line>
            <line number="92" hits="6" branch="False" />
            <line number="93" hits="6" branch="False" />
            <line number="98" hits="68" branch="False" />
            <line number="101" hits="10" branch="False" />
            <line number="102" hits="10" branch="False" />
            <line number="103" hits="17" branch="False" />
          </lines>
        </class>
        <class name="Encina.Caching.Memory.MemoryPubSubProvider" filename="MemoryPubSubProvider.cs" line-rate="1" branch-rate="1" complexity="17">
          <methods>
            <method name="SubscribeAsync" signature="(System.String,System.Func`2&lt;System.String,System.Threading.Tasks.Task&gt;,System.Threading.CancellationToken)" line-rate="1" branch-rate="1" complexity="1">
              <lines>
                <line number="91" hits="14" branch="False" />
                <line number="92" hits="13" branch="False" />
                <line number="93" hits="12" branch="False" />
                <line number="95" hits="20" branch="False" />
                <line number="96" hits="11" branch="False" />
                <line number="98" hits="11" branch="False" />
                <line number="100" hits="11" branch="False" />
              </lines>
            </method>
            <method name="SubscribeAsync" signature="(System.String,System.Func`2&lt;T,System.Threading.Tasks.Task&gt;,System.Threading.CancellationToken)" line-rate="1" branch-rate="1" complexity="1">
              <lines>
                <line number="109" hits="3" branch="False" />
                <line number="110" hits="2" branch="False" />
                <line number="111" hits="1" branch="False" />
                <line number="114" hits="1" branch="False" />
                <line number="115" hits="1" branch="False" />
                <line number="116" hits="1" branch="False" />
                <line number="117" hits="1" branch="False" />
                <line number="118" hits="1" branch="False" />
                <line number="119" hits="1" branch="False" />
                <line number="120" hits="1" branch="False" />
                <line number="121" hits="2" branch="False" />
                <line number="123" hits="1" branch="False" />
              </lines>
            </method>
            <method name="SubscribePatternAsync" signature="(System.String,System.Func`3&lt;System.String,System.String,System.Threading.Tasks.Task&gt;,System.Threading.CancellationToken)" line-rate="1" branch-rate="1" complexity="1">
              <lines>
                <line number="132" hits="7" branch="False" />
                <line number="133" hits="6" branch="False" />
                <line number="134" hits="5" branch="False" />
                <line number="136" hits="8" branch="False" />
                <line number="137" hits="4" branch="False" />
                <line number="139" hits="4" branch="False" />
                <line number="141" hits="4" branch="False" />
              </lines>
            </method>
            <method name="UnsubscribeAsync" signature="(System.String,System.Threading.CancellationToken)" line-rate="1" branch-rate="1" complexity="1">
              <lines>
                <line number="147" hits="3" branch="False" />
                <line number="148" hits="2" branch="False" />
                <line number="150" hits="1" branch="False" />
                <line number="151" hits="1" branch="False" />
                <line number="153" hits="1" branch="False" />
              </lines>
            </method>
            <method name="UnsubscribePatternAsync" signature="(System.String,System.Threading.CancellationToken)" line-rate="1" branch-rate="1" complexity="1">
              <lines>
                <line number="159" hits="3" branch="False" />
                <line number="160" hits="2" branch="False" />
                <line number="162" hits="1" branch="False" />
                <line number="163" hits="1" branch="False" />
                <line number="165" hits="1" branch="False" />
              </lines>
            </method>
            <method name="GetSubscriberCountAsync" signature="(System.String,System.Threading.CancellationToken)" line-rate="1" branch-rate="1" complexity="6">
              <lines>
                <line number="171" hits="5" branch="False" />
                <line number="172" hits="4" branch="False" />
                <line number="174" hits="3" branch="False" />
                <line number="176" hits="3" branch="True" condition-coverage="100% (2/2)">
                  <conditions>
                    <condition number="35" type="jump" coverage="100%" />
                  </conditions>
                </line>
                <line number="178" hits="2" branch="False" />
                <line number="182" hits="8" branch="True" condition-coverage="100% (2/2)">
                  <conditions>
                    <condition number="109" type="jump" coverage="100%" />
                  </conditions>
                </line>
                <line number="184" hits="1" branch="True" condition-coverage="100% (2/2)">
                  <conditions>
                    <condition number="91" type="jump" coverage="100%" />
                  </conditions>
                </line>
                <line number="186" hits="1" branch="False" />
                <line number="190" hits="3" branch="False" />
              </lines>
            </method>
            <method name="RemoveChannelSubscriber" signature="(System.String,System.Func`2&lt;System.String,System.Threading.Tasks.Task&gt;)" line-rate="1" branch-rate="1" complexity="2">
              <lines>
                <line number="195" hits="1" branch="True" condition-coverage="100% (2/2)">
                  <conditions>
                    <condition number="27" type="jump" coverage="100%" />
                  </conditions>
                </line>
                <line number="198" hits="1" branch="False" />
                <line number="199" hits="2" branch="False" />
                <line number="200" hits="1" branch="False" />
                <line number="202" hits="1" branch="False" />
              </lines>
            </method>
            <method name="RemovePatternSubscriber" signature="(System.String,System.Func`3&lt;System.String,System.String,System.Threading.Tasks.Task&gt;)" line-rate="1" branch-rate="1" complexity="2">
              <lines>
                <line number="206" hits="1" branch="True" condition-coverage="100% (2/2)">
                  <conditions>
                    <condition number="27" type="jump" coverage="100%" />
                  </conditions>
                </line>
                <line number="208" hits="1" branch="False" />
                <line number="209" hits="2" branch="False" />
                <line number="210" hits="1" branch="False" />
                <line number="212" hits="1" branch="False" />
              </lines>
            </method>
            <method name="MatchesPattern" signature="(System.String,System.String)" line-rate="1" branch-rate="1" complexity="1">
              <lines>
                <line number="217" hits="6" branch="False" />
                <line number="218" hits="6" branch="False" />
                <line number="219" hits="6" branch="False" />
                <line number="221" hits="6" branch="False" />
              </lines>
            </method>
            <method name=".ctor" signature="(Microsoft.Extensions.Logging.ILogger`1&lt;Encina.Caching.Memory.MemoryPubSubProvider&gt;)" line-rate="1" branch-rate="1" complexity="1">
              <lines>
                <line number="25" hits="37" branch="False" />
                <line number="26" hits="37" branch="False" />
                <line number="28" hits="37" branch="False" />
                <line number="29" hits="37" branch="False" />
                <line number="30" hits="37" branch="False" />
                <line number="31" hits="37" branch="False" />
                <line number="32" hits="37" branch="False" />
                <line number="38" hits="37" branch="False" />
                <line number="40" hits="37" branch="False" />
                <line number="41" hits="36" branch="False" />
                <line number="42" hits="36" branch="False" />
              </lines>
            </method>
          </methods>
          <lines>
            <line number="91" hits="14" branch="False" />
            <line number="92" hits="13" branch="False" />
            <line number="93" hits="12" branch="False" />
            <line number="95" hits="20" branch="False" />
            <line number="96" hits="11" branch="False" />
            <line number="98" hits="11" branch="False" />
            <line number="100" hits="11" branch="False" />
            <line number="109" hits="3" branch="False" />
            <line number="110" hits="2" branch="False" />
            <line number="111" hits="1" branch="False" />
            <line number="114" hits="1" branch="False" />
            <line number="115" hits="1" branch="False" />
            <line number="116" hits="1" branch="False" />
            <line number="117" hits="1" branch="False" />
            <line number="118" hits="1" branch="False" />
            <line number="119" hits="1" branch="False" />
            <line number="120" hits="1" branch="False" />
            <line number="121" hits="2" branch="False" />
            <line number="123" hits="1" branch="False" />
            <line number="132" hits="7" branch="False" />
            <line number="133" hits="6" branch="False" />
            <line number="134" hits="5" branch="False" />
            <line number="136" hits="8" branch="False" />
            <line number="137" hits="4" branch="False" />
            <line number="139" hits="4" branch="False" />
            <line number="141" hits="4" branch="False" />
            <line number="147" hits="3" branch="False" />
            <line number="148" hits="2" branch="False" />
            <line number="150" hits="1" branch="False" />
            <line number="151" hits="1" branch="False" />
            <line number="153" hits="1" branch="False" />
            <line number="159" hits="3" branch="False" />
            <line number="160" hits="2" branch="False" />
            <line number="162" hits="1" branch="False" />
            <line number="163" hits="1" branch="False" />
            <line number="165" hits="1" branch="False" />
            <line number="171" hits="5" branch="False" />
            <line number="172" hits="4" branch="False" />
            <line number="174" hits="3" branch="False" />
            <line number="176" hits="3" branch="True" condition-coverage="100% (2/2)">
              <conditions>
                <condition number="35" type="jump" coverage="100%" />
              </conditions>
            </line>
            <line number="178" hits="2" branch="False" />
            <line number="182" hits="8" branch="True" condition-coverage="100% (2/2)">
              <conditions>
                <condition number="109" type="jump" coverage="100%" />
              </conditions>
            </line>
            <line number="184" hits="1" branch="True" condition-coverage="100% (2/2)">
              <conditions>
                <condition number="91" type="jump" coverage="100%" />
              </conditions>
            </line>
            <line number="186" hits="1" branch="False" />
            <line number="190" hits="3" branch="False" />
            <line number="195" hits="1" branch="True" condition-coverage="100% (2/2)">
              <conditions>
                <condition number="27" type="jump" coverage="100%" />
              </conditions>
            </line>
            <line number="198" hits="1" branch="False" />
            <line number="199" hits="2" branch="False" />
            <line number="200" hits="1" branch="False" />
            <line number="202" hits="1" branch="False" />
            <line number="206" hits="1" branch="True" condition-coverage="100% (2/2)">
              <conditions>
                <condition number="27" type="jump" coverage="100%" />
              </conditions>
            </line>
            <line number="208" hits="1" branch="False" />
            <line number="209" hits="2" branch="False" />
            <line number="210" hits="1" branch="False" />
            <line number="212" hits="1" branch="False" />
            <line number="217" hits="6" branch="False" />
            <line number="218" hits="6" branch="False" />
            <line number="219" hits="6" branch="False" />
            <line number="221" hits="6" branch="False" />
            <line number="25" hits="37" branch="False" />
            <line number="26" hits="37" branch="False" />
            <line number="28" hits="37" branch="False" />
            <line number="29" hits="37" branch="False" />
            <line number="30" hits="37" branch="False" />
            <line number="31" hits="37" branch="False" />
            <line number="32" hits="37" branch="False" />
            <line number="38" hits="37" branch="False" />
            <line number="40" hits="37" branch="False" />
            <line number="41" hits="36" branch="False" />
            <line number="42" hits="36" branch="False" />
          </lines>
        </class>
        <class name="Encina.Caching.Memory.MemoryPubSubProvider/ChannelSubscription" filename="MemoryPubSubProvider.cs" line-rate="1" branch-rate="1" complexity="2">
          <methods>
            <method name="DisposeAsync" signature="()" line-rate="1" branch-rate="1" complexity="1">
              <lines>
                <line number="269" hits="1" branch="False" />
                <line number="270" hits="1" branch="False" />
              </lines>
            </method>
            <method name=".ctor" signature="(Encina.Caching.Memory.MemoryPubSubProvider,System.String,System.Func`2&lt;System.String,System.Threading.Tasks.Task&gt;)" line-rate="1" branch-rate="1" complexity="1">
              <lines>
                <line number="260" hits="11" branch="False" />
                <line number="262" hits="11" branch="False" />
                <line number="263" hits="11" branch="False" />
                <line number="264" hits="11" branch="False" />
                <line number="265" hits="11" branch="False" />
              </lines>
            </method>
          </methods>
          <lines>
            <line number="269" hits="1" branch="False" />
            <line number="270" hits="1" branch="False" />
            <line number="260" hits="11" branch="False" />
            <line number="262" hits="11" branch="False" />
            <line number="263" hits="11" branch="False" />
            <line number="264" hits="11" branch="False" />
            <line number="265" hits="11" branch="False" />
          </lines>
        </class>
        <class name="Encina.Caching.Memory.MemoryPubSubProvider/PatternSubscription" filename="MemoryPubSubProvider.cs" line-rate="1" branch-rate="1" complexity="2">
          <methods>
            <method name="DisposeAsync" signature="()" line-rate="1" branch-rate="1" complexity="1">
              <lines>
                <line number="289" hits="1" branch="False" />
                <line number="290" hits="1" branch="False" />
              </lines>
            </method>
            <method name=".ctor" signature="(Encina.Caching.Memory.MemoryPubSubProvider,System.String,System.Func`3&lt;System.String,System.String,System.Threading.Tasks.Task&gt;)" line-rate="1" branch-rate="1" complexity="1">
              <lines>
                <line number="280" hits="4" branch="False" />
                <line number="282" hits="4" branch="False" />
                <line number="283" hits="4" branch="False" />
                <line number="284" hits="4" branch="False" />
                <line number="285" hits="4" branch="False" />
              </lines>
            </method>
          </methods>
          <lines>
            <line number="289" hits="1" branch="False" />
            <line number="290" hits="1" branch="False" />
            <line number="280" hits="4" branch="False" />
            <line number="282" hits="4" branch="False" />
            <line number="283" hits="4" branch="False" />
            <line number="284" hits="4" branch="False" />
            <line number="285" hits="4" branch="False" />
          </lines>
        </class>
        <class name="Encina.Caching.Memory.MemoryPubSubProvider/&lt;PublishAsync&gt;d__5" filename="MemoryPubSubProvider.cs" line-rate="1" branch-rate="1" complexity="10">
          <methods>
            <method name="MoveNext" signature="()" line-rate="1" branch-rate="1" complexity="10">
              <lines>
                <line number="47" hits="17" branch="False" />
                <line number="48" hits="16" branch="False" />
                <line number="49" hits="15" branch="False" />
                <line number="51" hits="14" branch="False" />
                <line number="54" hits="14" branch="True" condition-coverage="100% (2/2)">
                  <conditions>
                    <condition number="109" type="jump" coverage="100%" />
                  </conditions>
                </line>
                <line number="56" hits="24" branch="True" condition-coverage="100% (2/2)">
                  <conditions>
                    <condition number="260" type="jump" coverage="100%" />
                  </conditions>
                </line>
                <line number="58" hits="6" branch="False" />
                <line number="63" hits="38" branch="True" condition-coverage="100% (2/2)">
                  <conditions>
                    <condition number="574" type="jump" coverage="100%" />
                  </conditions>
                </line>
                <line number="65" hits="5" branch="True" condition-coverage="100% (2/2)">
                  <conditions>
                    <condition number="366" type="jump" coverage="100%" />
                  </conditions>
                </line>
                <line number="67" hits="14" branch="True" condition-coverage="100% (2/2)">
                  <conditions>
                    <condition number="525" type="jump" coverage="100%" />
                  </conditions>
                </line>
                <line number="69" hits="3" branch="False" />
                <line number="73" hits="14" branch="False" />
              </lines>
            </method>
          </methods>
          <lines>
            <line number="47" hits="17" branch="False" />
            <line number="48" hits="16" branch="False" />
            <line number="49" hits="15" branch="False" />
            <line number="51" hits="14" branch="False" />
            <line number="54" hits="14" branch="True" condition-coverage="100% (2/2)">
              <conditions>
                <condition number="109" type="jump" coverage="100%" />
              </conditions>
            </line>
            <line number="56" hits="24" branch="True" condition-coverage="100% (2/2)">
              <conditions>
                <condition number="260" type="jump" coverage="100%" />
              </conditions>
            </line>
            <line number="58" hits="6" branch="False" />
            <line number="63" hits="38" branch="True" condition-coverage="100% (2/2)">
              <conditions>
                <condition number="574" type="jump" coverage="100%" />
              </conditions>
            </line>
            <line number="65" hits="5" branch="True" condition-coverage="100% (2/2)">
              <conditions>
                <condition number="366" type="jump" coverage="100%" />
              </conditions>
            </line>
            <line number="67" hits="14" branch="True" condition-coverage="100% (2/2)">
              <conditions>
                <condition number="525" type="jump" coverage="100%" />
              </conditions>
            </line>
            <line number="69" hits="3" branch="False" />
            <line number="73" hits="14" branch="False" />
          </lines>
        </class>
        <class name="Encina.Caching.Memory.MemoryPubSubProvider/&lt;PublishAsync&gt;d__6`1" filename="MemoryPubSubProvider.cs" line-rate="1" branch-rate="1" complexity="1">
          <methods>
            <method name="MoveNext" signature="()" line-rate="1" branch-rate="1" complexity="1">
              <lines>
                <line number="78" hits="4" branch="False" />
                <line number="79" hits="3" branch="False" />
                <line number="81" hits="2" branch="False" />
                <line number="82" hits="2" branch="False" />
                <line number="83" hits="2" branch="False" />
              </lines>
            </method>
          </methods>
          <lines>
            <line number="78" hits="4" branch="False" />
            <line number="79" hits="3" branch="False" />
            <line number="81" hits="2" branch="False" />
            <line number="82" hits="2" branch="False" />
            <line number="83" hits="2" branch="False" />
          </lines>
        </class>
        <class name="Encina.Caching.Memory.MemoryPubSubProvider/&lt;&gt;c__DisplayClass8_0`1/&lt;&lt;SubscribeAsync&gt;b__0&gt;d" filename="MemoryPubSubProvider.cs" line-rate="1" branch-rate="1" complexity="2">
          <methods />
          <lines />
        </class>
        <class name="Encina.Caching.Memory.ServiceCollectionExtensions" filename="ServiceCollectionExtensions.cs" line-rate="1" branch-rate="1" complexity="2">
          <methods>
            <method name="AddEncinaMemoryCache" signature="(Microsoft.Extensions.DependencyInjection.IServiceCollection,System.Action`1&lt;Encina.Caching.Memory.MemoryCacheOptions&gt;)" line-rate="1" branch-rate="1" complexity="2">
              <lines>
                <line number="49" hits="13" branch="False" />
                <line number="52" hits="12" branch="False" />
                <line number="55" hits="12" branch="True" condition-coverage="100% (2/2)">
                  <conditions>
                    <condition number="19" type="jump" coverage="100%" />
                  </conditions>
                </line>
                <line number="57" hits="1" branch="False" />
                <line number="61" hits="11" branch="False" />
                <line number="65" hits="12" branch="False" />
                <line number="66" hits="12" branch="False" />
                <line number="67" hits="12" branch="False" />
                <line number="69" hits="12" branch="False" />
              </lines>
            </method>
          </methods>
          <lines>
            <line number="49" hits="13" branch="False" />
            <line number="52" hits="12" branch="False" />
            <line number="55" hits="12" branch="True" condition-coverage="100% (2/2)">
              <conditions>
                <condition number="19" type="jump" coverage="100%" />
              </conditions>
            </line>
            <line number="57" hits="1" branch="False" />
            <line number="61" hits="11" branch="False" />
            <line number="65" hits="12" branch="False" />
            <line number="66" hits="12" branch="False" />
            <line number="67" hits="12" branch="False" />
            <line number="69" hits="12" branch="False" />
          </lines>
        </class>
      </classes>
    </package>
  </packages>
</coverage>