<?xml version="1.0" encoding="utf-8"?>
<coverage line-rate="0.8711" branch-rate="0.8214" version="1.9" timestamp="1767794183" lines-covered="169" lines-valid="194" branches-covered="46" branches-valid="56">
  <sources>
    <source>D:\Proyectos\Encina\src\Encina.Kafka\</source>
  </sources>
  <packages>
    <package name="Encina.Kafka" line-rate="0.8711" branch-rate="0.8214" complexity="77">
      <classes>
        <class name="Encina.Kafka.EncinaKafkaOptions" filename="EncinaKafkaOptions.cs" line-rate="1" branch-rate="1" complexity="10">
          <methods>
            <method name="get_BootstrapServers" signature="()" line-rate="1" branch-rate="1" complexity="1">
              <lines>
                <line number="13" hits="67" branch="False" />
              </lines>
            </method>
            <method name="get_GroupId" signature="()" line-rate="1" branch-rate="1" complexity="1">
              <lines>
                <line number="18" hits="66" branch="False" />
              </lines>
            </method>
            <method name="get_DefaultCommandTopic" signature="()" line-rate="1" branch-rate="1" complexity="1">
              <lines>
                <line number="23" hits="87" branch="False" />
              </lines>
            </method>
            <method name="get_DefaultEventTopic" signature="()" line-rate="1" branch-rate="1" complexity="1">
              <lines>
                <line number="28" hits="112" branch="False" />
              </lines>
            </method>
            <method name="get_AutoOffsetReset" signature="()" line-rate="1" branch-rate="1" complexity="1">
              <lines>
                <line number="33" hits="66" branch="False" />
              </lines>
            </method>
            <method name="get_EnableAutoCommit" signature="()" line-rate="1" branch-rate="1" complexity="1">
              <lines>
                <line number="38" hits="10" branch="False" />
              </lines>
            </method>
            <method name="get_Acks" signature="()" line-rate="1" branch-rate="1" complexity="1">
              <lines>
                <line number="43" hits="70" branch="False" />
              </lines>
            </method>
            <method name="get_EnableIdempotence" signature="()" line-rate="1" branch-rate="1" complexity="1">
              <lines>
                <line number="48" hits="66" branch="False" />
              </lines>
            </method>
            <method name="get_MessageTimeoutMs" signature="()" line-rate="1" branch-rate="1" complexity="1">
              <lines>
                <line number="53" hits="66" branch="False" />
              </lines>
            </method>
            <method name="get_ProviderHealthCheck" signature="()" line-rate="1" branch-rate="1" complexity="1">
              <lines>
                <line number="58" hits="88" branch="False" />
              </lines>
            </method>
          </methods>
          <lines>
            <line number="13" hits="67" branch="False" />
            <line number="18" hits="66" branch="False" />
            <line number="23" hits="87" branch="False" />
            <line number="28" hits="112" branch="False" />
            <line number="33" hits="66" branch="False" />
            <line number="38" hits="10" branch="False" />
            <line number="43" hits="70" branch="False" />
            <line number="48" hits="66" branch="False" />
            <line number="53" hits="66" branch="False" />
            <line number="58" hits="88" branch="False" />
          </lines>
        </class>
        <class name="Encina.Kafka.KafkaDeliveryResult" filename="IKafkaMessagePublisher.cs" line-rate="1" branch-rate="1" complexity="5">
          <methods>
            <method name="get_Topic" signature="()" line-rate="1" branch-rate="1" complexity="1">
              <lines>
                <line number="67" hits="4" branch="False" />
              </lines>
            </method>
            <method name="get_Partition" signature="()" line-rate="1" branch-rate="1" complexity="1">
              <lines>
                <line number="68" hits="3" branch="False" />
              </lines>
            </method>
            <method name="get_Offset" signature="()" line-rate="1" branch-rate="1" complexity="1">
              <lines>
                <line number="69" hits="3" branch="False" />
              </lines>
            </method>
            <method name="get_Timestamp" signature="()" line-rate="1" branch-rate="1" complexity="1">
              <lines>
                <line number="70" hits="22" branch="False" />
              </lines>
            </method>
            <method name=".ctor" signature="(System.String,System.Int32,System.Int64,System.DateTimeOffset)" line-rate="1" branch-rate="1" complexity="1">
              <lines>
                <line number="66" hits="22" branch="False" />
              </lines>
            </method>
          </methods>
          <lines>
            <line number="67" hits="4" branch="False" />
            <line number="68" hits="3" branch="False" />
            <line number="69" hits="3" branch="False" />
            <line number="70" hits="22" branch="False" />
            <line number="66" hits="22" branch="False" />
          </lines>
        </class>
        <class name="Encina.Kafka.KafkaMessagePublisher" filename="KafkaMessagePublisher.cs" line-rate="1" branch-rate="1" complexity="2">
          <methods>
            <method name="Dispose" signature="()" line-rate="1" branch-rate="1" complexity="1">
              <lines>
                <line number="198" hits="1" branch="False" />
                <line number="199" hits="1" branch="False" />
                <line number="200" hits="1" branch="False" />
              </lines>
            </method>
            <method name=".ctor" signature="(Confluent.Kafka.IProducer`2&lt;System.String,System.Byte[]&gt;,Microsoft.Extensions.Logging.ILogger`1&lt;Encina.Kafka.KafkaMessagePublisher&gt;,Microsoft.Extensions.Options.IOptions`1&lt;Encina.Kafka.EncinaKafkaOptions&gt;)" line-rate="1" branch-rate="1" complexity="1">
              <lines>
                <line number="25" hits="28" branch="False" />
                <line number="26" hits="28" branch="False" />
                <line number="27" hits="28" branch="False" />
                <line number="28" hits="28" branch="False" />
                <line number="30" hits="28" branch="False" />
                <line number="31" hits="27" branch="False" />
                <line number="32" hits="26" branch="False" />
                <line number="34" hits="25" branch="False" />
                <line number="35" hits="25" branch="False" />
                <line number="36" hits="25" branch="False" />
                <line number="37" hits="25" branch="False" />
              </lines>
            </method>
          </methods>
          <lines>
            <line number="198" hits="1" branch="False" />
            <line number="199" hits="1" branch="False" />
            <line number="200" hits="1" branch="False" />
            <line number="25" hits="28" branch="False" />
            <line number="26" hits="28" branch="False" />
            <line number="27" hits="28" branch="False" />
            <line number="28" hits="28" branch="False" />
            <line number="30" hits="28" branch="False" />
            <line number="31" hits="27" branch="False" />
            <line number="32" hits="26" branch="False" />
            <line number="34" hits="25" branch="False" />
            <line number="35" hits="25" branch="False" />
            <line number="36" hits="25" branch="False" />
            <line number="37" hits="25" branch="False" />
          </lines>
        </class>
        <class name="Encina.Kafka.KafkaMessagePublisher/&lt;&gt;c__5`1" filename="KafkaMessagePublisher.cs" line-rate="0.5" branch-rate="1" complexity="2">
          <methods>
            <method name="&lt;ProduceBatchAsync&gt;b__5_0" signature="(Encina.Kafka.KafkaDeliveryResult)" line-rate="0" branch-rate="1" complexity="1">
              <lines>
                <line number="117" hits="0" branch="False" />
              </lines>
            </method>
            <method name="&lt;ProduceBatchAsync&gt;b__5_1" signature="(Encina.EncinaError)" line-rate="1" branch-rate="1" complexity="1">
              <lines>
                <line number="118" hits="2" branch="False" />
              </lines>
            </method>
          </methods>
          <lines>
            <line number="117" hits="0" branch="False" />
            <line number="118" hits="2" branch="False" />
          </lines>
        </class>
        <class name="Encina.Kafka.KafkaMessagePublisher/&lt;ProduceAsync&gt;d__4`1" filename="KafkaMessagePublisher.cs" line-rate="1" branch-rate="0.8332999999999999" complexity="6">
          <methods>
            <method name="MoveNext" signature="()" line-rate="1" branch-rate="0.8332999999999999" complexity="6">
              <lines>
                <line number="47" hits="24" branch="False" />
                <line number="49" hits="23" branch="True" condition-coverage="100% (2/2)">
                  <conditions>
                    <condition number="46" type="jump" coverage="100%" />
                  </conditions>
                </line>
                <line number="53" hits="23" branch="False" />
                <line number="55" hits="23" branch="True" condition-coverage="75% (3/4)">
                  <conditions>
                    <condition number="117" type="jump" coverage="100%" />
                    <condition number="196" type="jump" coverage="50%" />
                  </conditions>
                </line>
                <line number="56" hits="23" branch="False" />
                <line number="57" hits="23" branch="False" />
                <line number="58" hits="23" branch="False" />
                <line number="59" hits="23" branch="False" />
                <line number="60" hits="23" branch="False" />
                <line number="61" hits="23" branch="False" />
                <line number="62" hits="23" branch="False" />
                <line number="63" hits="23" branch="False" />
                <line number="65" hits="23" branch="False" />
                <line number="66" hits="23" branch="False" />
                <line number="67" hits="23" branch="False" />
                <line number="68" hits="23" branch="False" />
                <line number="70" hits="19" branch="False" />
                <line number="71" hits="19" branch="False" />
                <line number="72" hits="19" branch="False" />
                <line number="73" hits="19" branch="False" />
                <line number="74" hits="19" branch="False" />
                <line number="76" hits="19" branch="False" />
                <line number="77" hits="19" branch="False" />
                <line number="78" hits="19" branch="False" />
                <line number="79" hits="19" branch="False" />
                <line number="80" hits="19" branch="False" />
                <line number="81" hits="19" branch="False" />
                <line number="83" hits="4" branch="False" />
                <line number="85" hits="4" branch="False" />
                <line number="87" hits="4" branch="False" />
                <line number="88" hits="4" branch="False" />
                <line number="89" hits="4" branch="False" />
                <line number="90" hits="4" branch="False" />
                <line number="91" hits="4" branch="False" />
                <line number="93" hits="23" branch="False" />
              </lines>
            </method>
          </methods>
          <lines>
            <line number="47" hits="24" branch="False" />
            <line number="49" hits="23" branch="True" condition-coverage="100% (2/2)">
              <conditions>
                <condition number="46" type="jump" coverage="100%" />
              </conditions>
            </line>
            <line number="53" hits="23" branch="False" />
            <line number="55" hits="23" branch="True" condition-coverage="75% (3/4)">
              <conditions>
                <condition number="117" type="jump" coverage="100%" />
                <condition number="196" type="jump" coverage="50%" />
              </conditions>
            </line>
            <line number="56" hits="23" branch="False" />
            <line number="57" hits="23" branch="False" />
            <line number="58" hits="23" branch="False" />
            <line number="59" hits="23" branch="False" />
            <line number="60" hits="23" branch="False" />
            <line number="61" hits="23" branch="False" />
            <line number="62" hits="23" branch="False" />
            <line number="63" hits="23" branch="False" />
            <line number="65" hits="23" branch="False" />
            <line number="66" hits="23" branch="False" />
            <line number="67" hits="23" branch="False" />
            <line number="68" hits="23" branch="False" />
            <line number="70" hits="19" branch="False" />
            <line number="71" hits="19" branch="False" />
            <line number="72" hits="19" branch="False" />
            <line number="73" hits="19" branch="False" />
            <line number="74" hits="19" branch="False" />
            <line number="76" hits="19" branch="False" />
            <line number="77" hits="19" branch="False" />
            <line number="78" hits="19" branch="False" />
            <line number="79" hits="19" branch="False" />
            <line number="80" hits="19" branch="False" />
            <line number="81" hits="19" branch="False" />
            <line number="83" hits="4" branch="False" />
            <line number="85" hits="4" branch="False" />
            <line number="87" hits="4" branch="False" />
            <line number="88" hits="4" branch="False" />
            <line number="89" hits="4" branch="False" />
            <line number="90" hits="4" branch="False" />
            <line number="91" hits="4" branch="False" />
            <line number="93" hits="23" branch="False" />
          </lines>
        </class>
        <class name="Encina.Kafka.KafkaMessagePublisher/&lt;ProduceBatchAsync&gt;d__5`1" filename="KafkaMessagePublisher.cs" line-rate="0.6111" branch-rate="1" complexity="10">
          <methods>
            <method name="MoveNext" signature="()" line-rate="0.6111" branch-rate="1" complexity="10">
              <lines>
                <line number="102" hits="6" branch="False" />
                <line number="104" hits="5" branch="True" condition-coverage="100% (2/2)">
                  <conditions>
                    <condition number="41" type="jump" coverage="100%" />
                  </conditions>
                </line>
                <line number="105" hits="5" branch="False" />
                <line number="109" hits="33" branch="True" condition-coverage="100% (2/2)">
                  <conditions>
                    <condition number="378" type="jump" coverage="100%" />
                  </conditions>
                </line>
                <line number="111" hits="12" branch="False" />
                <line number="113" hits="12" branch="True" condition-coverage="100% (2/2)">
                  <conditions>
                    <condition number="258" type="jump" coverage="100%" />
                  </conditions>
                </line>
                <line number="115" hits="1" branch="True" condition-coverage="100% (4/4)">
                  <conditions>
                    <condition number="268" type="jump" coverage="100%" />
                    <condition number="299" type="jump" coverage="100%" />
                  </conditions>
                </line>
                <line number="116" hits="1" branch="False" />
                <line number="121" hits="11" branch="False" />
                <line number="124" hits="4" branch="False" />
                <line number="126" hits="0" branch="False" />
                <line number="128" hits="0" branch="False" />
                <line number="130" hits="0" branch="False" />
                <line number="131" hits="0" branch="False" />
                <line number="132" hits="0" branch="False" />
                <line number="133" hits="0" branch="False" />
                <line number="134" hits="0" branch="False" />
                <line number="136" hits="5" branch="False" />
              </lines>
            </method>
          </methods>
          <lines>
            <line number="102" hits="6" branch="False" />
            <line number="104" hits="5" branch="True" condition-coverage="100% (2/2)">
              <conditions>
                <condition number="41" type="jump" coverage="100%" />
              </conditions>
            </line>
            <line number="105" hits="5" branch="False" />
            <line number="109" hits="33" branch="True" condition-coverage="100% (2/2)">
              <conditions>
                <condition number="378" type="jump" coverage="100%" />
              </conditions>
            </line>
            <line number="111" hits="12" branch="False" />
            <line number="113" hits="12" branch="True" condition-coverage="100% (2/2)">
              <conditions>
                <condition number="258" type="jump" coverage="100%" />
              </conditions>
            </line>
            <line number="115" hits="1" branch="True" condition-coverage="100% (4/4)">
              <conditions>
                <condition number="268" type="jump" coverage="100%" />
                <condition number="299" type="jump" coverage="100%" />
              </conditions>
            </line>
            <line number="116" hits="1" branch="False" />
            <line number="121" hits="11" branch="False" />
            <line number="124" hits="4" branch="False" />
            <line number="126" hits="0" branch="False" />
            <line number="128" hits="0" branch="False" />
            <line number="130" hits="0" branch="False" />
            <line number="131" hits="0" branch="False" />
            <line number="132" hits="0" branch="False" />
            <line number="133" hits="0" branch="False" />
            <line number="134" hits="0" branch="False" />
            <line number="136" hits="5" branch="False" />
          </lines>
        </class>
        <class name="Encina.Kafka.KafkaMessagePublisher/&lt;ProduceWithHeadersAsync&gt;d__6`1" filename="KafkaMessagePublisher.cs" line-rate="1" branch-rate="0.875" complexity="8">
          <methods>
            <method name="MoveNext" signature="()" line-rate="1" branch-rate="0.875" complexity="8">
              <lines>
                <line number="147" hits="6" branch="False" />
                <line number="148" hits="5" branch="False" />
                <line number="150" hits="4" branch="True" condition-coverage="100% (2/2)">
                  <conditions>
                    <condition number="61" type="jump" coverage="100%" />
                  </conditions>
                </line>
                <line number="154" hits="4" branch="False" />
                <line number="156" hits="4" branch="False" />
                <line number="157" hits="20" branch="True" condition-coverage="100% (2/2)">
                  <conditions>
                    <condition number="180" type="jump" coverage="100%" />
                  </conditions>
                </line>
                <line number="159" hits="6" branch="False" />
                <line number="162" hits="4" branch="True" condition-coverage="50% (1/2)">
                  <conditions>
                    <condition number="228" type="jump" coverage="50%" />
                  </conditions>
                </line>
                <line number="164" hits="4" branch="True" condition-coverage="100% (2/2)">
                  <conditions>
                    <condition number="269" type="jump" coverage="100%" />
                  </conditions>
                </line>
                <line number="165" hits="4" branch="False" />
                <line number="166" hits="4" branch="False" />
                <line number="167" hits="4" branch="False" />
                <line number="168" hits="4" branch="False" />
                <line number="169" hits="4" branch="False" />
                <line number="171" hits="4" branch="False" />
                <line number="172" hits="4" branch="False" />
                <line number="173" hits="4" branch="False" />
                <line number="174" hits="4" branch="False" />
                <line number="176" hits="3" branch="False" />
                <line number="177" hits="3" branch="False" />
                <line number="178" hits="3" branch="False" />
                <line number="179" hits="3" branch="False" />
                <line number="180" hits="3" branch="False" />
                <line number="181" hits="3" branch="False" />
                <line number="183" hits="1" branch="False" />
                <line number="185" hits="1" branch="False" />
                <line number="187" hits="1" branch="False" />
                <line number="188" hits="1" branch="False" />
                <line number="189" hits="1" branch="False" />
                <line number="190" hits="1" branch="False" />
                <line number="191" hits="1" branch="False" />
                <line number="193" hits="4" branch="False" />
              </lines>
            </method>
          </methods>
          <lines>
            <line number="147" hits="6" branch="False" />
            <line number="148" hits="5" branch="False" />
            <line number="150" hits="4" branch="True" condition-coverage="100% (2/2)">
              <conditions>
                <condition number="61" type="jump" coverage="100%" />
              </conditions>
            </line>
            <line number="154" hits="4" branch="False" />
            <line number="156" hits="4" branch="False" />
            <line number="157" hits="20" branch="True" condition-coverage="100% (2/2)">
              <conditions>
                <condition number="180" type="jump" coverage="100%" />
              </conditions>
            </line>
            <line number="159" hits="6" branch="False" />
            <line number="162" hits="4" branch="True" condition-coverage="50% (1/2)">
              <conditions>
                <condition number="228" type="jump" coverage="50%" />
              </conditions>
            </line>
            <line number="164" hits="4" branch="True" condition-coverage="100% (2/2)">
              <conditions>
                <condition number="269" type="jump" coverage="100%" />
              </conditions>
            </line>
            <line number="165" hits="4" branch="False" />
            <line number="166" hits="4" branch="False" />
            <line number="167" hits="4" branch="False" />
            <line number="168" hits="4" branch="False" />
            <line number="169" hits="4" branch="False" />
            <line number="171" hits="4" branch="False" />
            <line number="172" hits="4" branch="False" />
            <line number="173" hits="4" branch="False" />
            <line number="174" hits="4" branch="False" />
            <line number="176" hits="3" branch="False" />
            <line number="177" hits="3" branch="False" />
            <line number="178" hits="3" branch="False" />
            <line number="179" hits="3" branch="False" />
            <line number="180" hits="3" branch="False" />
            <line number="181" hits="3" branch="False" />
            <line number="183" hits="1" branch="False" />
            <line number="185" hits="1" branch="False" />
            <line number="187" hits="1" branch="False" />
            <line number="188" hits="1" branch="False" />
            <line number="189" hits="1" branch="False" />
            <line number="190" hits="1" branch="False" />
            <line number="191" hits="1" branch="False" />
            <line number="193" hits="4" branch="False" />
          </lines>
        </class>
        <class name="Encina.Kafka.Log" filename="obj\Release\net10.0\Microsoft.Extensions.Logging.Generators\Microsoft.Extensions.Logging.Generators.LoggerMessageGenerator\LoggerMessage.g.cs" line-rate="0.9" branch-rate="0.8332999999999999" complexity="13">
          <methods>
            <method name="ProducingMessage" signature="(Microsoft.Extensions.Logging.ILogger,System.String,System.String)" line-rate="1" branch-rate="1" complexity="2">
              <lines>
                <line number="15" hits="23" branch="True" condition-coverage="100% (2/2)">
                  <conditions>
                    <condition number="7" type="jump" coverage="100%" />
                  </conditions>
                </line>
                <line number="17" hits="13" branch="False" />
                <line number="19" hits="23" branch="False" />
              </lines>
            </method>
            <method name="SuccessfullyProducedMessage" signature="(Microsoft.Extensions.Logging.ILogger,System.String,System.Int32,System.Int64)" line-rate="1" branch-rate="1" complexity="2">
              <lines>
                <line number="27" hits="19" branch="True" condition-coverage="100% (2/2)">
                  <conditions>
                    <condition number="7" type="jump" coverage="100%" />
                  </conditions>
                </line>
                <line number="29" hits="9" branch="False" />
                <line number="31" hits="19" branch="False" />
              </lines>
            </method>
            <method name="FailedToProduceMessage" signature="(Microsoft.Extensions.Logging.ILogger,System.Exception,System.String,System.String)" line-rate="1" branch-rate="1" complexity="2">
              <lines>
                <line number="39" hits="4" branch="True" condition-coverage="100% (2/2)">
                  <conditions>
                    <condition number="7" type="jump" coverage="100%" />
                  </conditions>
                </line>
                <line number="41" hits="4" branch="False" />
                <line number="43" hits="4" branch="False" />
              </lines>
            </method>
            <method name="FailedToProduceBatch" signature="(Microsoft.Extensions.Logging.ILogger,System.Exception,System.String)" line-rate="0" branch-rate="0" complexity="2">
              <lines>
                <line number="51" hits="0" branch="True" condition-coverage="0% (0/2)">
                  <conditions>
                    <condition number="7" type="jump" coverage="0%" />
                  </conditions>
                </line>
                <line number="53" hits="0" branch="False" />
                <line number="55" hits="0" branch="False" />
              </lines>
            </method>
            <method name="ProducingMessageWithHeaders" signature="(Microsoft.Extensions.Logging.ILogger,System.String,System.Int32,System.String)" line-rate="1" branch-rate="1" complexity="2">
              <lines>
                <line number="63" hits="4" branch="True" condition-coverage="100% (2/2)">
                  <conditions>
                    <condition number="7" type="jump" coverage="100%" />
                  </conditions>
                </line>
                <line number="65" hits="3" branch="False" />
                <line number="67" hits="4" branch="False" />
              </lines>
            </method>
            <method name="FailedToProduceMessageWithHeaders" signature="(Microsoft.Extensions.Logging.ILogger,System.Exception,System.String)" line-rate="1" branch-rate="1" complexity="2">
              <lines>
                <line number="75" hits="1" branch="True" condition-coverage="100% (2/2)">
                  <conditions>
                    <condition number="7" type="jump" coverage="100%" />
                  </conditions>
                </line>
                <line number="77" hits="1" branch="False" />
                <line number="79" hits="1" branch="False" />
              </lines>
            </method>
            <method name=".cctor" signature="()" line-rate="1" branch-rate="1" complexity="1">
              <lines>
                <line number="9" hits="1" branch="False" />
                <line number="10" hits="1" branch="False" />
                <line number="21" hits="1" branch="False" />
                <line number="22" hits="1" branch="False" />
                <line number="33" hits="1" branch="False" />
                <line number="34" hits="1" branch="False" />
                <line number="45" hits="1" branch="False" />
                <line number="46" hits="1" branch="False" />
                <line number="57" hits="1" branch="False" />
                <line number="58" hits="1" branch="False" />
                <line number="69" hits="1" branch="False" />
                <line number="70" hits="1" branch="False" />
              </lines>
            </method>
          </methods>
          <lines>
            <line number="15" hits="23" branch="True" condition-coverage="100% (2/2)">
              <conditions>
                <condition number="7" type="jump" coverage="100%" />
              </conditions>
            </line>
            <line number="17" hits="13" branch="False" />
            <line number="19" hits="23" branch="False" />
            <line number="27" hits="19" branch="True" condition-coverage="100% (2/2)">
              <conditions>
                <condition number="7" type="jump" coverage="100%" />
              </conditions>
            </line>
            <line number="29" hits="9" branch="False" />
            <line number="31" hits="19" branch="False" />
            <line number="39" hits="4" branch="True" condition-coverage="100% (2/2)">
              <conditions>
                <condition number="7" type="jump" coverage="100%" />
              </conditions>
            </line>
            <line number="41" hits="4" branch="False" />
            <line number="43" hits="4" branch="False" />
            <line number="51" hits="0" branch="True" condition-coverage="0% (0/2)">
              <conditions>
                <condition number="7" type="jump" coverage="0%" />
              </conditions>
            </line>
            <line number="53" hits="0" branch="False" />
            <line number="55" hits="0" branch="False" />
            <line number="63" hits="4" branch="True" condition-coverage="100% (2/2)">
              <conditions>
                <condition number="7" type="jump" coverage="100%" />
              </conditions>
            </line>
            <line number="65" hits="3" branch="False" />
            <line number="67" hits="4" branch="False" />
            <line number="75" hits="1" branch="True" condition-coverage="100% (2/2)">
              <conditions>
                <condition number="7" type="jump" coverage="100%" />
              </conditions>
            </line>
            <line number="77" hits="1" branch="False" />
            <line number="79" hits="1" branch="False" />
            <line number="9" hits="1" branch="False" />
            <line number="10" hits="1" branch="False" />
            <line number="21" hits="1" branch="False" />
            <line number="22" hits="1" branch="False" />
            <line number="33" hits="1" branch="False" />
            <line number="34" hits="1" branch="False" />
            <line number="45" hits="1" branch="False" />
            <line number="46" hits="1" branch="False" />
            <line number="57" hits="1" branch="False" />
            <line number="58" hits="1" branch="False" />
            <line number="69" hits="1" branch="False" />
            <line number="70" hits="1" branch="False" />
          </lines>
        </class>
        <class name="Encina.Kafka.ServiceCollectionExtensions" filename="ServiceCollectionExtensions.cs" line-rate="0.6315" branch-rate="0.4" complexity="10">
          <methods>
            <method name="AddEncinaKafka" signature="(Microsoft.Extensions.DependencyInjection.IServiceCollection,System.Action`1&lt;Encina.Kafka.EncinaKafkaOptions&gt;)" line-rate="0.6315" branch-rate="0.4" complexity="10">
              <lines>
                <line number="24" hits="15" branch="False" />
                <line number="26" hits="14" branch="False" />
                <line number="27" hits="14" branch="True" condition-coverage="100% (2/2)">
                  <conditions>
                    <condition number="29" type="jump" coverage="100%" />
                  </conditions>
                </line>
                <line number="29" hits="14" branch="False" />
                <line number="30" hits="14" branch="False" />
                <line number="31" hits="2" branch="False" />
                <line number="32" hits="2" branch="False" />
                <line number="33" hits="2" branch="False" />
                <line number="34" hits="2" branch="False" />
                <line number="35" hits="2" branch="False" />
                <line number="36" hits="2" branch="False" />
                <line number="37" hits="2" branch="False" />
                <line number="38" hits="2" branch="False" />
                <line number="39" hits="2" branch="False" />
                <line number="40" hits="16" branch="False" />
                <line number="42" hits="14" branch="False" />
                <line number="43" hits="14" branch="False" />
                <line number="44" hits="0" branch="True" condition-coverage="0% (0/6)">
                  <conditions>
                    <condition number="48" type="jump" coverage="0%" />
                    <condition number="61" type="jump" coverage="0%" />
                    <condition number="74" type="jump" coverage="0%" />
                  </conditions>
                </line>
                <line number="45" hits="0" branch="False" />
                <line number="46" hits="0" branch="False" />
                <line number="47" hits="0" branch="False" />
                <line number="48" hits="0" branch="False" />
                <line number="49" hits="0" branch="False" />
                <line number="50" hits="0" branch="False" />
                <line number="51" hits="0" branch="False" />
                <line number="52" hits="0" branch="False" />
                <line number="53" hits="0" branch="False" />
                <line number="54" hits="0" branch="False" />
                <line number="55" hits="0" branch="False" />
                <line number="56" hits="0" branch="False" />
                <line number="57" hits="14" branch="False" />
                <line number="58" hits="0" branch="False" />
                <line number="59" hits="14" branch="False" />
                <line number="61" hits="14" branch="False" />
                <line number="64" hits="14" branch="True" condition-coverage="100% (2/2)">
                  <conditions>
                    <condition number="102" type="jump" coverage="100%" />
                  </conditions>
                </line>
                <line number="66" hits="13" branch="False" />
                <line number="67" hits="13" branch="False" />
                <line number="70" hits="14" branch="False" />
              </lines>
            </method>
          </methods>
          <lines>
            <line number="24" hits="15" branch="False" />
            <line number="26" hits="14" branch="False" />
            <line number="27" hits="14" branch="True" condition-coverage="100% (2/2)">
              <conditions>
                <condition number="29" type="jump" coverage="100%" />
              </conditions>
            </line>
            <line number="29" hits="14" branch="False" />
            <line number="30" hits="14" branch="False" />
            <line number="31" hits="2" branch="False" />
            <line number="32" hits="2" branch="False" />
            <line number="33" hits="2" branch="False" />
            <line number="34" hits="2" branch="False" />
            <line number="35" hits="2" branch="False" />
            <line number="36" hits="2" branch="False" />
            <line number="37" hits="2" branch="False" />
            <line number="38" hits="2" branch="False" />
            <line number="39" hits="2" branch="False" />
            <line number="40" hits="16" branch="False" />
            <line number="42" hits="14" branch="False" />
            <line number="43" hits="14" branch="False" />
            <line number="44" hits="0" branch="True" condition-coverage="0% (0/6)">
              <conditions>
                <condition number="48" type="jump" coverage="0%" />
                <condition number="61" type="jump" coverage="0%" />
                <condition number="74" type="jump" coverage="0%" />
              </conditions>
            </line>
            <line number="45" hits="0" branch="False" />
            <line number="46" hits="0" branch="False" />
            <line number="47" hits="0" branch="False" />
            <line number="48" hits="0" branch="False" />
            <line number="49" hits="0" branch="False" />
            <line number="50" hits="0" branch="False" />
            <line number="51" hits="0" branch="False" />
            <line number="52" hits="0" branch="False" />
            <line number="53" hits="0" branch="False" />
            <line number="54" hits="0" branch="False" />
            <line number="55" hits="0" branch="False" />
            <line number="56" hits="0" branch="False" />
            <line number="57" hits="14" branch="False" />
            <line number="58" hits="0" branch="False" />
            <line number="59" hits="14" branch="False" />
            <line number="61" hits="14" branch="False" />
            <line number="64" hits="14" branch="True" condition-coverage="100% (2/2)">
              <conditions>
                <condition number="102" type="jump" coverage="100%" />
              </conditions>
            </line>
            <line number="66" hits="13" branch="False" />
            <line number="67" hits="13" branch="False" />
            <line number="70" hits="14" branch="False" />
          </lines>
        </class>
        <class name="Encina.Kafka.Health.KafkaHealthCheck" filename="Health\KafkaHealthCheck.cs" line-rate="1" branch-rate="1" complexity="11">
          <methods>
            <method name="CheckHealthCoreAsync" signature="(System.Threading.CancellationToken)" line-rate="1" branch-rate="1" complexity="1">
              <lines>
                <line number="39" hits="29" branch="False" />
                <line number="43" hits="1" branch="False" />
                <line number="45" hits="1" branch="False" />
                <line number="47" hits="1" branch="False" />
                <line number="49" hits="1" branch="False" />
                <line number="51" hits="2" branch="False" />
              </lines>
            </method>
            <method name=".ctor" signature="(System.IServiceProvider,Encina.Messaging.Health.ProviderHealthCheckOptions)" line-rate="1" branch-rate="1" complexity="10">
              <lines>
                <line number="28" hits="388" branch="True" condition-coverage="100% (8/8)">
                  <conditions>
                    <condition number="2" type="jump" coverage="100%" />
                    <condition number="14" type="jump" coverage="100%" />
                    <condition number="23" type="jump" coverage="100%" />
                    <condition number="35" type="jump" coverage="100%" />
                  </conditions>
                </line>
                <line number="30" hits="388" branch="False" />
                <line number="31" hits="388" branch="True" condition-coverage="100% (2/2)">
                  <conditions>
                    <condition number="96" type="jump" coverage="100%" />
                  </conditions>
                </line>
                <line number="32" hits="388" branch="False" />
              </lines>
            </method>
          </methods>
          <lines>
            <line number="39" hits="29" branch="False" />
            <line number="43" hits="1" branch="False" />
            <line number="45" hits="1" branch="False" />
            <line number="47" hits="1" branch="False" />
            <line number="49" hits="1" branch="False" />
            <line number="51" hits="2" branch="False" />
            <line number="28" hits="388" branch="True" condition-coverage="100% (8/8)">
              <conditions>
                <condition number="2" type="jump" coverage="100%" />
                <condition number="14" type="jump" coverage="100%" />
                <condition number="23" type="jump" coverage="100%" />
                <condition number="35" type="jump" coverage="100%" />
              </conditions>
            </line>
            <line number="30" hits="388" branch="False" />
            <line number="31" hits="388" branch="True" condition-coverage="100% (2/2)">
              <conditions>
                <condition number="96" type="jump" coverage="100%" />
              </conditions>
            </line>
            <line number="32" hits="388" branch="False" />
          </lines>
        </class>
      </classes>
    </package>
  </packages>
</coverage>