<?xml version="1.0" encoding="utf-8"?>
<!--
  Synthetic Cobertura fixture for crap-gate.cs (issue #1346). Paired with src/SampleComplex.cs and
  sample.diff in this same folder. Hand-computed CRAP:
    Classify:    complexity=6, 0/7 lines covered -> cov=0   -> CRAP = 6^2*(1-0)^3 + 6  = 42   (exempt)
    RiskyMethod: complexity=5, 0/13 lines covered -> cov=0  -> CRAP = 5^2*(1-0)^3 + 5  = 30   (violation)
-->
<coverage line-rate="0" branch-rate="0" version="1.9" timestamp="1" lines-covered="0" lines-valid="20" branches-covered="0" branches-valid="0">
  <sources>
    <source>D:\fixture\</source>
  </sources>
  <packages>
    <package name="CrapGateFixture" line-rate="0" branch-rate="0" complexity="11">
      <classes>
        <class name="CrapGateFixture.SampleComplex" filename=".github/scripts/testdata/crap-gate/src/SampleComplex.cs" line-rate="0" branch-rate="0" complexity="11">
          <methods>
            <method name="Classify" signature="(System.Int32)" line-rate="0" branch-rate="0" complexity="6">
              <lines>
                <line number="12" hits="0" branch="False" />
                <line number="14" hits="0" branch="False" />
                <line number="15" hits="0" branch="False" />
                <line number="16" hits="0" branch="False" />
                <line number="17" hits="0" branch="False" />
                <line number="18" hits="0" branch="False" />
                <line number="19" hits="0" branch="False" />
              </lines>
            </method>
            <method name="RiskyMethod" signature="(System.Int32,System.Int32,System.Int32,System.Int32)" line-rate="0" branch-rate="0" complexity="5">
              <lines>
                <line number="25" hits="0" branch="False" />
                <line number="26" hits="0" branch="False" />
                <line number="27" hits="0" branch="False" />
                <line number="28" hits="0" branch="False" />
                <line number="29" hits="0" branch="False" />
                <line number="30" hits="0" branch="False" />
                <line number="31" hits="0" branch="False" />
                <line number="32" hits="0" branch="False" />
                <line number="33" hits="0" branch="False" />
                <line number="35" hits="0" branch="False" />
                <line number="37" hits="0" branch="False" />
                <line number="39" hits="0" branch="False" />
                <line number="41" hits="0" branch="False" />
              </lines>
            </method>
          </methods>
          <lines>
            <line number="12" hits="0" branch="False" />
            <line number="14" hits="0" branch="False" />
            <line number="15" hits="0" branch="False" />
            <line number="16" hits="0" branch="False" />
            <line number="17" hits="0" branch="False" />
            <line number="18" hits="0" branch="False" />
            <line number="19" hits="0" branch="False" />
            <line number="25" hits="0" branch="False" />
            <line number="26" hits="0" branch="False" />
            <line number="27" hits="0" branch="False" />
            <line number="28" hits="0" branch="False" />
            <line number="29" hits="0" branch="False" />
            <line number="30" hits="0" branch="False" />
            <line number="31" hits="0" branch="False" />
            <line number="32" hits="0" branch="False" />
            <line number="33" hits="0" branch="False" />
            <line number="35" hits="0" branch="False" />
            <line number="37" hits="0" branch="False" />
            <line number="39" hits="0" branch="False" />
            <line number="41" hits="0" branch="False" />
          </lines>
        </class>
      </classes>
    </package>
  </packages>
</coverage>
